{"level":"info","message":"Server is starting...","service":"eveqestudio-backend","timestamp":"2026-02-11 15:54:11"}
{"level":"info","message":"Server running on port 5000","service":"eveqestudio-backend","timestamp":"2026-02-11 15:54:11"}
{"level":"error","message":"Not Found","method":"POST","service":"eveqestudio-backend","stack":"NotFoundError: Not Found\n    at C:\\xampp\\htdocs\\eveqestudio\\3d-printer\\backend\\app.js:67:8\n    at Layer.handle [as handle_request] (C:\\xampp\\htdocs\\eveqestudio\\3d-printer\\backend\\node_modules\\express\\lib\\router\\layer.js:95:5)\n    at trim_prefix (C:\\xampp\\htdocs\\eveqestudio\\3d-printer\\backend\\node_modules\\express\\lib\\router\\index.js:317:13)\n    at C:\\xampp\\htdocs\\eveqestudio\\3d-printer\\backend\\node_modules\\express\\lib\\router\\index.js:284:7\n    at router.process_params (C:\\xampp\\htdocs\\eveqestudio\\3d-printer\\backend\\node_modules\\express\\lib\\router\\index.js:335:12)\n    at next (C:\\xampp\\htdocs\\eveqestudio\\3d-printer\\backend\\node_modules\\express\\lib\\router\\index.js:275:10)\n    at C:\\xampp\\htdocs\\eveqestudio\\3d-printer\\backend\\node_modules\\express\\lib\\router\\index.js:635:15\n    at next (C:\\xampp\\htdocs\\eveqestudio\\3d-printer\\backend\\node_modules\\express\\lib\\router\\index.js:260:14)\n    at router.handle (C:\\xampp\\htdocs\\eveqestudio\\3d-printer\\backend\\node_modules\\express\\lib\\router\\index.js:174:3)\n    at router (C:\\xampp\\htdocs\\eveqestudio\\3d-printer\\backend\\node_modules\\express\\lib\\router\\index.js:47:12)","status":404,"timestamp":"2026-02-11 15:56:15","url":"//api/coupon/apply"}
{"level":"info","message":"Server is starting...","service":"eveqestudio-backend","timestamp":"2026-02-11 16:03:33"}
{"level":"info","message":"Server running on port 5000","service":"eveqestudio-backend","timestamp":"2026-02-11 16:03:33"}
{"level":"info","message":"Server is starting...","service":"eveqestudio-backend","timestamp":"2026-02-11 16:34:30"}
{"level":"info","message":"Server running on port 5000","service":"eveqestudio-backend","timestamp":"2026-02-11 16:34:30"}
{"level":"info","message":"Server is starting...","service":"eveqestudio-backend","timestamp":"2026-02-11 16:35:24"}
{"level":"info","message":"Server running on port 5000","service":"eveqestudio-backend","timestamp":"2026-02-11 16:35:24"}
{"level":"info","message":"Server is starting...","service":"eveqestudio-backend","timestamp":"2026-02-11 16:35:50"}
{"level":"info","message":"Server running on port 5000","service":"eveqestudio-backend","timestamp":"2026-02-11 16:35:50"}
{"level":"info","message":"Server is starting...","service":"eveqestudio-backend","timestamp":"2026-02-11 16:36:35"}
{"level":"info","message":"Server running on port 5000","service":"eveqestudio-backend","timestamp":"2026-02-11 16:36:35"}
{"level":"info","message":"Server is starting...","service":"eveqestudio-backend","timestamp":"2026-02-11 16:39:11"}
{"level":"info","message":"Server running on port 5000","service":"eveqestudio-backend","timestamp":"2026-02-11 16:39:11"}
{"level":"error","message":"Expected double-quoted property name in JSON at position 87 (line 6 column 1)","method":"POST","service":"eveqestudio-backend","stack":"SyntaxError: Expected double-quoted property name in JSON at position 87 (line 6 column 1)\n    at JSON.parse (<anonymous>)\n    at parse (C:\\xampp\\htdocs\\eveqestudio\\3d-printer\\backend\\node_modules\\body-parser\\lib\\types\\json.js:89:19)\n    at C:\\xampp\\htdocs\\eveqestudio\\3d-printer\\backend\\node_modules\\body-parser\\lib\\read.js:121:18\n    at invokeCallback (C:\\xampp\\htdocs\\eveqestudio\\3d-printer\\backend\\node_modules\\raw-body\\index.js:224:16)\n    at done (C:\\xampp\\htdocs\\eveqestudio\\3d-printer\\backend\\node_modules\\raw-body\\index.js:213:7)\n    at IncomingMessage.onEnd (C:\\xampp\\htdocs\\eveqestudio\\3d-printer\\backend\\node_modules\\raw-body\\index.js:273:7)\n    at IncomingMessage.emit (node:events:508:28)\n    at endReadableNT (node:internal/streams/readable:1701:12)\n    at process.processTicksAndRejections (node:internal/process/task_queues:89:21)","status":400,"timestamp":"2026-02-11 16:40:57","url":"/api/cart/apply"}
{"level":"info","message":"Server is starting...","service":"eveqestudio-backend","timestamp":"2026-02-11 16:41:25"}
{"level":"info","message":"Server running on port 5000","service":"eveqestudio-backend","timestamp":"2026-02-11 16:41:25"}
{"level":"info","message":"Server is starting...","service":"eveqestudio-backend","timestamp":"2026-02-11 16:45:24"}
{"level":"info","message":"Server running on port 5000","service":"eveqestudio-backend","timestamp":"2026-02-11 16:45:24"}
{"level":"info","message":"Server is starting...","service":"eveqestudio-backend","timestamp":"2026-02-11 16:45:34"}
{"level":"info","message":"Server running on port 5000","service":"eveqestudio-backend","timestamp":"2026-02-11 16:45:34"}
{"level":"info","message":"Server is starting...","service":"eveqestudio-backend","timestamp":"2026-02-11 16:45:41"}
{"level":"info","message":"Server running on port 5000","service":"eveqestudio-backend","timestamp":"2026-02-11 16:45:41"}
{"level":"info","message":"Server is starting...","service":"eveqestudio-backend","timestamp":"2026-02-11 16:45:55"}
{"level":"info","message":"Server running on port 5000","service":"eveqestudio-backend","timestamp":"2026-02-11 16:45:55"}
{"level":"info","message":"Server is starting...","service":"eveqestudio-backend","timestamp":"2026-02-11 16:49:04"}
{"level":"info","message":"Server running on port 5000","service":"eveqestudio-backend","timestamp":"2026-02-11 16:49:04"}
{"level":"info","message":"Server is starting...","service":"eveqestudio-backend","timestamp":"2026-02-11 16:49:32"}
{"level":"info","message":"Server running on port 5000","service":"eveqestudio-backend","timestamp":"2026-02-11 16:49:33"}
{"level":"info","message":"Server is starting...","service":"eveqestudio-backend","timestamp":"2026-02-11 16:50:15"}
{"level":"info","message":"Server running on port 5000","service":"eveqestudio-backend","timestamp":"2026-02-11 16:50:15"}
{"level":"info","message":"Server is starting...","service":"eveqestudio-backend","timestamp":"2026-02-11 16:50:30"}
{"level":"info","message":"Server running on port 5000","service":"eveqestudio-backend","timestamp":"2026-02-11 16:50:30"}
{"level":"info","message":"Server is starting...","service":"eveqestudio-backend","timestamp":"2026-02-11 16:52:56"}
{"level":"info","message":"Server running on port 5000","service":"eveqestudio-backend","timestamp":"2026-02-11 16:52:56"}
{"level":"info","message":"Server is starting...","service":"eveqestudio-backend","timestamp":"2026-02-11 16:57:36"}
{"level":"info","message":"Server running on port 5000","service":"eveqestudio-backend","timestamp":"2026-02-11 16:57:36"}
{"level":"info","message":"Server is starting...","service":"eveqestudio-backend","timestamp":"2026-02-11 16:58:15"}
{"level":"info","message":"Server running on port 5000","service":"eveqestudio-backend","timestamp":"2026-02-11 16:58:15"}
{"level":"info","message":"Server is starting...","service":"eveqestudio-backend","timestamp":"2026-02-11 16:58:17"}
{"level":"info","message":"Server running on port 5000","service":"eveqestudio-backend","timestamp":"2026-02-11 16:58:17"}
{"level":"info","message":"Server is starting...","service":"eveqestudio-backend","timestamp":"2026-02-11 16:59:04"}
{"level":"info","message":"Server running on port 5000","service":"eveqestudio-backend","timestamp":"2026-02-11 16:59:04"}
{"level":"info","message":"Server is starting...","service":"eveqestudio-backend","timestamp":"2026-02-11 16:59:26"}
{"level":"info","message":"Server running on port 5000","service":"eveqestudio-backend","timestamp":"2026-02-11 16:59:26"}
{"level":"info","message":"Server is starting...","service":"eveqestudio-backend","timestamp":"2026-02-11 17:00:52"}
{"level":"info","message":"Server running on port 5000","service":"eveqestudio-backend","timestamp":"2026-02-11 17:00:52"}
{"level":"info","message":"Server is starting...","service":"eveqestudio-backend","timestamp":"2026-02-11 17:01:03"}
{"level":"info","message":"Server running on port 5000","service":"eveqestudio-backend","timestamp":"2026-02-11 17:01:03"}
{"level":"info","message":"Server is starting...","service":"eveqestudio-backend","timestamp":"2026-02-11 17:01:31"}
{"level":"info","message":"Server running on port 5000","service":"eveqestudio-backend","timestamp":"2026-02-11 17:01:31"}
{"level":"info","message":"Server is starting...","service":"eveqestudio-backend","timestamp":"2026-02-11 17:02:40"}
{"level":"info","message":"Server running on port 5000","service":"eveqestudio-backend","timestamp":"2026-02-11 17:02:40"}
{"level":"info","message":"Server is starting...","service":"eveqestudio-backend","timestamp":"2026-02-11 17:04:00"}
{"level":"info","message":"Server running on port 5000","service":"eveqestudio-backend","timestamp":"2026-02-11 17:04:00"}
{"level":"info","message":"Server is starting...","service":"eveqestudio-backend","timestamp":"2026-02-11 17:07:21"}
{"level":"info","message":"Server running on port 5000","service":"eveqestudio-backend","timestamp":"2026-02-11 17:07:21"}
{"level":"info","message":"Server is starting...","service":"eveqestudio-backend","timestamp":"2026-02-11 17:10:10"}
{"level":"info","message":"Server running on port 5000","service":"eveqestudio-backend","timestamp":"2026-02-11 17:10:10"}
{"level":"info","message":"Server is starting...","service":"eveqestudio-backend","timestamp":"2026-02-11 17:10:47"}
{"level":"info","message":"Server running on port 5000","service":"eveqestudio-backend","timestamp":"2026-02-11 17:10:47"}
{"level":"info","message":"Server is starting...","service":"eveqestudio-backend","timestamp":"2026-02-11 17:16:12"}
{"level":"info","message":"Server running on port 5000","service":"eveqestudio-backend","timestamp":"2026-02-11 17:16:12"}
{"level":"info","message":"Server is starting...","service":"eveqestudio-backend","timestamp":"2026-02-11 17:18:38"}
{"level":"info","message":"Server running on port 5000","service":"eveqestudio-backend","timestamp":"2026-02-11 17:18:38"}
{"level":"info","message":"Server is starting...","service":"eveqestudio-backend","timestamp":"2026-02-11 17:20:12"}
{"level":"info","message":"Server running on port 5000","service":"eveqestudio-backend","timestamp":"2026-02-11 17:20:12"}
{"level":"info","message":"Server is starting...","service":"eveqestudio-backend","timestamp":"2026-02-11 17:20:20"}
{"level":"info","message":"Server running on port 5000","service":"eveqestudio-backend","timestamp":"2026-02-11 17:20:20"}
{"level":"info","message":"Server is starting...","service":"eveqestudio-backend","timestamp":"2026-02-11 17:21:22"}
{"level":"info","message":"Server running on port 5000","service":"eveqestudio-backend","timestamp":"2026-02-11 17:21:22"}
{"level":"info","message":"Server is starting...","service":"eveqestudio-backend","timestamp":"2026-02-11 17:23:47"}
{"level":"info","message":"Server running on port 5000","service":"eveqestudio-backend","timestamp":"2026-02-11 17:23:47"}
{"level":"info","message":"Server is starting...","service":"eveqestudio-backend","timestamp":"2026-02-11 17:24:00"}
{"level":"info","message":"Server running on port 5000","service":"eveqestudio-backend","timestamp":"2026-02-11 17:24:00"}
{"level":"info","message":"Server is starting...","service":"eveqestudio-backend","timestamp":"2026-02-11 17:24:39"}
{"level":"info","message":"Server running on port 5000","service":"eveqestudio-backend","timestamp":"2026-02-11 17:24:39"}
{"level":"info","message":"Server is starting...","service":"eveqestudio-backend","timestamp":"2026-02-11 17:24:58"}
{"level":"info","message":"Server running on port 5000","service":"eveqestudio-backend","timestamp":"2026-02-11 17:24:58"}
{"level":"info","message":"Server is starting...","service":"eveqestudio-backend","timestamp":"2026-02-11 17:28:36"}
{"level":"info","message":"Server running on port 5000","service":"eveqestudio-backend","timestamp":"2026-02-11 17:28:36"}
{"level":"info","message":"Server is starting...","service":"eveqestudio-backend","timestamp":"2026-02-11 17:29:50"}
{"level":"info","message":"Server running on port 5000","service":"eveqestudio-backend","timestamp":"2026-02-11 17:29:50"}
{"level":"info","message":"Server is starting...","service":"eveqestudio-backend","timestamp":"2026-02-11 17:34:02"}
{"level":"info","message":"Server running on port 5000","service":"eveqestudio-backend","timestamp":"2026-02-11 17:34:02"}
{"level":"info","message":"Server is starting...","service":"eveqestudio-backend","timestamp":"2026-02-11 17:36:22"}
{"level":"info","message":"Server running on port 5000","service":"eveqestudio-backend","timestamp":"2026-02-11 17:36:22"}
{"level":"info","message":"Server is starting...","service":"eveqestudio-backend","timestamp":"2026-02-11 17:38:05"}
{"level":"info","message":"Server running on port 5000","service":"eveqestudio-backend","timestamp":"2026-02-11 17:38:05"}
{"level":"info","message":"Server is starting...","service":"eveqestudio-backend","timestamp":"2026-02-11 17:38:17"}
{"level":"info","message":"Server running on port 5000","service":"eveqestudio-backend","timestamp":"2026-02-11 17:38:17"}
{"level":"info","message":"Server is starting...","service":"eveqestudio-backend","timestamp":"2026-02-11 17:38:27"}
{"level":"info","message":"Server running on port 5000","service":"eveqestudio-backend","timestamp":"2026-02-11 17:38:27"}
{"level":"info","message":"Server is starting...","service":"eveqestudio-backend","timestamp":"2026-02-11 17:43:50"}
{"level":"info","message":"Server running on port 5000","service":"eveqestudio-backend","timestamp":"2026-02-11 17:43:50"}
{"level":"info","message":"Server is starting...","service":"eveqestudio-backend","timestamp":"2026-02-11 17:47:08"}
{"level":"info","message":"Server running on port 5000","service":"eveqestudio-backend","timestamp":"2026-02-11 17:47:08"}
{"level":"info","message":"Server is starting...","service":"eveqestudio-backend","timestamp":"2026-02-11 17:47:22"}
{"level":"info","message":"Server running on port 5000","service":"eveqestudio-backend","timestamp":"2026-02-11 17:47:22"}
{"level":"info","message":"Server is starting...","service":"eveqestudio-backend","timestamp":"2026-02-11 17:47:38"}
{"level":"info","message":"Server running on port 5000","service":"eveqestudio-backend","timestamp":"2026-02-11 17:47:38"}
{"level":"info","message":"Server is starting...","service":"eveqestudio-backend","timestamp":"2026-02-11 17:48:03"}
{"level":"info","message":"Server running on port 5000","service":"eveqestudio-backend","timestamp":"2026-02-11 17:48:03"}
{"level":"info","message":"Server is starting...","service":"eveqestudio-backend","timestamp":"2026-02-11 17:48:45"}
{"level":"info","message":"Server running on port 5000","service":"eveqestudio-backend","timestamp":"2026-02-11 17:48:45"}
{"level":"info","message":"Server is starting...","service":"eveqestudio-backend","timestamp":"2026-02-11 17:57:52"}
{"level":"info","message":"Server running on port 5000","service":"eveqestudio-backend","timestamp":"2026-02-11 17:57:52"}
{"level":"info","message":"Server is starting...","service":"eveqestudio-backend","timestamp":"2026-02-11 17:59:59"}
{"level":"info","message":"Server running on port 5000","service":"eveqestudio-backend","timestamp":"2026-02-11 17:59:59"}
{"level":"info","message":"Server is starting...","service":"eveqestudio-backend","timestamp":"2026-02-11 18:00:38"}
{"level":"info","message":"Server running on port 5000","service":"eveqestudio-backend","timestamp":"2026-02-11 18:00:38"}
{"level":"info","message":"Server is starting...","service":"eveqestudio-backend","timestamp":"2026-02-11 18:00:52"}
{"level":"info","message":"Server running on port 5000","service":"eveqestudio-backend","timestamp":"2026-02-11 18:00:52"}
{"level":"info","message":"Server is starting...","service":"eveqestudio-backend","timestamp":"2026-02-11 18:01:36"}
{"level":"info","message":"Server running on port 5000","service":"eveqestudio-backend","timestamp":"2026-02-11 18:01:36"}
{"level":"info","message":"Server is starting...","service":"eveqestudio-backend","timestamp":"2026-02-11 18:03:23"}
{"level":"info","message":"Server running on port 5000","service":"eveqestudio-backend","timestamp":"2026-02-11 18:03:23"}
{"level":"error","message":"Not Found","method":"GET","service":"eveqestudio-backend","stack":"NotFoundError: Not Found\n    at C:\\xampp\\htdocs\\eveqestudio\\3d-printer\\backend\\app.js:67:8\n    at Layer.handle [as handle_request] (C:\\xampp\\htdocs\\eveqestudio\\3d-printer\\backend\\node_modules\\express\\lib\\router\\layer.js:95:5)\n    at trim_prefix (C:\\xampp\\htdocs\\eveqestudio\\3d-printer\\backend\\node_modules\\express\\lib\\router\\index.js:317:13)\n    at C:\\xampp\\htdocs\\eveqestudio\\3d-printer\\backend\\node_modules\\express\\lib\\router\\index.js:284:7\n    at router.process_params (C:\\xampp\\htdocs\\eveqestudio\\3d-printer\\backend\\node_modules\\express\\lib\\router\\index.js:335:12)\n    at next (C:\\xampp\\htdocs\\eveqestudio\\3d-printer\\backend\\node_modules\\express\\lib\\router\\index.js:275:10)\n    at C:\\xampp\\htdocs\\eveqestudio\\3d-printer\\backend\\node_modules\\express\\lib\\router\\index.js:635:15\n    at next (C:\\xampp\\htdocs\\eveqestudio\\3d-printer\\backend\\node_modules\\express\\lib\\router\\index.js:260:14)\n    at router.handle (C:\\xampp\\htdocs\\eveqestudio\\3d-printer\\backend\\node_modules\\express\\lib\\router\\index.js:174:3)\n    at router (C:\\xampp\\htdocs\\eveqestudio\\3d-printer\\backend\\node_modules\\express\\lib\\router\\index.js:47:12)","status":404,"timestamp":"2026-02-11 18:07:31","url":"/api/cart"}
{"level":"error","message":"Not Found","method":"GET","service":"eveqestudio-backend","stack":"NotFoundError: Not Found\n    at C:\\xampp\\htdocs\\eveqestudio\\3d-printer\\backend\\app.js:67:8\n    at Layer.handle [as handle_request] (C:\\xampp\\htdocs\\eveqestudio\\3d-printer\\backend\\node_modules\\express\\lib\\router\\layer.js:95:5)\n    at trim_prefix (C:\\xampp\\htdocs\\eveqestudio\\3d-printer\\backend\\node_modules\\express\\lib\\router\\index.js:317:13)\n    at C:\\xampp\\htdocs\\eveqestudio\\3d-printer\\backend\\node_modules\\express\\lib\\router\\index.js:284:7\n    at router.process_params (C:\\xampp\\htdocs\\eveqestudio\\3d-printer\\backend\\node_modules\\express\\lib\\router\\index.js:335:12)\n    at next (C:\\xampp\\htdocs\\eveqestudio\\3d-printer\\backend\\node_modules\\express\\lib\\router\\index.js:275:10)\n    at C:\\xampp\\htdocs\\eveqestudio\\3d-printer\\backend\\node_modules\\express\\lib\\router\\index.js:635:15\n    at next (C:\\xampp\\htdocs\\eveqestudio\\3d-printer\\backend\\node_modules\\express\\lib\\router\\index.js:260:14)\n    at router.handle (C:\\xampp\\htdocs\\eveqestudio\\3d-printer\\backend\\node_modules\\express\\lib\\router\\index.js:174:3)\n    at router (C:\\xampp\\htdocs\\eveqestudio\\3d-printer\\backend\\node_modules\\express\\lib\\router\\index.js:47:12)","status":404,"timestamp":"2026-02-11 18:07:31","url":"/api/cart"}
{"level":"error","message":"Not Found","method":"GET","service":"eveqestudio-backend","stack":"NotFoundError: Not Found\n    at C:\\xampp\\htdocs\\eveqestudio\\3d-printer\\backend\\app.js:67:8\n    at Layer.handle [as handle_request] (C:\\xampp\\htdocs\\eveqestudio\\3d-printer\\backend\\node_modules\\express\\lib\\router\\layer.js:95:5)\n    at trim_prefix (C:\\xampp\\htdocs\\eveqestudio\\3d-printer\\backend\\node_modules\\express\\lib\\router\\index.js:317:13)\n    at C:\\xampp\\htdocs\\eveqestudio\\3d-printer\\backend\\node_modules\\express\\lib\\router\\index.js:284:7\n    at router.process_params (C:\\xampp\\htdocs\\eveqestudio\\3d-printer\\backend\\node_modules\\express\\lib\\router\\index.js:335:12)\n    at next (C:\\xampp\\htdocs\\eveqestudio\\3d-printer\\backend\\node_modules\\express\\lib\\router\\index.js:275:10)\n    at C:\\xampp\\htdocs\\eveqestudio\\3d-printer\\backend\\node_modules\\express\\lib\\router\\index.js:635:15\n    at next (C:\\xampp\\htdocs\\eveqestudio\\3d-printer\\backend\\node_modules\\express\\lib\\router\\index.js:260:14)\n    at router.handle (C:\\xampp\\htdocs\\eveqestudio\\3d-printer\\backend\\node_modules\\express\\lib\\router\\index.js:174:3)\n    at router (C:\\xampp\\htdocs\\eveqestudio\\3d-printer\\backend\\node_modules\\express\\lib\\router\\index.js:47:12)","status":404,"timestamp":"2026-02-11 18:09:27","url":"/api/cart"}
{"level":"info","message":"Server is starting...","service":"eveqestudio-backend","timestamp":"2026-02-11 18:10:25"}
{"level":"info","message":"Server running on port 5000","service":"eveqestudio-backend","timestamp":"2026-02-11 18:10:25"}
{"level":"info","message":"Server is starting...","service":"eveqestudio-backend","timestamp":"2026-02-11 18:10:38"}
{"level":"info","message":"Server running on port 5000","service":"eveqestudio-backend","timestamp":"2026-02-11 18:10:38"}
{"level":"info","message":"Server is starting...","service":"eveqestudio-backend","timestamp":"2026-02-11 18:10:50"}
{"level":"info","message":"Server running on port 5000","service":"eveqestudio-backend","timestamp":"2026-02-11 18:10:50"}
{"level":"info","message":"Server is starting...","service":"eveqestudio-backend","timestamp":"2026-02-11 18:17:05"}
{"level":"info","message":"Server running on port 5000","service":"eveqestudio-backend","timestamp":"2026-02-11 18:17:05"}
{"level":"info","message":"Server is starting...","service":"eveqestudio-backend","timestamp":"2026-02-11 18:17:51"}
{"level":"info","message":"Server running on port 5000","service":"eveqestudio-backend","timestamp":"2026-02-11 18:17:51"}
