{"level":"info","message":"Server is starting...","service":"eveqestudio-backend","timestamp":"2026-02-19 10:03:37"}
{"level":"info","message":"Server running on port 5000","service":"eveqestudio-backend","timestamp":"2026-02-19 10:03:37"}
{"level":"info","message":"Server is starting...","service":"eveqestudio-backend","timestamp":"2026-02-19 10:09:45"}
{"level":"info","message":"Server running on port 5000","service":"eveqestudio-backend","timestamp":"2026-02-19 10:09:45"}
{"level":"info","message":"Server is starting...","service":"eveqestudio-backend","timestamp":"2026-02-19 10:10:06"}
{"level":"info","message":"Server running on port 5000","service":"eveqestudio-backend","timestamp":"2026-02-19 10:10:06"}
{"level":"info","message":"Server is starting...","service":"eveqestudio-backend","timestamp":"2026-02-19 10:10:23"}
{"level":"info","message":"Server running on port 5000","service":"eveqestudio-backend","timestamp":"2026-02-19 10:10:23"}
{"level":"info","message":"Server is starting...","service":"eveqestudio-backend","timestamp":"2026-02-19 10:10:37"}
{"level":"info","message":"Server running on port 5000","service":"eveqestudio-backend","timestamp":"2026-02-19 10:10:37"}
{"level":"info","message":"Server is starting...","service":"eveqestudio-backend","timestamp":"2026-02-19 10:10:49"}
{"level":"info","message":"Server running on port 5000","service":"eveqestudio-backend","timestamp":"2026-02-19 10:10:49"}
{"level":"info","message":"Server is starting...","service":"eveqestudio-backend","timestamp":"2026-02-19 10:11:10"}
{"level":"info","message":"Server running on port 5000","service":"eveqestudio-backend","timestamp":"2026-02-19 10:11:10"}
{"level":"info","message":"Server is starting...","service":"eveqestudio-backend","timestamp":"2026-02-19 10:11:23"}
{"level":"info","message":"Server running on port 5000","service":"eveqestudio-backend","timestamp":"2026-02-19 10:11:23"}
{"level":"info","message":"Server is starting...","service":"eveqestudio-backend","timestamp":"2026-02-19 10:11:38"}
{"level":"info","message":"Server running on port 5000","service":"eveqestudio-backend","timestamp":"2026-02-19 10:11:38"}
{"level":"info","message":"Server is starting...","service":"eveqestudio-backend","timestamp":"2026-02-19 10:20:09"}
{"level":"info","message":"Server running on port 5000","service":"eveqestudio-backend","timestamp":"2026-02-19 10:20:09"}
{"level":"info","message":"Server is starting...","service":"eveqestudio-backend","timestamp":"2026-02-19 10:20:44"}
{"level":"info","message":"Server running on port 5000","service":"eveqestudio-backend","timestamp":"2026-02-19 10:20:44"}
{"level":"info","message":"Server is starting...","service":"eveqestudio-backend","timestamp":"2026-02-19 10:21:26"}
{"level":"info","message":"Server running on port 5000","service":"eveqestudio-backend","timestamp":"2026-02-19 10:21:26"}
{"level":"info","message":"Server is starting...","service":"eveqestudio-backend","timestamp":"2026-02-19 10:21:38"}
{"level":"info","message":"Server running on port 5000","service":"eveqestudio-backend","timestamp":"2026-02-19 10:21:38"}
{"level":"info","message":"Server is starting...","service":"eveqestudio-backend","timestamp":"2026-02-19 10:22:12"}
{"level":"info","message":"Server running on port 5000","service":"eveqestudio-backend","timestamp":"2026-02-19 10:22:12"}
{"level":"info","message":"Server is starting...","service":"eveqestudio-backend","timestamp":"2026-02-19 10:22:47"}
{"level":"info","message":"Server running on port 5000","service":"eveqestudio-backend","timestamp":"2026-02-19 10:22:47"}
{"level":"info","message":"Server is starting...","service":"eveqestudio-backend","timestamp":"2026-02-19 11:15:30"}
{"level":"info","message":"Server running on port 5000","service":"eveqestudio-backend","timestamp":"2026-02-19 11:15:30"}
{"level":"info","message":"Server is starting...","service":"eveqestudio-backend","timestamp":"2026-02-19 11:16:15"}
{"level":"info","message":"Server running on port 5000","service":"eveqestudio-backend","timestamp":"2026-02-19 11:16:15"}
{"level":"info","message":"Server is starting...","service":"eveqestudio-backend","timestamp":"2026-02-19 11:16:25"}
{"level":"info","message":"Server running on port 5000","service":"eveqestudio-backend","timestamp":"2026-02-19 11:16:25"}
{"level":"info","message":"Server is starting...","service":"eveqestudio-backend","timestamp":"2026-02-19 11:16:41"}
{"level":"info","message":"Server running on port 5000","service":"eveqestudio-backend","timestamp":"2026-02-19 11:16:41"}
{"level":"info","message":"Server is starting...","service":"eveqestudio-backend","timestamp":"2026-02-19 11:17:13"}
{"level":"info","message":"Server running on port 5000","service":"eveqestudio-backend","timestamp":"2026-02-19 11:17:13"}
{"level":"info","message":"Server is starting...","service":"eveqestudio-backend","timestamp":"2026-02-19 11:17:37"}
{"level":"info","message":"Server running on port 5000","service":"eveqestudio-backend","timestamp":"2026-02-19 11:17:37"}
{"level":"info","message":"Server is starting...","service":"eveqestudio-backend","timestamp":"2026-02-19 11:18:08"}
{"level":"info","message":"Server running on port 5000","service":"eveqestudio-backend","timestamp":"2026-02-19 11:18:08"}
{"level":"info","message":"Server is starting...","service":"eveqestudio-backend","timestamp":"2026-02-19 11:18:44"}
{"level":"info","message":"Server running on port 5000","service":"eveqestudio-backend","timestamp":"2026-02-19 11:18:44"}
{"level":"info","message":"Server is starting...","service":"eveqestudio-backend","timestamp":"2026-02-19 11:19:18"}
{"level":"info","message":"Server running on port 5000","service":"eveqestudio-backend","timestamp":"2026-02-19 11:19:18"}
{"level":"info","message":"Server is starting...","service":"eveqestudio-backend","timestamp":"2026-02-19 11:19:51"}
{"level":"info","message":"Server running on port 5000","service":"eveqestudio-backend","timestamp":"2026-02-19 11:19:51"}
{"level":"info","message":"Server is starting...","service":"eveqestudio-backend","timestamp":"2026-02-19 11:20:18"}
{"level":"info","message":"Server running on port 5000","service":"eveqestudio-backend","timestamp":"2026-02-19 11:20:18"}
{"level":"info","message":"Server is starting...","service":"eveqestudio-backend","timestamp":"2026-02-19 11:20:24"}
{"level":"info","message":"Server running on port 5000","service":"eveqestudio-backend","timestamp":"2026-02-19 11:20:24"}
{"level":"info","message":"Server is starting...","service":"eveqestudio-backend","timestamp":"2026-02-19 11:20:39"}
{"level":"info","message":"Server running on port 5000","service":"eveqestudio-backend","timestamp":"2026-02-19 11:20:39"}
{"level":"info","message":"Server is starting...","service":"eveqestudio-backend","timestamp":"2026-02-19 11:21:34"}
{"level":"info","message":"Server running on port 5000","service":"eveqestudio-backend","timestamp":"2026-02-19 11:21:34"}
{"level":"info","message":"Server is starting...","service":"eveqestudio-backend","timestamp":"2026-02-19 11:23:00"}
{"level":"info","message":"Server running on port 5000","service":"eveqestudio-backend","timestamp":"2026-02-19 11:23:00"}
{"level":"info","message":"Server is starting...","service":"eveqestudio-backend","timestamp":"2026-02-19 11:26:25"}
{"level":"info","message":"Server running on port 5000","service":"eveqestudio-backend","timestamp":"2026-02-19 11:26:25"}
{"level":"info","message":"Server is starting...","service":"eveqestudio-backend","timestamp":"2026-02-19 11:26:42"}
{"level":"info","message":"Server running on port 5000","service":"eveqestudio-backend","timestamp":"2026-02-19 11:26:42"}
{"level":"info","message":"Server is starting...","service":"eveqestudio-backend","timestamp":"2026-02-19 11:26:49"}
{"level":"info","message":"Server running on port 5000","service":"eveqestudio-backend","timestamp":"2026-02-19 11:26:49"}
{"level":"info","message":"Server is starting...","service":"eveqestudio-backend","timestamp":"2026-02-19 11:26:58"}
{"level":"info","message":"Server running on port 5000","service":"eveqestudio-backend","timestamp":"2026-02-19 11:26:58"}
{"level":"info","message":"Server is starting...","service":"eveqestudio-backend","timestamp":"2026-02-19 11:27:11"}
{"level":"info","message":"Server running on port 5000","service":"eveqestudio-backend","timestamp":"2026-02-19 11:27:11"}
{"level":"info","message":"Server is starting...","service":"eveqestudio-backend","timestamp":"2026-02-19 11:31:03"}
{"level":"info","message":"Server running on port 5000","service":"eveqestudio-backend","timestamp":"2026-02-19 11:31:03"}
{"level":"info","message":"Server is starting...","service":"eveqestudio-backend","timestamp":"2026-02-19 11:31:36"}
{"level":"info","message":"Server running on port 5000","service":"eveqestudio-backend","timestamp":"2026-02-19 11:31:36"}
{"level":"info","message":"Server is starting...","service":"eveqestudio-backend","timestamp":"2026-02-19 11:43:10"}
{"level":"info","message":"Server running on port 5000","service":"eveqestudio-backend","timestamp":"2026-02-19 11:43:10"}
{"level":"info","message":"Server is starting...","service":"eveqestudio-backend","timestamp":"2026-02-19 11:43:35"}
{"level":"info","message":"Server running on port 5000","service":"eveqestudio-backend","timestamp":"2026-02-19 11:43:35"}
{"level":"info","message":"Server is starting...","service":"eveqestudio-backend","timestamp":"2026-02-19 11:44:28"}
{"level":"info","message":"Server running on port 5000","service":"eveqestudio-backend","timestamp":"2026-02-19 11:44:28"}
{"level":"info","message":"Server is starting...","service":"eveqestudio-backend","timestamp":"2026-02-19 11:46:53"}
{"level":"info","message":"Server running on port 5000","service":"eveqestudio-backend","timestamp":"2026-02-19 11:46:53"}
{"level":"info","message":"Server is starting...","service":"eveqestudio-backend","timestamp":"2026-02-19 11:48:02"}
{"level":"info","message":"Server running on port 5000","service":"eveqestudio-backend","timestamp":"2026-02-19 11:48:02"}
{"level":"info","message":"Server is starting...","service":"eveqestudio-backend","timestamp":"2026-02-19 11:49:20"}
{"level":"info","message":"Server running on port 5000","service":"eveqestudio-backend","timestamp":"2026-02-19 11:49:20"}
{"level":"info","message":"Server is starting...","service":"eveqestudio-backend","timestamp":"2026-02-19 11:50:31"}
{"level":"info","message":"Server running on port 5000","service":"eveqestudio-backend","timestamp":"2026-02-19 11:50:31"}
{"level":"info","message":"Server is starting...","service":"eveqestudio-backend","timestamp":"2026-02-19 11:53:36"}
{"level":"info","message":"Server running on port 5000","service":"eveqestudio-backend","timestamp":"2026-02-19 11:53:36"}
{"level":"info","message":"Server is starting...","service":"eveqestudio-backend","timestamp":"2026-02-19 11:53:57"}
{"level":"info","message":"Server running on port 5000","service":"eveqestudio-backend","timestamp":"2026-02-19 11:53:57"}
{"level":"info","message":"Server is starting...","service":"eveqestudio-backend","timestamp":"2026-02-19 11:54:23"}
{"level":"info","message":"Server running on port 5000","service":"eveqestudio-backend","timestamp":"2026-02-19 11:54:23"}
{"level":"info","message":"Server is starting...","service":"eveqestudio-backend","timestamp":"2026-02-19 11:55:55"}
{"level":"info","message":"Server running on port 5000","service":"eveqestudio-backend","timestamp":"2026-02-19 11:55:55"}
{"level":"info","message":"Server is starting...","service":"eveqestudio-backend","timestamp":"2026-02-19 11:59:46"}
{"level":"info","message":"Server running on port 5000","service":"eveqestudio-backend","timestamp":"2026-02-19 11:59:46"}
{"level":"error","message":"Not Found","method":"GET","service":"eveqestudio-backend","stack":"NotFoundError: Not Found\n    at C:\\xampp\\htdocs\\eveqestudio\\3d-printer\\backend\\app.js:69:8\n    at Layer.handle [as handle_request] (C:\\xampp\\htdocs\\eveqestudio\\3d-printer\\backend\\node_modules\\express\\lib\\router\\layer.js:95:5)\n    at trim_prefix (C:\\xampp\\htdocs\\eveqestudio\\3d-printer\\backend\\node_modules\\express\\lib\\router\\index.js:317:13)\n    at C:\\xampp\\htdocs\\eveqestudio\\3d-printer\\backend\\node_modules\\express\\lib\\router\\index.js:284:7\n    at router.process_params (C:\\xampp\\htdocs\\eveqestudio\\3d-printer\\backend\\node_modules\\express\\lib\\router\\index.js:335:12)\n    at next (C:\\xampp\\htdocs\\eveqestudio\\3d-printer\\backend\\node_modules\\express\\lib\\router\\index.js:275:10)\n    at C:\\xampp\\htdocs\\eveqestudio\\3d-printer\\backend\\node_modules\\express\\lib\\router\\index.js:635:15\n    at next (C:\\xampp\\htdocs\\eveqestudio\\3d-printer\\backend\\node_modules\\express\\lib\\router\\index.js:260:14)\n    at router.handle (C:\\xampp\\htdocs\\eveqestudio\\3d-printer\\backend\\node_modules\\express\\lib\\router\\index.js:174:3)\n    at router (C:\\xampp\\htdocs\\eveqestudio\\3d-printer\\backend\\node_modules\\express\\lib\\router\\index.js:47:12)","status":404,"timestamp":"2026-02-19 12:15:47","url":"/api/bxgycoupon/all"}
{"level":"error","message":"Not Found","method":"GET","service":"eveqestudio-backend","stack":"NotFoundError: Not Found\n    at C:\\xampp\\htdocs\\eveqestudio\\3d-printer\\backend\\app.js:69:8\n    at Layer.handle [as handle_request] (C:\\xampp\\htdocs\\eveqestudio\\3d-printer\\backend\\node_modules\\express\\lib\\router\\layer.js:95:5)\n    at trim_prefix (C:\\xampp\\htdocs\\eveqestudio\\3d-printer\\backend\\node_modules\\express\\lib\\router\\index.js:317:13)\n    at C:\\xampp\\htdocs\\eveqestudio\\3d-printer\\backend\\node_modules\\express\\lib\\router\\index.js:284:7\n    at router.process_params (C:\\xampp\\htdocs\\eveqestudio\\3d-printer\\backend\\node_modules\\express\\lib\\router\\index.js:335:12)\n    at next (C:\\xampp\\htdocs\\eveqestudio\\3d-printer\\backend\\node_modules\\express\\lib\\router\\index.js:275:10)\n    at C:\\xampp\\htdocs\\eveqestudio\\3d-printer\\backend\\node_modules\\express\\lib\\router\\index.js:635:15\n    at next (C:\\xampp\\htdocs\\eveqestudio\\3d-printer\\backend\\node_modules\\express\\lib\\router\\index.js:260:14)\n    at router.handle (C:\\xampp\\htdocs\\eveqestudio\\3d-printer\\backend\\node_modules\\express\\lib\\router\\index.js:174:3)\n    at router (C:\\xampp\\htdocs\\eveqestudio\\3d-printer\\backend\\node_modules\\express\\lib\\router\\index.js:47:12)","status":404,"timestamp":"2026-02-19 12:15:47","url":"/api/bxgycoupon/all"}
{"level":"error","message":"Not Found","method":"GET","service":"eveqestudio-backend","stack":"NotFoundError: Not Found\n    at C:\\xampp\\htdocs\\eveqestudio\\3d-printer\\backend\\app.js:69:8\n    at Layer.handle [as handle_request] (C:\\xampp\\htdocs\\eveqestudio\\3d-printer\\backend\\node_modules\\express\\lib\\router\\layer.js:95:5)\n    at trim_prefix (C:\\xampp\\htdocs\\eveqestudio\\3d-printer\\backend\\node_modules\\express\\lib\\router\\index.js:317:13)\n    at C:\\xampp\\htdocs\\eveqestudio\\3d-printer\\backend\\node_modules\\express\\lib\\router\\index.js:284:7\n    at router.process_params (C:\\xampp\\htdocs\\eveqestudio\\3d-printer\\backend\\node_modules\\express\\lib\\router\\index.js:335:12)\n    at next (C:\\xampp\\htdocs\\eveqestudio\\3d-printer\\backend\\node_modules\\express\\lib\\router\\index.js:275:10)\n    at C:\\xampp\\htdocs\\eveqestudio\\3d-printer\\backend\\node_modules\\express\\lib\\router\\index.js:635:15\n    at next (C:\\xampp\\htdocs\\eveqestudio\\3d-printer\\backend\\node_modules\\express\\lib\\router\\index.js:260:14)\n    at router.handle (C:\\xampp\\htdocs\\eveqestudio\\3d-printer\\backend\\node_modules\\express\\lib\\router\\index.js:174:3)\n    at router (C:\\xampp\\htdocs\\eveqestudio\\3d-printer\\backend\\node_modules\\express\\lib\\router\\index.js:47:12)","status":404,"timestamp":"2026-02-19 12:19:23","url":"/api/bxgycoupon"}
{"level":"error","message":"Not Found","method":"GET","service":"eveqestudio-backend","stack":"NotFoundError: Not Found\n    at C:\\xampp\\htdocs\\eveqestudio\\3d-printer\\backend\\app.js:69:8\n    at Layer.handle [as handle_request] (C:\\xampp\\htdocs\\eveqestudio\\3d-printer\\backend\\node_modules\\express\\lib\\router\\layer.js:95:5)\n    at trim_prefix (C:\\xampp\\htdocs\\eveqestudio\\3d-printer\\backend\\node_modules\\express\\lib\\router\\index.js:317:13)\n    at C:\\xampp\\htdocs\\eveqestudio\\3d-printer\\backend\\node_modules\\express\\lib\\router\\index.js:284:7\n    at router.process_params (C:\\xampp\\htdocs\\eveqestudio\\3d-printer\\backend\\node_modules\\express\\lib\\router\\index.js:335:12)\n    at next (C:\\xampp\\htdocs\\eveqestudio\\3d-printer\\backend\\node_modules\\express\\lib\\router\\index.js:275:10)\n    at C:\\xampp\\htdocs\\eveqestudio\\3d-printer\\backend\\node_modules\\express\\lib\\router\\index.js:635:15\n    at next (C:\\xampp\\htdocs\\eveqestudio\\3d-printer\\backend\\node_modules\\express\\lib\\router\\index.js:260:14)\n    at router.handle (C:\\xampp\\htdocs\\eveqestudio\\3d-printer\\backend\\node_modules\\express\\lib\\router\\index.js:174:3)\n    at router (C:\\xampp\\htdocs\\eveqestudio\\3d-printer\\backend\\node_modules\\express\\lib\\router\\index.js:47:12)","status":404,"timestamp":"2026-02-19 12:19:23","url":"/api/bxgycoupon"}
{"level":"error","message":"Not Found","method":"POST","service":"eveqestudio-backend","stack":"NotFoundError: Not Found\n    at C:\\xampp\\htdocs\\eveqestudio\\3d-printer\\backend\\app.js:69:8\n    at Layer.handle [as handle_request] (C:\\xampp\\htdocs\\eveqestudio\\3d-printer\\backend\\node_modules\\express\\lib\\router\\layer.js:95:5)\n    at trim_prefix (C:\\xampp\\htdocs\\eveqestudio\\3d-printer\\backend\\node_modules\\express\\lib\\router\\index.js:317:13)\n    at C:\\xampp\\htdocs\\eveqestudio\\3d-printer\\backend\\node_modules\\express\\lib\\router\\index.js:284:7\n    at router.process_params (C:\\xampp\\htdocs\\eveqestudio\\3d-printer\\backend\\node_modules\\express\\lib\\router\\index.js:335:12)\n    at next (C:\\xampp\\htdocs\\eveqestudio\\3d-printer\\backend\\node_modules\\express\\lib\\router\\index.js:275:10)\n    at C:\\xampp\\htdocs\\eveqestudio\\3d-printer\\backend\\node_modules\\express\\lib\\router\\index.js:635:15\n    at next (C:\\xampp\\htdocs\\eveqestudio\\3d-printer\\backend\\node_modules\\express\\lib\\router\\index.js:260:14)\n    at router.handle (C:\\xampp\\htdocs\\eveqestudio\\3d-printer\\backend\\node_modules\\express\\lib\\router\\index.js:174:3)\n    at router (C:\\xampp\\htdocs\\eveqestudio\\3d-printer\\backend\\node_modules\\express\\lib\\router\\index.js:47:12)","status":404,"timestamp":"2026-02-19 12:24:02","url":"/api/bxgycoupon/add"}
{"level":"error","message":"Not Found","method":"POST","service":"eveqestudio-backend","stack":"NotFoundError: Not Found\n    at C:\\xampp\\htdocs\\eveqestudio\\3d-printer\\backend\\app.js:69:8\n    at Layer.handle [as handle_request] (C:\\xampp\\htdocs\\eveqestudio\\3d-printer\\backend\\node_modules\\express\\lib\\router\\layer.js:95:5)\n    at trim_prefix (C:\\xampp\\htdocs\\eveqestudio\\3d-printer\\backend\\node_modules\\express\\lib\\router\\index.js:317:13)\n    at C:\\xampp\\htdocs\\eveqestudio\\3d-printer\\backend\\node_modules\\express\\lib\\router\\index.js:284:7\n    at router.process_params (C:\\xampp\\htdocs\\eveqestudio\\3d-printer\\backend\\node_modules\\express\\lib\\router\\index.js:335:12)\n    at next (C:\\xampp\\htdocs\\eveqestudio\\3d-printer\\backend\\node_modules\\express\\lib\\router\\index.js:275:10)\n    at C:\\xampp\\htdocs\\eveqestudio\\3d-printer\\backend\\node_modules\\express\\lib\\router\\index.js:635:15\n    at next (C:\\xampp\\htdocs\\eveqestudio\\3d-printer\\backend\\node_modules\\express\\lib\\router\\index.js:260:14)\n    at router.handle (C:\\xampp\\htdocs\\eveqestudio\\3d-printer\\backend\\node_modules\\express\\lib\\router\\index.js:174:3)\n    at router (C:\\xampp\\htdocs\\eveqestudio\\3d-printer\\backend\\node_modules\\express\\lib\\router\\index.js:47:12)","status":404,"timestamp":"2026-02-19 12:26:17","url":"/api/bxgy-coupon"}
{"level":"info","message":"Server is starting...","service":"eveqestudio-backend","timestamp":"2026-02-19 13:53:06"}
{"level":"info","message":"Server running on port 5000","service":"eveqestudio-backend","timestamp":"2026-02-19 13:53:06"}
{"level":"info","message":"Server is starting...","service":"eveqestudio-backend","timestamp":"2026-02-19 16:19:36"}
{"level":"info","message":"Server running on port 5000","service":"eveqestudio-backend","timestamp":"2026-02-19 16:19:36"}
{"level":"info","message":"Server is starting...","service":"eveqestudio-backend","timestamp":"2026-02-19 16:21:35"}
{"level":"info","message":"Server running on port 5000","service":"eveqestudio-backend","timestamp":"2026-02-19 16:21:35"}
{"level":"info","message":"Server is starting...","service":"eveqestudio-backend","timestamp":"2026-02-19 16:30:42"}
{"level":"info","message":"Server running on port 5000","service":"eveqestudio-backend","timestamp":"2026-02-19 16:30:42"}
{"level":"info","message":"Server is starting...","service":"eveqestudio-backend","timestamp":"2026-02-19 16:39:53"}
{"level":"info","message":"Server running on port 5000","service":"eveqestudio-backend","timestamp":"2026-02-19 16:39:53"}
{"level":"info","message":"Server is starting...","service":"eveqestudio-backend","timestamp":"2026-02-19 17:52:36"}
{"level":"info","message":"Server running on port 5000","service":"eveqestudio-backend","timestamp":"2026-02-19 17:52:36"}
{"level":"info","message":"Server is starting...","service":"eveqestudio-backend","timestamp":"2026-02-19 17:52:48"}
{"level":"info","message":"Server running on port 5000","service":"eveqestudio-backend","timestamp":"2026-02-19 17:52:48"}
{"level":"info","message":"Server is starting...","service":"eveqestudio-backend","timestamp":"2026-02-19 18:28:03"}
{"level":"info","message":"Server running on port 5000","service":"eveqestudio-backend","timestamp":"2026-02-19 18:28:03"}
{"level":"info","message":"Server is starting...","service":"eveqestudio-backend","timestamp":"2026-02-19 18:29:53"}
{"level":"info","message":"Server running on port 5000","service":"eveqestudio-backend","timestamp":"2026-02-19 18:29:53"}
{"level":"info","message":"Server is starting...","service":"eveqestudio-backend","timestamp":"2026-02-19 19:51:56"}
{"level":"info","message":"Server running on port 5000","service":"eveqestudio-backend","timestamp":"2026-02-19 19:51:56"}
