{"level":"info","message":"Server is starting...","service":"eveqestudio-backend","timestamp":"2026-02-17 09:53:01"}
{"level":"info","message":"Server running on port 5000","service":"eveqestudio-backend","timestamp":"2026-02-17 09:53:01"}
{"level":"info","message":"Server is starting...","service":"eveqestudio-backend","timestamp":"2026-02-17 10:38:08"}
{"level":"info","message":"Server running on port 5000","service":"eveqestudio-backend","timestamp":"2026-02-17 10:38:08"}
{"level":"error","message":"Not Found","method":"GET","service":"eveqestudio-backend","stack":"NotFoundError: Not Found\n    at C:\\xampp\\htdocs\\eveqestudio\\3d-printer\\backend\\app.js:67:8\n    at Layer.handle [as handle_request] (C:\\xampp\\htdocs\\eveqestudio\\3d-printer\\backend\\node_modules\\express\\lib\\router\\layer.js:95:5)\n    at trim_prefix (C:\\xampp\\htdocs\\eveqestudio\\3d-printer\\backend\\node_modules\\express\\lib\\router\\index.js:317:13)\n    at C:\\xampp\\htdocs\\eveqestudio\\3d-printer\\backend\\node_modules\\express\\lib\\router\\index.js:284:7\n    at router.process_params (C:\\xampp\\htdocs\\eveqestudio\\3d-printer\\backend\\node_modules\\express\\lib\\router\\index.js:335:12)\n    at next (C:\\xampp\\htdocs\\eveqestudio\\3d-printer\\backend\\node_modules\\express\\lib\\router\\index.js:275:10)\n    at C:\\xampp\\htdocs\\eveqestudio\\3d-printer\\backend\\node_modules\\express\\lib\\router\\index.js:635:15\n    at next (C:\\xampp\\htdocs\\eveqestudio\\3d-printer\\backend\\node_modules\\express\\lib\\router\\index.js:260:14)\n    at router.handle (C:\\xampp\\htdocs\\eveqestudio\\3d-printer\\backend\\node_modules\\express\\lib\\router\\index.js:174:3)\n    at router (C:\\xampp\\htdocs\\eveqestudio\\3d-printer\\backend\\node_modules\\express\\lib\\router\\index.js:47:12)","status":404,"timestamp":"2026-02-17 10:39:04","url":"/api/category/customer/categories"}
{"level":"error","message":"Not Found","method":"GET","service":"eveqestudio-backend","stack":"NotFoundError: Not Found\n    at C:\\xampp\\htdocs\\eveqestudio\\3d-printer\\backend\\app.js:67:8\n    at Layer.handle [as handle_request] (C:\\xampp\\htdocs\\eveqestudio\\3d-printer\\backend\\node_modules\\express\\lib\\router\\layer.js:95:5)\n    at trim_prefix (C:\\xampp\\htdocs\\eveqestudio\\3d-printer\\backend\\node_modules\\express\\lib\\router\\index.js:317:13)\n    at C:\\xampp\\htdocs\\eveqestudio\\3d-printer\\backend\\node_modules\\express\\lib\\router\\index.js:284:7\n    at router.process_params (C:\\xampp\\htdocs\\eveqestudio\\3d-printer\\backend\\node_modules\\express\\lib\\router\\index.js:335:12)\n    at next (C:\\xampp\\htdocs\\eveqestudio\\3d-printer\\backend\\node_modules\\express\\lib\\router\\index.js:275:10)\n    at C:\\xampp\\htdocs\\eveqestudio\\3d-printer\\backend\\node_modules\\express\\lib\\router\\index.js:635:15\n    at next (C:\\xampp\\htdocs\\eveqestudio\\3d-printer\\backend\\node_modules\\express\\lib\\router\\index.js:260:14)\n    at router.handle (C:\\xampp\\htdocs\\eveqestudio\\3d-printer\\backend\\node_modules\\express\\lib\\router\\index.js:174:3)\n    at router (C:\\xampp\\htdocs\\eveqestudio\\3d-printer\\backend\\node_modules\\express\\lib\\router\\index.js:47:12)","status":404,"timestamp":"2026-02-17 10:39:05","url":"/api/category/customer/categories"}
{"level":"error","message":"Not Found","method":"GET","service":"eveqestudio-backend","stack":"NotFoundError: Not Found\n    at C:\\xampp\\htdocs\\eveqestudio\\3d-printer\\backend\\app.js:67:8\n    at Layer.handle [as handle_request] (C:\\xampp\\htdocs\\eveqestudio\\3d-printer\\backend\\node_modules\\express\\lib\\router\\layer.js:95:5)\n    at trim_prefix (C:\\xampp\\htdocs\\eveqestudio\\3d-printer\\backend\\node_modules\\express\\lib\\router\\index.js:317:13)\n    at C:\\xampp\\htdocs\\eveqestudio\\3d-printer\\backend\\node_modules\\express\\lib\\router\\index.js:284:7\n    at router.process_params (C:\\xampp\\htdocs\\eveqestudio\\3d-printer\\backend\\node_modules\\express\\lib\\router\\index.js:335:12)\n    at next (C:\\xampp\\htdocs\\eveqestudio\\3d-printer\\backend\\node_modules\\express\\lib\\router\\index.js:275:10)\n    at C:\\xampp\\htdocs\\eveqestudio\\3d-printer\\backend\\node_modules\\express\\lib\\router\\index.js:635:15\n    at next (C:\\xampp\\htdocs\\eveqestudio\\3d-printer\\backend\\node_modules\\express\\lib\\router\\index.js:260:14)\n    at router.handle (C:\\xampp\\htdocs\\eveqestudio\\3d-printer\\backend\\node_modules\\express\\lib\\router\\index.js:174:3)\n    at router (C:\\xampp\\htdocs\\eveqestudio\\3d-printer\\backend\\node_modules\\express\\lib\\router\\index.js:47:12)","status":404,"timestamp":"2026-02-17 11:11:27","url":"/api-docs/"}
{"level":"error","message":"Not Found","method":"GET","service":"eveqestudio-backend","stack":"NotFoundError: Not Found\n    at C:\\xampp\\htdocs\\eveqestudio\\3d-printer\\backend\\app.js:67:8\n    at Layer.handle [as handle_request] (C:\\xampp\\htdocs\\eveqestudio\\3d-printer\\backend\\node_modules\\express\\lib\\router\\layer.js:95:5)\n    at trim_prefix (C:\\xampp\\htdocs\\eveqestudio\\3d-printer\\backend\\node_modules\\express\\lib\\router\\index.js:317:13)\n    at C:\\xampp\\htdocs\\eveqestudio\\3d-printer\\backend\\node_modules\\express\\lib\\router\\index.js:284:7\n    at router.process_params (C:\\xampp\\htdocs\\eveqestudio\\3d-printer\\backend\\node_modules\\express\\lib\\router\\index.js:335:12)\n    at next (C:\\xampp\\htdocs\\eveqestudio\\3d-printer\\backend\\node_modules\\express\\lib\\router\\index.js:275:10)\n    at C:\\xampp\\htdocs\\eveqestudio\\3d-printer\\backend\\node_modules\\express\\lib\\router\\index.js:635:15\n    at next (C:\\xampp\\htdocs\\eveqestudio\\3d-printer\\backend\\node_modules\\express\\lib\\router\\index.js:260:14)\n    at router.handle (C:\\xampp\\htdocs\\eveqestudio\\3d-printer\\backend\\node_modules\\express\\lib\\router\\index.js:174:3)\n    at router (C:\\xampp\\htdocs\\eveqestudio\\3d-printer\\backend\\node_modules\\express\\lib\\router\\index.js:47:12)","status":404,"timestamp":"2026-02-17 11:11:30","url":"/api-docs/"}
{"level":"info","message":"Server is starting...","service":"eveqestudio-backend","timestamp":"2026-02-17 14:39:49"}
{"level":"info","message":"Server running on port 5000","service":"eveqestudio-backend","timestamp":"2026-02-17 14:39:49"}
{"level":"info","message":"Server is starting...","service":"eveqestudio-backend","timestamp":"2026-02-17 14:40:03"}
{"level":"info","message":"Server running on port 5000","service":"eveqestudio-backend","timestamp":"2026-02-17 14:40:03"}
{"level":"info","message":"Server is starting...","service":"eveqestudio-backend","timestamp":"2026-02-17 14:40:23"}
{"level":"info","message":"Server running on port 5000","service":"eveqestudio-backend","timestamp":"2026-02-17 14:40:23"}
{"level":"info","message":"Server is starting...","service":"eveqestudio-backend","timestamp":"2026-02-17 14:40:52"}
{"level":"info","message":"Server running on port 5000","service":"eveqestudio-backend","timestamp":"2026-02-17 14:40:52"}
{"level":"info","message":"Server is starting...","service":"eveqestudio-backend","timestamp":"2026-02-17 14:44:26"}
{"level":"info","message":"Server running on port 5000","service":"eveqestudio-backend","timestamp":"2026-02-17 14:44:26"}
{"level":"info","message":"Server is starting...","service":"eveqestudio-backend","timestamp":"2026-02-17 14:46:11"}
{"level":"info","message":"Server running on port 5000","service":"eveqestudio-backend","timestamp":"2026-02-17 14:46:11"}
{"level":"info","message":"Server is starting...","service":"eveqestudio-backend","timestamp":"2026-02-17 14:47:36"}
{"level":"info","message":"Server running on port 5000","service":"eveqestudio-backend","timestamp":"2026-02-17 14:47:36"}
{"level":"info","message":"Server is starting...","service":"eveqestudio-backend","timestamp":"2026-02-17 14:48:21"}
{"level":"info","message":"Server running on port 5000","service":"eveqestudio-backend","timestamp":"2026-02-17 14:48:21"}
{"level":"info","message":"Server is starting...","service":"eveqestudio-backend","timestamp":"2026-02-17 14:56:27"}
{"level":"info","message":"Server running on port 5000","service":"eveqestudio-backend","timestamp":"2026-02-17 14:56:27"}
{"level":"info","message":"Server is starting...","service":"eveqestudio-backend","timestamp":"2026-02-17 14:57:17"}
{"level":"info","message":"Server running on port 5000","service":"eveqestudio-backend","timestamp":"2026-02-17 14:57:17"}
{"level":"info","message":"Server is starting...","service":"eveqestudio-backend","timestamp":"2026-02-17 14:59:49"}
{"level":"info","message":"Server running on port 5000","service":"eveqestudio-backend","timestamp":"2026-02-17 14:59:49"}
{"level":"info","message":"Server is starting...","service":"eveqestudio-backend","timestamp":"2026-02-17 15:00:23"}
{"level":"info","message":"Server running on port 5000","service":"eveqestudio-backend","timestamp":"2026-02-17 15:00:23"}
{"level":"info","message":"Server is starting...","service":"eveqestudio-backend","timestamp":"2026-02-17 15:03:31"}
{"level":"info","message":"Server running on port 5000","service":"eveqestudio-backend","timestamp":"2026-02-17 15:03:31"}
{"level":"error","message":"Cannot read properties of null (reading '1')","method":"POST","service":"eveqestudio-backend","stack":"TypeError: Cannot read properties of null (reading '1')\n    at firstchar (C:\\xampp\\htdocs\\eveqestudio\\3d-printer\\backend\\node_modules\\body-parser\\lib\\types\\json.js:176:37)\n    at parse (C:\\xampp\\htdocs\\eveqestudio\\3d-printer\\backend\\node_modules\\body-parser\\lib\\types\\json.js:79:19)\n    at C:\\xampp\\htdocs\\eveqestudio\\3d-printer\\backend\\node_modules\\body-parser\\lib\\read.js:121:18\n    at invokeCallback (C:\\xampp\\htdocs\\eveqestudio\\3d-printer\\backend\\node_modules\\raw-body\\index.js:224:16)\n    at done (C:\\xampp\\htdocs\\eveqestudio\\3d-printer\\backend\\node_modules\\raw-body\\index.js:213:7)\n    at IncomingMessage.onEnd (C:\\xampp\\htdocs\\eveqestudio\\3d-printer\\backend\\node_modules\\raw-body\\index.js:273:7)\n    at IncomingMessage.emit (node:events:508:28)\n    at endReadableNT (node:internal/streams/readable:1701:12)\n    at process.processTicksAndRejections (node:internal/process/task_queues:89:21)","status":400,"timestamp":"2026-02-17 15:05:53","url":"/api/coupon"}
{"level":"error","message":"Not Found","method":"POST","service":"eveqestudio-backend","stack":"NotFoundError: Not Found\n    at C:\\xampp\\htdocs\\eveqestudio\\3d-printer\\backend\\app.js:67:8\n    at Layer.handle [as handle_request] (C:\\xampp\\htdocs\\eveqestudio\\3d-printer\\backend\\node_modules\\express\\lib\\router\\layer.js:95:5)\n    at trim_prefix (C:\\xampp\\htdocs\\eveqestudio\\3d-printer\\backend\\node_modules\\express\\lib\\router\\index.js:317:13)\n    at C:\\xampp\\htdocs\\eveqestudio\\3d-printer\\backend\\node_modules\\express\\lib\\router\\index.js:284:7\n    at router.process_params (C:\\xampp\\htdocs\\eveqestudio\\3d-printer\\backend\\node_modules\\express\\lib\\router\\index.js:335:12)\n    at next (C:\\xampp\\htdocs\\eveqestudio\\3d-printer\\backend\\node_modules\\express\\lib\\router\\index.js:275:10)\n    at C:\\xampp\\htdocs\\eveqestudio\\3d-printer\\backend\\node_modules\\express\\lib\\router\\index.js:635:15\n    at next (C:\\xampp\\htdocs\\eveqestudio\\3d-printer\\backend\\node_modules\\express\\lib\\router\\index.js:260:14)\n    at router.handle (C:\\xampp\\htdocs\\eveqestudio\\3d-printer\\backend\\node_modules\\express\\lib\\router\\index.js:174:3)\n    at router (C:\\xampp\\htdocs\\eveqestudio\\3d-printer\\backend\\node_modules\\express\\lib\\router\\index.js:47:12)","status":404,"timestamp":"2026-02-17 15:07:01","url":"/api/coupon"}
{"level":"info","message":"Server is starting...","service":"eveqestudio-backend","timestamp":"2026-02-17 15:19:44"}
{"level":"info","message":"Server running on port 5000","service":"eveqestudio-backend","timestamp":"2026-02-17 15:19:44"}
{"level":"info","message":"Server is starting...","service":"eveqestudio-backend","timestamp":"2026-02-17 15:58:11"}
{"level":"info","message":"Server running on port 5000","service":"eveqestudio-backend","timestamp":"2026-02-17 15:58:11"}
{"level":"info","message":"Server is starting...","service":"eveqestudio-backend","timestamp":"2026-02-17 16:01:36"}
{"level":"info","message":"Server running on port 5000","service":"eveqestudio-backend","timestamp":"2026-02-17 16:01:36"}
{"level":"info","message":"Server is starting...","service":"eveqestudio-backend","timestamp":"2026-02-17 16:01:51"}
{"level":"info","message":"Server running on port 5000","service":"eveqestudio-backend","timestamp":"2026-02-17 16:01:51"}
