{"level":"info","message":"Server is starting...","service":"eveqestudio-backend","timestamp":"2026-03-03 09:41:15"}
{"level":"info","message":"Server running on port 5000","service":"eveqestudio-backend","timestamp":"2026-03-03 09:41:15"}
{"level":"http","message":"\u001b[0mOPTIONS /api/bxgy-coupon \u001b[32m204 \u001b[0m2.966 ms - 0\u001b[0m","service":"eveqestudio-backend","timestamp":"2026-03-03 09:41:37"}
{"level":"http","message":"\u001b[0mOPTIONS /api/bxgy-coupon \u001b[32m204 \u001b[0m0.654 ms - 0\u001b[0m","service":"eveqestudio-backend","timestamp":"2026-03-03 09:41:37"}
{"level":"http","message":"\u001b[0mOPTIONS /api/cart \u001b[32m204 \u001b[0m0.828 ms - 0\u001b[0m","service":"eveqestudio-backend","timestamp":"2026-03-03 09:41:37"}
{"level":"http","message":"\u001b[0mOPTIONS /api/cart \u001b[32m204 \u001b[0m0.365 ms - 0\u001b[0m","service":"eveqestudio-backend","timestamp":"2026-03-03 09:41:37"}
{"level":"http","message":"\u001b[0mGET /api/coupon/all \u001b[36m304 \u001b[0m203.426 ms - -\u001b[0m","service":"eveqestudio-backend","timestamp":"2026-03-03 09:41:37"}
{"level":"http","message":"\u001b[0mGET /api/category/public \u001b[36m304 \u001b[0m185.205 ms - -\u001b[0m","service":"eveqestudio-backend","timestamp":"2026-03-03 09:41:37"}
{"level":"http","message":"\u001b[0mGET /api/reviews/public \u001b[36m304 \u001b[0m221.416 ms - -\u001b[0m","service":"eveqestudio-backend","timestamp":"2026-03-03 09:41:37"}
{"level":"http","message":"\u001b[0mGET /api/cart \u001b[36m304 \u001b[0m176.784 ms - -\u001b[0m","service":"eveqestudio-backend","timestamp":"2026-03-03 09:41:37"}
{"level":"http","message":"\u001b[0mGET /api/product/customer/products \u001b[36m304 \u001b[0m3114.577 ms - -\u001b[0m","service":"eveqestudio-backend","timestamp":"2026-03-03 09:41:40"}
{"level":"http","message":"\u001b[0mGET /api/bxgy-coupon \u001b[36m304 \u001b[0m3120.934 ms - -\u001b[0m","service":"eveqestudio-backend","timestamp":"2026-03-03 09:41:40"}
{"level":"http","message":"\u001b[0mGET /api/coupon/all \u001b[36m304 \u001b[0m2634.894 ms - -\u001b[0m","service":"eveqestudio-backend","timestamp":"2026-03-03 09:41:40"}
{"level":"http","message":"\u001b[0mGET /api/category/public \u001b[36m304 \u001b[0m2646.912 ms - -\u001b[0m","service":"eveqestudio-backend","timestamp":"2026-03-03 09:41:40"}
{"level":"http","message":"\u001b[0mGET /api/reviews/public \u001b[36m304 \u001b[0m2665.829 ms - -\u001b[0m","service":"eveqestudio-backend","timestamp":"2026-03-03 09:41:40"}
{"level":"http","message":"\u001b[0mGET /api/cart \u001b[36m304 \u001b[0m114.880 ms - -\u001b[0m","service":"eveqestudio-backend","timestamp":"2026-03-03 09:41:40"}
{"level":"http","message":"\u001b[0mGET /api/bxgy-coupon \u001b[36m304 \u001b[0m278.597 ms - -\u001b[0m","service":"eveqestudio-backend","timestamp":"2026-03-03 09:41:41"}
{"level":"http","message":"\u001b[0mGET /api/product/customer/products \u001b[36m304 \u001b[0m2935.300 ms - -\u001b[0m","service":"eveqestudio-backend","timestamp":"2026-03-03 09:41:43"}
{"level":"http","message":"\u001b[0mGET /api/category/public \u001b[36m304 \u001b[0m2723.159 ms - -\u001b[0m","service":"eveqestudio-backend","timestamp":"2026-03-03 09:41:43"}
{"level":"http","message":"\u001b[0mGET /api/reviews/product/24 \u001b[36m304 \u001b[0m65.584 ms - -\u001b[0m","service":"eveqestudio-backend","timestamp":"2026-03-03 09:41:43"}
{"level":"http","message":"\u001b[0mGET /api/reviews/product/23 \u001b[36m304 \u001b[0m69.310 ms - -\u001b[0m","service":"eveqestudio-backend","timestamp":"2026-03-03 09:41:43"}
{"level":"http","message":"\u001b[0mGET /api/reviews/product/22 \u001b[36m304 \u001b[0m75.215 ms - -\u001b[0m","service":"eveqestudio-backend","timestamp":"2026-03-03 09:41:43"}
{"level":"http","message":"\u001b[0mGET /api/reviews/product/17 \u001b[36m304 \u001b[0m49.613 ms - -\u001b[0m","service":"eveqestudio-backend","timestamp":"2026-03-03 09:41:43"}
{"level":"http","message":"\u001b[0mGET /uploads/products/1770701133074-526466174.jpg \u001b[36m304 \u001b[0m64.554 ms - -\u001b[0m","service":"eveqestudio-backend","timestamp":"2026-03-03 09:41:43"}
{"level":"http","message":"\u001b[0mGET /uploads/products/1770713353840-757535187.jpg \u001b[36m304 \u001b[0m67.154 ms - -\u001b[0m","service":"eveqestudio-backend","timestamp":"2026-03-03 09:41:43"}
{"level":"http","message":"\u001b[0mGET /uploads/products/1772016744555-725289901.png \u001b[36m304 \u001b[0m68.788 ms - -\u001b[0m","service":"eveqestudio-backend","timestamp":"2026-03-03 09:41:43"}
{"level":"http","message":"\u001b[0mGET /uploads/products/1770893351935-327085415.jpg \u001b[36m304 \u001b[0m70.862 ms - -\u001b[0m","service":"eveqestudio-backend","timestamp":"2026-03-03 09:41:43"}
{"level":"http","message":"\u001b[0mGET /uploads/products/1770701132812-623649961.jpg \u001b[36m304 \u001b[0m80.674 ms - -\u001b[0m","service":"eveqestudio-backend","timestamp":"2026-03-03 09:41:43"}
{"level":"http","message":"\u001b[0mGET /uploads/products/1772016744568-820973607.png \u001b[36m304 \u001b[0m83.699 ms - -\u001b[0m","service":"eveqestudio-backend","timestamp":"2026-03-03 09:41:43"}
{"level":"http","message":"\u001b[0mGET /api/reviews/product/21 \u001b[36m304 \u001b[0m97.066 ms - -\u001b[0m","service":"eveqestudio-backend","timestamp":"2026-03-03 09:41:43"}
{"level":"http","message":"\u001b[0mGET /uploads/products/1770699985375-234972420.jpg \u001b[36m304 \u001b[0m21.115 ms - -\u001b[0m","service":"eveqestudio-backend","timestamp":"2026-03-03 09:41:43"}
{"level":"http","message":"\u001b[0mGET /uploads/products/1770713353839-456456574.jpg \u001b[36m304 \u001b[0m22.439 ms - -\u001b[0m","service":"eveqestudio-backend","timestamp":"2026-03-03 09:41:43"}
{"level":"http","message":"\u001b[0mGET /uploads/products/1770893351934-112110058.jpg \u001b[36m304 \u001b[0m25.405 ms - -\u001b[0m","service":"eveqestudio-backend","timestamp":"2026-03-03 09:41:44"}
{"level":"http","message":"\u001b[0mGET /api/reviews/product/12 \u001b[36m304 \u001b[0m33.274 ms - -\u001b[0m","service":"eveqestudio-backend","timestamp":"2026-03-03 09:41:44"}
{"level":"http","message":"\u001b[0mGET /api/reviews/product/19 \u001b[36m304 \u001b[0m36.069 ms - -\u001b[0m","service":"eveqestudio-backend","timestamp":"2026-03-03 09:41:44"}
{"level":"http","message":"\u001b[0mGET /api/reviews/product/5 \u001b[36m304 \u001b[0m38.903 ms - -\u001b[0m","service":"eveqestudio-backend","timestamp":"2026-03-03 09:41:44"}
{"level":"http","message":"\u001b[0mGET /api/reviews/product/4 \u001b[36m304 \u001b[0m40.675 ms - -\u001b[0m","service":"eveqestudio-backend","timestamp":"2026-03-03 09:41:44"}
{"level":"http","message":"\u001b[0mGET /api/reviews/product/3 \u001b[36m304 \u001b[0m42.858 ms - -\u001b[0m","service":"eveqestudio-backend","timestamp":"2026-03-03 09:41:44"}
{"level":"http","message":"\u001b[0mGET /uploads/products/1770699985377-98704428.mp4 \u001b[36m304 \u001b[0m43.038 ms - -\u001b[0m","service":"eveqestudio-backend","timestamp":"2026-03-03 09:41:44"}
{"level":"http","message":"\u001b[0mGET /api/category/public \u001b[36m304 \u001b[0m33.161 ms - -\u001b[0m","service":"eveqestudio-backend","timestamp":"2026-03-03 09:41:44"}
{"level":"http","message":"\u001b[0mGET /api/reviews/product/24 \u001b[36m304 \u001b[0m20.056 ms - -\u001b[0m","service":"eveqestudio-backend","timestamp":"2026-03-03 09:41:44"}
{"level":"http","message":"\u001b[0mGET /api/reviews/product/23 \u001b[36m304 \u001b[0m23.211 ms - -\u001b[0m","service":"eveqestudio-backend","timestamp":"2026-03-03 09:41:44"}
{"level":"http","message":"\u001b[0mGET /api/reviews/product/22 \u001b[36m304 \u001b[0m27.410 ms - -\u001b[0m","service":"eveqestudio-backend","timestamp":"2026-03-03 09:41:44"}
{"level":"http","message":"\u001b[0mGET /api/reviews/product/17 \u001b[36m304 \u001b[0m29.146 ms - -\u001b[0m","service":"eveqestudio-backend","timestamp":"2026-03-03 09:41:44"}
{"level":"http","message":"\u001b[0mGET /api/reviews/product/21 \u001b[36m304 \u001b[0m30.807 ms - -\u001b[0m","service":"eveqestudio-backend","timestamp":"2026-03-03 09:41:44"}
{"level":"http","message":"\u001b[0mGET /api/reviews/product/12 \u001b[36m304 \u001b[0m32.194 ms - -\u001b[0m","service":"eveqestudio-backend","timestamp":"2026-03-03 09:41:44"}
{"level":"http","message":"\u001b[0mGET /api/reviews/product/19 \u001b[36m304 \u001b[0m14.373 ms - -\u001b[0m","service":"eveqestudio-backend","timestamp":"2026-03-03 09:41:44"}
{"level":"http","message":"\u001b[0mGET /api/reviews/product/5 \u001b[36m304 \u001b[0m17.115 ms - -\u001b[0m","service":"eveqestudio-backend","timestamp":"2026-03-03 09:41:44"}
{"level":"http","message":"\u001b[0mGET /api/reviews/product/4 \u001b[36m304 \u001b[0m19.654 ms - -\u001b[0m","service":"eveqestudio-backend","timestamp":"2026-03-03 09:41:44"}
{"level":"http","message":"\u001b[0mGET /api/reviews/product/3 \u001b[36m304 \u001b[0m21.491 ms - -\u001b[0m","service":"eveqestudio-backend","timestamp":"2026-03-03 09:41:44"}
{"level":"http","message":"\u001b[0mGET /api/category/public \u001b[36m304 \u001b[0m25.881 ms - -\u001b[0m","service":"eveqestudio-backend","timestamp":"2026-03-03 09:41:44"}
{"level":"http","message":"\u001b[0mGET /uploads/products/1770640100075-802217584.jpg \u001b[36m304 \u001b[0m7.424 ms - -\u001b[0m","service":"eveqestudio-backend","timestamp":"2026-03-03 09:41:44"}
{"level":"http","message":"\u001b[0mGET /uploads/products/1770640100076-415734679.webp \u001b[36m304 \u001b[0m7.845 ms - -\u001b[0m","service":"eveqestudio-backend","timestamp":"2026-03-03 09:41:44"}
{"level":"http","message":"\u001b[0mGET /uploads/products/1770640111827-393967829.jpg \u001b[36m304 \u001b[0m11.526 ms - -\u001b[0m","service":"eveqestudio-backend","timestamp":"2026-03-03 09:41:44"}
{"level":"http","message":"\u001b[0mGET /uploads/products/1770640111827-510526885.jpg \u001b[36m304 \u001b[0m11.121 ms - -\u001b[0m","service":"eveqestudio-backend","timestamp":"2026-03-03 09:41:44"}
{"level":"http","message":"\u001b[0mGET /uploads/products/1770640122887-780021415.jpg \u001b[36m304 \u001b[0m13.040 ms - -\u001b[0m","service":"eveqestudio-backend","timestamp":"2026-03-03 09:41:44"}
{"level":"http","message":"\u001b[0mGET /api/category/public \u001b[36m304 \u001b[0m20.578 ms - -\u001b[0m","service":"eveqestudio-backend","timestamp":"2026-03-03 09:41:44"}
{"level":"http","message":"\u001b[0mGET /uploads/products/1770640122887-295396351.jpg \u001b[36m304 \u001b[0m10.522 ms - -\u001b[0m","service":"eveqestudio-backend","timestamp":"2026-03-03 09:41:44"}
{"level":"http","message":"\u001b[0mGET /uploads/products/1770700985075-453253349.jpg \u001b[36m304 \u001b[0m11.626 ms - -\u001b[0m","service":"eveqestudio-backend","timestamp":"2026-03-03 09:41:44"}
{"level":"http","message":"\u001b[0mGET /uploads/products/1770700985075-180738284.jpg \u001b[36m304 \u001b[0m8.485 ms - -\u001b[0m","service":"eveqestudio-backend","timestamp":"2026-03-03 09:41:44"}
{"level":"http","message":"\u001b[0mGET /uploads/products/1770640132988-484568725.jpg \u001b[36m304 \u001b[0m10.357 ms - -\u001b[0m","service":"eveqestudio-backend","timestamp":"2026-03-03 09:41:44"}
{"level":"http","message":"\u001b[0mGET /uploads/products/1770640132988-724191272.jpg \u001b[36m304 \u001b[0m7.236 ms - -\u001b[0m","service":"eveqestudio-backend","timestamp":"2026-03-03 09:41:44"}
{"level":"http","message":"\u001b[0mGET /uploads/categories/adba1ec1-a482-4f98-98b1-5ad6c985c511.png \u001b[36m304 \u001b[0m8.047 ms - -\u001b[0m","service":"eveqestudio-backend","timestamp":"2026-03-03 09:41:44"}
{"level":"http","message":"\u001b[0mGET /uploads/categories/1108a604-7165-422d-bd9f-c4795039fef4.jpg \u001b[36m304 \u001b[0m6.829 ms - -\u001b[0m","service":"eveqestudio-backend","timestamp":"2026-03-03 09:41:44"}
{"level":"http","message":"\u001b[0mGET /uploads/categories/9c755664-289a-4fdf-9cef-368c97ee1dc7.jpg \u001b[36m304 \u001b[0m5.391 ms - -\u001b[0m","service":"eveqestudio-backend","timestamp":"2026-03-03 09:41:44"}
{"level":"http","message":"\u001b[0mGET /uploads/categories/bf946713-3129-43b9-90fe-5148796e9620.jpg \u001b[36m304 \u001b[0m6.844 ms - -\u001b[0m","service":"eveqestudio-backend","timestamp":"2026-03-03 09:41:44"}
{"level":"http","message":"\u001b[0mGET /uploads/categories/d2923d48-9ab0-4838-8f54-9002b35c7213.jpg \u001b[36m304 \u001b[0m7.481 ms - -\u001b[0m","service":"eveqestudio-backend","timestamp":"2026-03-03 09:41:44"}
{"level":"http","message":"\u001b[0mGET /uploads/categories/dada3604-d201-40c3-b93a-0669a1066148.jpg \u001b[36m304 \u001b[0m9.439 ms - -\u001b[0m","service":"eveqestudio-backend","timestamp":"2026-03-03 09:41:44"}
{"level":"http","message":"\u001b[0mGET /uploads/categories/7f65856c-1dfa-41a4-8dfb-1b69cbc48129.jpg \u001b[36m304 \u001b[0m7.786 ms - -\u001b[0m","service":"eveqestudio-backend","timestamp":"2026-03-03 09:41:44"}
{"level":"http","message":"\u001b[0mGET /uploads/categories/bc597386-f190-4858-8878-3fab97908911.jpg \u001b[36m304 \u001b[0m5.456 ms - -\u001b[0m","service":"eveqestudio-backend","timestamp":"2026-03-03 09:41:44"}
{"level":"http","message":"\u001b[0mGET /uploads/categories/bea7c1af-d465-4647-b591-3a5df513404b.jpg \u001b[36m304 \u001b[0m7.951 ms - -\u001b[0m","service":"eveqestudio-backend","timestamp":"2026-03-03 09:41:44"}
{"level":"http","message":"\u001b[0mGET /uploads/categories/729f495f-ad45-4288-8d83-d640afe47893.jpg \u001b[36m304 \u001b[0m8.555 ms - -\u001b[0m","service":"eveqestudio-backend","timestamp":"2026-03-03 09:41:44"}
{"level":"http","message":"\u001b[0mGET /uploads/categories/e3f72115-28af-4ce7-8a9c-1c0cc8d40931.jpg \u001b[36m304 \u001b[0m4.513 ms - -\u001b[0m","service":"eveqestudio-backend","timestamp":"2026-03-03 09:41:44"}
{"level":"http","message":"\u001b[0mGET /uploads/categories/4cff487a-664d-4714-bac2-bd583a536f8a.jpg \u001b[36m304 \u001b[0m5.467 ms - -\u001b[0m","service":"eveqestudio-backend","timestamp":"2026-03-03 09:41:44"}
{"level":"http","message":"\u001b[0mGET /uploads/categories/f8c13049-2922-453b-b8c4-30a6ffe810bb.webp \u001b[36m304 \u001b[0m4.878 ms - -\u001b[0m","service":"eveqestudio-backend","timestamp":"2026-03-03 09:41:44"}
{"level":"http","message":"\u001b[0mGET /api/product/customer/products \u001b[36m304 \u001b[0m1499.761 ms - -\u001b[0m","service":"eveqestudio-backend","timestamp":"2026-03-03 09:43:01"}
{"level":"http","message":"\u001b[0mGET /api/product/customer/products \u001b[36m304 \u001b[0m1275.651 ms - -\u001b[0m","service":"eveqestudio-backend","timestamp":"2026-03-03 09:43:02"}
{"level":"http","message":"\u001b[0mOPTIONS /api/bxgy-coupon \u001b[32m204 \u001b[0m0.310 ms - 0\u001b[0m","service":"eveqestudio-backend","timestamp":"2026-03-03 09:43:02"}
{"level":"http","message":"\u001b[0mGET /uploads/products/1770699985377-98704428.mp4 \u001b[36m304 \u001b[0m12.872 ms - -\u001b[0m","service":"eveqestudio-backend","timestamp":"2026-03-03 09:43:02"}
{"level":"http","message":"\u001b[0mGET /api/coupon/all \u001b[36m304 \u001b[0m12.620 ms - -\u001b[0m","service":"eveqestudio-backend","timestamp":"2026-03-03 09:43:02"}
{"level":"http","message":"\u001b[0mGET /api/category/public \u001b[36m304 \u001b[0m15.724 ms - -\u001b[0m","service":"eveqestudio-backend","timestamp":"2026-03-03 09:43:02"}
{"level":"http","message":"\u001b[0mGET /api/reviews/product/24 \u001b[36m304 \u001b[0m18.743 ms - -\u001b[0m","service":"eveqestudio-backend","timestamp":"2026-03-03 09:43:02"}
{"level":"http","message":"\u001b[0mGET /api/reviews/product/23 \u001b[36m304 \u001b[0m20.951 ms - -\u001b[0m","service":"eveqestudio-backend","timestamp":"2026-03-03 09:43:02"}
{"level":"http","message":"\u001b[0mGET /api/reviews/product/21 \u001b[36m304 \u001b[0m22.061 ms - -\u001b[0m","service":"eveqestudio-backend","timestamp":"2026-03-03 09:43:02"}
{"level":"http","message":"\u001b[0mGET /api/reviews/product/22 \u001b[36m304 \u001b[0m25.709 ms - -\u001b[0m","service":"eveqestudio-backend","timestamp":"2026-03-03 09:43:02"}
{"level":"http","message":"\u001b[0mGET /api/reviews/product/19 \u001b[36m304 \u001b[0m12.276 ms - -\u001b[0m","service":"eveqestudio-backend","timestamp":"2026-03-03 09:43:02"}
{"level":"http","message":"\u001b[0mGET /api/reviews/product/17 \u001b[36m304 \u001b[0m13.140 ms - -\u001b[0m","service":"eveqestudio-backend","timestamp":"2026-03-03 09:43:02"}
{"level":"http","message":"\u001b[0mGET /api/reviews/product/12 \u001b[36m304 \u001b[0m12.804 ms - -\u001b[0m","service":"eveqestudio-backend","timestamp":"2026-03-03 09:43:02"}
{"level":"http","message":"\u001b[0mGET /api/reviews/product/5 \u001b[36m304 \u001b[0m13.424 ms - -\u001b[0m","service":"eveqestudio-backend","timestamp":"2026-03-03 09:43:02"}
{"level":"http","message":"\u001b[0mOPTIONS /api/bxgy-coupon \u001b[32m204 \u001b[0m0.105 ms - 0\u001b[0m","service":"eveqestudio-backend","timestamp":"2026-03-03 09:43:02"}
{"level":"http","message":"\u001b[0mGET /api/reviews/product/4 \u001b[36m304 \u001b[0m23.784 ms - -\u001b[0m","service":"eveqestudio-backend","timestamp":"2026-03-03 09:43:02"}
{"level":"http","message":"\u001b[0mGET /api/reviews/product/3 \u001b[36m304 \u001b[0m8.716 ms - -\u001b[0m","service":"eveqestudio-backend","timestamp":"2026-03-03 09:43:02"}
{"level":"http","message":"\u001b[0mGET /api/coupon/all \u001b[36m304 \u001b[0m12.656 ms - -\u001b[0m","service":"eveqestudio-backend","timestamp":"2026-03-03 09:43:02"}
{"level":"http","message":"\u001b[0mGET /api/category/public \u001b[36m304 \u001b[0m17.924 ms - -\u001b[0m","service":"eveqestudio-backend","timestamp":"2026-03-03 09:43:02"}
{"level":"http","message":"\u001b[0mGET /api/reviews/product/24 \u001b[36m304 \u001b[0m26.160 ms - -\u001b[0m","service":"eveqestudio-backend","timestamp":"2026-03-03 09:43:02"}
{"level":"http","message":"\u001b[0mGET /api/bxgy-coupon \u001b[36m304 \u001b[0m32.966 ms - -\u001b[0m","service":"eveqestudio-backend","timestamp":"2026-03-03 09:43:02"}
{"level":"http","message":"\u001b[0mGET /api/reviews/product/23 \u001b[36m304 \u001b[0m27.729 ms - -\u001b[0m","service":"eveqestudio-backend","timestamp":"2026-03-03 09:43:02"}
{"level":"http","message":"\u001b[0mGET /api/reviews/product/21 \u001b[36m304 \u001b[0m24.410 ms - -\u001b[0m","service":"eveqestudio-backend","timestamp":"2026-03-03 09:43:02"}
{"level":"http","message":"\u001b[0mGET /api/reviews/product/22 \u001b[36m304 \u001b[0m26.022 ms - -\u001b[0m","service":"eveqestudio-backend","timestamp":"2026-03-03 09:43:02"}
{"level":"http","message":"\u001b[0mGET /api/reviews/product/19 \u001b[36m304 \u001b[0m29.135 ms - -\u001b[0m","service":"eveqestudio-backend","timestamp":"2026-03-03 09:43:02"}
{"level":"http","message":"\u001b[0mGET /api/reviews/product/17 \u001b[36m304 \u001b[0m25.269 ms - -\u001b[0m","service":"eveqestudio-backend","timestamp":"2026-03-03 09:43:02"}
{"level":"http","message":"\u001b[0mGET /api/reviews/product/12 \u001b[36m304 \u001b[0m35.176 ms - -\u001b[0m","service":"eveqestudio-backend","timestamp":"2026-03-03 09:43:02"}
{"level":"http","message":"\u001b[0mGET /api/reviews/product/5 \u001b[36m304 \u001b[0m21.361 ms - -\u001b[0m","service":"eveqestudio-backend","timestamp":"2026-03-03 09:43:02"}
{"level":"http","message":"\u001b[0mGET /api/reviews/product/4 \u001b[36m304 \u001b[0m24.771 ms - -\u001b[0m","service":"eveqestudio-backend","timestamp":"2026-03-03 09:43:02"}
{"level":"http","message":"\u001b[0mGET /api/reviews/product/3 \u001b[36m304 \u001b[0m19.715 ms - -\u001b[0m","service":"eveqestudio-backend","timestamp":"2026-03-03 09:43:02"}
{"level":"http","message":"\u001b[0mGET /api/category/public \u001b[36m304 \u001b[0m25.584 ms - -\u001b[0m","service":"eveqestudio-backend","timestamp":"2026-03-03 09:43:02"}
{"level":"http","message":"\u001b[0mGET /api/bxgy-coupon \u001b[36m304 \u001b[0m40.636 ms - -\u001b[0m","service":"eveqestudio-backend","timestamp":"2026-03-03 09:43:02"}
{"level":"http","message":"\u001b[0mGET /api/category/public \u001b[36m304 \u001b[0m13.541 ms - -\u001b[0m","service":"eveqestudio-backend","timestamp":"2026-03-03 09:43:02"}
{"level":"http","message":"\u001b[0mOPTIONS /api/bxgy-coupon \u001b[32m204 \u001b[0m0.177 ms - 0\u001b[0m","service":"eveqestudio-backend","timestamp":"2026-03-03 09:44:08"}
{"level":"http","message":"\u001b[0mGET /api/coupon/all \u001b[36m304 \u001b[0m20.714 ms - -\u001b[0m","service":"eveqestudio-backend","timestamp":"2026-03-03 09:44:08"}
{"level":"http","message":"\u001b[0mGET /api/category/public \u001b[36m304 \u001b[0m27.920 ms - -\u001b[0m","service":"eveqestudio-backend","timestamp":"2026-03-03 09:44:08"}
{"level":"http","message":"\u001b[0mGET /api/reviews/public \u001b[36m304 \u001b[0m38.088 ms - -\u001b[0m","service":"eveqestudio-backend","timestamp":"2026-03-03 09:44:08"}
{"level":"http","message":"\u001b[0mGET /api/product/customer/products \u001b[36m304 \u001b[0m1343.892 ms - -\u001b[0m","service":"eveqestudio-backend","timestamp":"2026-03-03 09:44:10"}
{"level":"http","message":"\u001b[0mGET /api/bxgy-coupon \u001b[36m304 \u001b[0m1347.012 ms - -\u001b[0m","service":"eveqestudio-backend","timestamp":"2026-03-03 09:44:10"}
{"level":"http","message":"\u001b[0mGET /api/coupon/all \u001b[36m304 \u001b[0m1317.056 ms - -\u001b[0m","service":"eveqestudio-backend","timestamp":"2026-03-03 09:44:10"}
{"level":"http","message":"\u001b[0mGET /api/category/public \u001b[36m304 \u001b[0m12.201 ms - -\u001b[0m","service":"eveqestudio-backend","timestamp":"2026-03-03 09:44:10"}
{"level":"http","message":"\u001b[0mGET /api/reviews/public \u001b[36m304 \u001b[0m19.902 ms - -\u001b[0m","service":"eveqestudio-backend","timestamp":"2026-03-03 09:44:10"}
{"level":"http","message":"\u001b[0mGET /api/product/customer/products \u001b[36m304 \u001b[0m1271.445 ms - -\u001b[0m","service":"eveqestudio-backend","timestamp":"2026-03-03 09:44:11"}
{"level":"http","message":"\u001b[0mGET /api/bxgy-coupon \u001b[36m304 \u001b[0m1278.574 ms - -\u001b[0m","service":"eveqestudio-backend","timestamp":"2026-03-03 09:44:11"}
{"level":"http","message":"\u001b[0mGET /api/category/public \u001b[36m304 \u001b[0m1169.504 ms - -\u001b[0m","service":"eveqestudio-backend","timestamp":"2026-03-03 09:44:11"}
{"level":"http","message":"\u001b[0mGET /api/reviews/product/24 \u001b[36m304 \u001b[0m11.518 ms - -\u001b[0m","service":"eveqestudio-backend","timestamp":"2026-03-03 09:44:11"}
{"level":"http","message":"\u001b[0mGET /api/reviews/product/23 \u001b[36m304 \u001b[0m13.902 ms - -\u001b[0m","service":"eveqestudio-backend","timestamp":"2026-03-03 09:44:11"}
{"level":"http","message":"\u001b[0mGET /uploads/products/1770699985377-98704428.mp4 \u001b[36m304 \u001b[0m11.126 ms - -\u001b[0m","service":"eveqestudio-backend","timestamp":"2026-03-03 09:44:11"}
{"level":"http","message":"\u001b[0mGET /api/reviews/product/22 \u001b[36m304 \u001b[0m15.947 ms - -\u001b[0m","service":"eveqestudio-backend","timestamp":"2026-03-03 09:44:11"}
{"level":"http","message":"\u001b[0mGET /api/reviews/product/21 \u001b[36m304 \u001b[0m19.553 ms - -\u001b[0m","service":"eveqestudio-backend","timestamp":"2026-03-03 09:44:11"}
{"level":"http","message":"\u001b[0mGET /api/reviews/product/19 \u001b[36m304 \u001b[0m14.093 ms - -\u001b[0m","service":"eveqestudio-backend","timestamp":"2026-03-03 09:44:11"}
{"level":"http","message":"\u001b[0mGET /api/reviews/product/17 \u001b[36m304 \u001b[0m9.764 ms - -\u001b[0m","service":"eveqestudio-backend","timestamp":"2026-03-03 09:44:11"}
{"level":"http","message":"\u001b[0mGET /api/reviews/product/12 \u001b[36m304 \u001b[0m10.168 ms - -\u001b[0m","service":"eveqestudio-backend","timestamp":"2026-03-03 09:44:11"}
{"level":"http","message":"\u001b[0mGET /api/reviews/product/5 \u001b[36m304 \u001b[0m10.855 ms - -\u001b[0m","service":"eveqestudio-backend","timestamp":"2026-03-03 09:44:11"}
{"level":"http","message":"\u001b[0mGET /api/reviews/product/4 \u001b[36m304 \u001b[0m5.852 ms - -\u001b[0m","service":"eveqestudio-backend","timestamp":"2026-03-03 09:44:11"}
{"level":"http","message":"\u001b[0mGET /api/reviews/product/3 \u001b[36m304 \u001b[0m4.178 ms - -\u001b[0m","service":"eveqestudio-backend","timestamp":"2026-03-03 09:44:11"}
{"level":"http","message":"\u001b[0mGET /api/category/public \u001b[36m304 \u001b[0m5.273 ms - -\u001b[0m","service":"eveqestudio-backend","timestamp":"2026-03-03 09:44:11"}
{"level":"http","message":"\u001b[0mGET /api/category/public \u001b[36m304 \u001b[0m2.393 ms - -\u001b[0m","service":"eveqestudio-backend","timestamp":"2026-03-03 09:44:11"}
{"level":"http","message":"\u001b[0mGET /api/category/public \u001b[36m304 \u001b[0m2.454 ms - -\u001b[0m","service":"eveqestudio-backend","timestamp":"2026-03-03 09:44:11"}
{"level":"http","message":"\u001b[0mGET /api/reviews/product/24 \u001b[36m304 \u001b[0m3.414 ms - -\u001b[0m","service":"eveqestudio-backend","timestamp":"2026-03-03 09:44:11"}
{"level":"http","message":"\u001b[0mGET /api/reviews/product/23 \u001b[36m304 \u001b[0m3.908 ms - -\u001b[0m","service":"eveqestudio-backend","timestamp":"2026-03-03 09:44:11"}
{"level":"http","message":"\u001b[0mGET /api/reviews/product/22 \u001b[36m304 \u001b[0m4.808 ms - -\u001b[0m","service":"eveqestudio-backend","timestamp":"2026-03-03 09:44:11"}
{"level":"http","message":"\u001b[0mGET /api/reviews/product/21 \u001b[36m304 \u001b[0m5.035 ms - -\u001b[0m","service":"eveqestudio-backend","timestamp":"2026-03-03 09:44:11"}
{"level":"http","message":"\u001b[0mGET /api/reviews/product/19 \u001b[36m304 \u001b[0m5.388 ms - -\u001b[0m","service":"eveqestudio-backend","timestamp":"2026-03-03 09:44:11"}
{"level":"http","message":"\u001b[0mGET /api/reviews/product/17 \u001b[36m304 \u001b[0m5.838 ms - -\u001b[0m","service":"eveqestudio-backend","timestamp":"2026-03-03 09:44:11"}
{"level":"http","message":"\u001b[0mGET /api/reviews/product/12 \u001b[36m304 \u001b[0m4.381 ms - -\u001b[0m","service":"eveqestudio-backend","timestamp":"2026-03-03 09:44:11"}
{"level":"http","message":"\u001b[0mGET /api/reviews/product/5 \u001b[36m304 \u001b[0m5.223 ms - -\u001b[0m","service":"eveqestudio-backend","timestamp":"2026-03-03 09:44:11"}
{"level":"http","message":"\u001b[0mGET /api/reviews/product/4 \u001b[36m304 \u001b[0m5.939 ms - -\u001b[0m","service":"eveqestudio-backend","timestamp":"2026-03-03 09:44:11"}
{"level":"http","message":"\u001b[0mGET /api/reviews/product/3 \u001b[36m304 \u001b[0m2.344 ms - -\u001b[0m","service":"eveqestudio-backend","timestamp":"2026-03-03 09:44:11"}
{"level":"http","message":"\u001b[0mGET /uploads/categories/adba1ec1-a482-4f98-98b1-5ad6c985c511.png \u001b[36m304 \u001b[0m0.834 ms - -\u001b[0m","service":"eveqestudio-backend","timestamp":"2026-03-03 09:44:11"}
{"level":"http","message":"\u001b[0mGET /uploads/categories/1108a604-7165-422d-bd9f-c4795039fef4.jpg \u001b[36m304 \u001b[0m1.136 ms - -\u001b[0m","service":"eveqestudio-backend","timestamp":"2026-03-03 09:44:11"}
{"level":"http","message":"\u001b[0mGET /uploads/categories/9c755664-289a-4fdf-9cef-368c97ee1dc7.jpg \u001b[36m304 \u001b[0m1.420 ms - -\u001b[0m","service":"eveqestudio-backend","timestamp":"2026-03-03 09:44:11"}
{"level":"http","message":"\u001b[0mGET /uploads/categories/bf946713-3129-43b9-90fe-5148796e9620.jpg \u001b[36m304 \u001b[0m0.623 ms - -\u001b[0m","service":"eveqestudio-backend","timestamp":"2026-03-03 09:44:11"}
{"level":"http","message":"\u001b[0mGET /uploads/categories/d2923d48-9ab0-4838-8f54-9002b35c7213.jpg \u001b[36m304 \u001b[0m0.995 ms - -\u001b[0m","service":"eveqestudio-backend","timestamp":"2026-03-03 09:44:11"}
{"level":"http","message":"\u001b[0mGET /uploads/categories/dada3604-d201-40c3-b93a-0669a1066148.jpg \u001b[36m304 \u001b[0m0.891 ms - -\u001b[0m","service":"eveqestudio-backend","timestamp":"2026-03-03 09:44:11"}
{"level":"http","message":"\u001b[0mGET /uploads/categories/7f65856c-1dfa-41a4-8dfb-1b69cbc48129.jpg \u001b[36m304 \u001b[0m0.462 ms - -\u001b[0m","service":"eveqestudio-backend","timestamp":"2026-03-03 09:44:11"}
{"level":"http","message":"\u001b[0mGET /uploads/categories/bc597386-f190-4858-8878-3fab97908911.jpg \u001b[36m304 \u001b[0m0.606 ms - -\u001b[0m","service":"eveqestudio-backend","timestamp":"2026-03-03 09:44:11"}
{"level":"http","message":"\u001b[0mGET /uploads/categories/bea7c1af-d465-4647-b591-3a5df513404b.jpg \u001b[36m304 \u001b[0m0.914 ms - -\u001b[0m","service":"eveqestudio-backend","timestamp":"2026-03-03 09:44:11"}
{"level":"http","message":"\u001b[0mGET /uploads/categories/729f495f-ad45-4288-8d83-d640afe47893.jpg \u001b[36m304 \u001b[0m0.557 ms - -\u001b[0m","service":"eveqestudio-backend","timestamp":"2026-03-03 09:44:11"}
{"level":"http","message":"\u001b[0mGET /uploads/categories/e3f72115-28af-4ce7-8a9c-1c0cc8d40931.jpg \u001b[36m304 \u001b[0m0.554 ms - -\u001b[0m","service":"eveqestudio-backend","timestamp":"2026-03-03 09:44:11"}
{"level":"http","message":"\u001b[0mGET /uploads/categories/4cff487a-664d-4714-bac2-bd583a536f8a.jpg \u001b[36m304 \u001b[0m0.756 ms - -\u001b[0m","service":"eveqestudio-backend","timestamp":"2026-03-03 09:44:11"}
{"level":"http","message":"\u001b[0mGET /uploads/categories/f8c13049-2922-453b-b8c4-30a6ffe810bb.webp \u001b[36m304 \u001b[0m1.079 ms - -\u001b[0m","service":"eveqestudio-backend","timestamp":"2026-03-03 09:44:11"}
{"level":"http","message":"\u001b[0mOPTIONS /api/coupon/all \u001b[32m204 \u001b[0m0.128 ms - 0\u001b[0m","service":"eveqestudio-backend","timestamp":"2026-03-03 09:44:15"}
{"level":"http","message":"\u001b[0mOPTIONS /api/coupon/all \u001b[32m204 \u001b[0m0.064 ms - 0\u001b[0m","service":"eveqestudio-backend","timestamp":"2026-03-03 09:44:15"}
{"level":"http","message":"\u001b[0mGET /api/reviews/product/24 \u001b[36m304 \u001b[0m8.151 ms - -\u001b[0m","service":"eveqestudio-backend","timestamp":"2026-03-03 09:44:15"}
{"level":"http","message":"\u001b[0mGET /api/coupon/all \u001b[36m304 \u001b[0m7.047 ms - -\u001b[0m","service":"eveqestudio-backend","timestamp":"2026-03-03 09:44:15"}
{"level":"http","message":"\u001b[0mGET /api/product/customer/24 \u001b[36m304 \u001b[0m51.026 ms - -\u001b[0m","service":"eveqestudio-backend","timestamp":"2026-03-03 09:44:15"}
{"level":"http","message":"\u001b[0mGET /api/reviews/product/24 \u001b[36m304 \u001b[0m6.246 ms - -\u001b[0m","service":"eveqestudio-backend","timestamp":"2026-03-03 09:44:15"}
{"level":"http","message":"\u001b[0mGET /api/coupon/all \u001b[36m304 \u001b[0m7.162 ms - -\u001b[0m","service":"eveqestudio-backend","timestamp":"2026-03-03 09:44:15"}
{"level":"http","message":"\u001b[0mGET /api/product/customer/24 \u001b[36m304 \u001b[0m45.233 ms - -\u001b[0m","service":"eveqestudio-backend","timestamp":"2026-03-03 09:44:15"}
{"level":"http","message":"\u001b[0mOPTIONS /api/bxgy-coupon \u001b[32m204 \u001b[0m0.065 ms - 0\u001b[0m","service":"eveqestudio-backend","timestamp":"2026-03-03 09:44:15"}
{"level":"http","message":"\u001b[0mOPTIONS /api/bxgy-coupon \u001b[32m204 \u001b[0m0.060 ms - 0\u001b[0m","service":"eveqestudio-backend","timestamp":"2026-03-03 09:44:15"}
{"level":"http","message":"\u001b[0mGET /uploads/products/1772016744571-417379261.png \u001b[36m304 \u001b[0m11.068 ms - -\u001b[0m","service":"eveqestudio-backend","timestamp":"2026-03-03 09:44:15"}
{"level":"http","message":"\u001b[0mGET /uploads/products/1772016744596-7184147.png \u001b[36m304 \u001b[0m11.763 ms - -\u001b[0m","service":"eveqestudio-backend","timestamp":"2026-03-03 09:44:15"}
{"level":"http","message":"\u001b[0mGET /uploads/products/1772016744582-88477879.png \u001b[36m304 \u001b[0m12.556 ms - -\u001b[0m","service":"eveqestudio-backend","timestamp":"2026-03-03 09:44:15"}
{"level":"http","message":"\u001b[0mGET /uploads/products/1772016744577-258438704.png \u001b[36m304 \u001b[0m10.639 ms - -\u001b[0m","service":"eveqestudio-backend","timestamp":"2026-03-03 09:44:15"}
{"level":"http","message":"\u001b[0mGET /uploads/products/1772016744586-915207236.png \u001b[36m304 \u001b[0m10.839 ms - -\u001b[0m","service":"eveqestudio-backend","timestamp":"2026-03-03 09:44:15"}
{"level":"http","message":"\u001b[0mGET /api/coupon/all \u001b[36m304 \u001b[0m16.695 ms - -\u001b[0m","service":"eveqestudio-backend","timestamp":"2026-03-03 09:44:15"}
{"level":"http","message":"\u001b[0mGET /api/category/public \u001b[36m304 \u001b[0m20.016 ms - -\u001b[0m","service":"eveqestudio-backend","timestamp":"2026-03-03 09:44:15"}
{"level":"http","message":"\u001b[0mGET /api/reviews/product/24 \u001b[36m304 \u001b[0m22.077 ms - -\u001b[0m","service":"eveqestudio-backend","timestamp":"2026-03-03 09:44:15"}
{"level":"http","message":"\u001b[0mGET /api/faqs/public \u001b[36m304 \u001b[0m25.920 ms - -\u001b[0m","service":"eveqestudio-backend","timestamp":"2026-03-03 09:44:15"}
{"level":"http","message":"\u001b[0mGET /api/product/related/24 \u001b[36m304 \u001b[0m42.837 ms - -\u001b[0m","service":"eveqestudio-backend","timestamp":"2026-03-03 09:44:15"}
{"level":"http","message":"\u001b[0mGET /api/faqs/public \u001b[36m304 \u001b[0m12.186 ms - -\u001b[0m","service":"eveqestudio-backend","timestamp":"2026-03-03 09:44:15"}
{"level":"http","message":"\u001b[0mGET /api/coupon/all \u001b[36m304 \u001b[0m19.774 ms - -\u001b[0m","service":"eveqestudio-backend","timestamp":"2026-03-03 09:44:15"}
{"level":"http","message":"\u001b[0mGET /api/category/public \u001b[36m304 \u001b[0m21.140 ms - -\u001b[0m","service":"eveqestudio-backend","timestamp":"2026-03-03 09:44:15"}
{"level":"http","message":"\u001b[0mGET /api/reviews/product/24 \u001b[36m304 \u001b[0m23.115 ms - -\u001b[0m","service":"eveqestudio-backend","timestamp":"2026-03-03 09:44:15"}
{"level":"http","message":"\u001b[0mGET /api/bxgy-coupon \u001b[36m304 \u001b[0m53.470 ms - -\u001b[0m","service":"eveqestudio-backend","timestamp":"2026-03-03 09:44:15"}
{"level":"http","message":"\u001b[0mGET /uploads/reviews/dfc09e10-1600-4a4b-b16f-caf1586bec01.png \u001b[36m304 \u001b[0m2.966 ms - -\u001b[0m","service":"eveqestudio-backend","timestamp":"2026-03-03 09:44:15"}
{"level":"http","message":"\u001b[0mGET /uploads/reviews/7fae151b-adb5-4c10-83c9-9d6950c4b9fc.jpg \u001b[36m304 \u001b[0m2.462 ms - -\u001b[0m","service":"eveqestudio-backend","timestamp":"2026-03-03 09:44:15"}
{"level":"http","message":"\u001b[0mGET /api/category/public \u001b[36m304 \u001b[0m7.035 ms - -\u001b[0m","service":"eveqestudio-backend","timestamp":"2026-03-03 09:44:15"}
{"level":"http","message":"\u001b[0mGET /uploads/reviews/ef96162e-1604-4e87-abe4-4195e489ecb1.jpg \u001b[36m304 \u001b[0m5.944 ms - -\u001b[0m","service":"eveqestudio-backend","timestamp":"2026-03-03 09:44:15"}
{"level":"http","message":"\u001b[0mGET /api/bxgy-coupon \u001b[36m304 \u001b[0m11.747 ms - -\u001b[0m","service":"eveqestudio-backend","timestamp":"2026-03-03 09:44:15"}
{"level":"http","message":"\u001b[0mGET /uploads/reviews/47f2cad3-7f31-4e55-87fd-118d0a3b8f8e.jpg \u001b[36m304 \u001b[0m2.768 ms - -\u001b[0m","service":"eveqestudio-backend","timestamp":"2026-03-03 09:44:15"}
{"level":"http","message":"\u001b[0mGET /uploads/reviews/25ff3374-5abf-4533-b88d-ad0502a60f35.png \u001b[36m304 \u001b[0m1.927 ms - -\u001b[0m","service":"eveqestudio-backend","timestamp":"2026-03-03 09:44:15"}
{"level":"http","message":"\u001b[0mGET /api/category/public \u001b[36m304 \u001b[0m7.592 ms - -\u001b[0m","service":"eveqestudio-backend","timestamp":"2026-03-03 09:44:15"}
{"level":"http","message":"\u001b[0mOPTIONS /api/bxgy-coupon \u001b[32m204 \u001b[0m0.244 ms - 0\u001b[0m","service":"eveqestudio-backend","timestamp":"2026-03-03 09:44:52"}
{"level":"http","message":"\u001b[0mOPTIONS /api/bxgy-coupon \u001b[32m204 \u001b[0m0.147 ms - 0\u001b[0m","service":"eveqestudio-backend","timestamp":"2026-03-03 09:44:52"}
{"level":"http","message":"\u001b[0mGET /api/coupon/all \u001b[36m304 \u001b[0m19.833 ms - -\u001b[0m","service":"eveqestudio-backend","timestamp":"2026-03-03 09:44:52"}
{"level":"http","message":"\u001b[0mGET /api/category/public \u001b[36m304 \u001b[0m21.178 ms - -\u001b[0m","service":"eveqestudio-backend","timestamp":"2026-03-03 09:44:52"}
{"level":"http","message":"\u001b[0mGET /api/bxgy-coupon \u001b[36m304 \u001b[0m32.482 ms - -\u001b[0m","service":"eveqestudio-backend","timestamp":"2026-03-03 09:44:52"}
{"level":"http","message":"\u001b[0mGET /api/coupon/all \u001b[36m304 \u001b[0m12.908 ms - -\u001b[0m","service":"eveqestudio-backend","timestamp":"2026-03-03 09:44:52"}
{"level":"http","message":"\u001b[0mGET /api/category/public \u001b[36m304 \u001b[0m13.909 ms - -\u001b[0m","service":"eveqestudio-backend","timestamp":"2026-03-03 09:44:52"}
{"level":"http","message":"\u001b[0mGET /api/bxgy-coupon \u001b[36m304 \u001b[0m13.510 ms - -\u001b[0m","service":"eveqestudio-backend","timestamp":"2026-03-03 09:44:52"}
{"level":"http","message":"\u001b[0mGET /api/category/public \u001b[36m304 \u001b[0m10.537 ms - -\u001b[0m","service":"eveqestudio-backend","timestamp":"2026-03-03 09:44:52"}
{"level":"http","message":"\u001b[0mGET /api/category/public \u001b[36m304 \u001b[0m4.147 ms - -\u001b[0m","service":"eveqestudio-backend","timestamp":"2026-03-03 09:44:52"}
{"level":"http","message":"\u001b[0mOPTIONS /api/bxgy-coupon \u001b[32m204 \u001b[0m0.189 ms - 0\u001b[0m","service":"eveqestudio-backend","timestamp":"2026-03-03 09:45:01"}
{"level":"http","message":"\u001b[0mGET /api/category/public \u001b[36m304 \u001b[0m6.623 ms - -\u001b[0m","service":"eveqestudio-backend","timestamp":"2026-03-03 09:45:01"}
{"level":"http","message":"\u001b[0mGET /api/coupon/all \u001b[36m304 \u001b[0m8.627 ms - -\u001b[0m","service":"eveqestudio-backend","timestamp":"2026-03-03 09:45:01"}
{"level":"http","message":"\u001b[0mGET /api/bxgy-coupon \u001b[36m304 \u001b[0m18.049 ms - -\u001b[0m","service":"eveqestudio-backend","timestamp":"2026-03-03 09:45:01"}
{"level":"http","message":"\u001b[0mGET /api/category/public \u001b[36m304 \u001b[0m9.717 ms - -\u001b[0m","service":"eveqestudio-backend","timestamp":"2026-03-03 09:45:01"}
{"level":"http","message":"\u001b[0mGET /api/coupon/all \u001b[36m304 \u001b[0m13.224 ms - -\u001b[0m","service":"eveqestudio-backend","timestamp":"2026-03-03 09:45:01"}
{"level":"http","message":"\u001b[0mGET /api/bxgy-coupon \u001b[36m304 \u001b[0m14.102 ms - -\u001b[0m","service":"eveqestudio-backend","timestamp":"2026-03-03 09:45:01"}
{"level":"http","message":"\u001b[0mGET /api/category/public \u001b[36m304 \u001b[0m12.016 ms - -\u001b[0m","service":"eveqestudio-backend","timestamp":"2026-03-03 09:45:01"}
{"level":"http","message":"\u001b[0mGET /api/category/public \u001b[36m304 \u001b[0m4.065 ms - -\u001b[0m","service":"eveqestudio-backend","timestamp":"2026-03-03 09:45:01"}
{"level":"http","message":"\u001b[0mOPTIONS /api/bxgy-coupon \u001b[32m204 \u001b[0m0.105 ms - 0\u001b[0m","service":"eveqestudio-backend","timestamp":"2026-03-03 09:45:11"}
{"level":"http","message":"\u001b[0mGET /api/coupon/all \u001b[36m304 \u001b[0m6.226 ms - -\u001b[0m","service":"eveqestudio-backend","timestamp":"2026-03-03 09:45:11"}
{"level":"http","message":"\u001b[0mGET /api/category/public \u001b[36m304 \u001b[0m11.085 ms - -\u001b[0m","service":"eveqestudio-backend","timestamp":"2026-03-03 09:45:11"}
{"level":"http","message":"\u001b[0mGET /api/reviews/public \u001b[36m304 \u001b[0m25.948 ms - -\u001b[0m","service":"eveqestudio-backend","timestamp":"2026-03-03 09:45:11"}
{"level":"http","message":"\u001b[0mGET /api/coupon/all \u001b[36m304 \u001b[0m147.019 ms - -\u001b[0m","service":"eveqestudio-backend","timestamp":"2026-03-03 09:45:11"}
{"level":"http","message":"\u001b[0mGET /api/category/public \u001b[36m304 \u001b[0m287.334 ms - -\u001b[0m","service":"eveqestudio-backend","timestamp":"2026-03-03 09:45:12"}
{"level":"http","message":"\u001b[0mGET /api/product/customer/products \u001b[36m304 \u001b[0m1513.256 ms - -\u001b[0m","service":"eveqestudio-backend","timestamp":"2026-03-03 09:45:13"}
{"level":"http","message":"\u001b[0mGET /api/bxgy-coupon \u001b[36m304 \u001b[0m1516.788 ms - -\u001b[0m","service":"eveqestudio-backend","timestamp":"2026-03-03 09:45:13"}
{"level":"http","message":"\u001b[0mGET /api/reviews/public \u001b[36m304 \u001b[0m1497.450 ms - -\u001b[0m","service":"eveqestudio-backend","timestamp":"2026-03-03 09:45:13"}
{"level":"http","message":"\u001b[0mGET /api/category/public \u001b[36m304 \u001b[0m9.464 ms - -\u001b[0m","service":"eveqestudio-backend","timestamp":"2026-03-03 09:45:13"}
{"level":"http","message":"\u001b[0mGET /api/product/customer/products \u001b[36m304 \u001b[0m1266.452 ms - -\u001b[0m","service":"eveqestudio-backend","timestamp":"2026-03-03 09:45:14"}
{"level":"http","message":"\u001b[0mGET /api/bxgy-coupon \u001b[36m304 \u001b[0m1293.931 ms - -\u001b[0m","service":"eveqestudio-backend","timestamp":"2026-03-03 09:45:14"}
{"level":"http","message":"\u001b[0mGET /uploads/products/1770713353839-456456574.jpg \u001b[36m304 \u001b[0m24.897 ms - -\u001b[0m","service":"eveqestudio-backend","timestamp":"2026-03-03 09:45:14"}
{"level":"http","message":"\u001b[0mGET /uploads/products/1770701132812-623649961.jpg \u001b[36m304 \u001b[0m24.856 ms - -\u001b[0m","service":"eveqestudio-backend","timestamp":"2026-03-03 09:45:14"}
{"level":"http","message":"\u001b[0mGET /uploads/products/1770699985377-98704428.mp4 \u001b[36m304 \u001b[0m25.638 ms - -\u001b[0m","service":"eveqestudio-backend","timestamp":"2026-03-03 09:45:14"}
{"level":"http","message":"\u001b[0mGET /uploads/products/1772016744555-725289901.png \u001b[36m304 \u001b[0m27.801 ms - -\u001b[0m","service":"eveqestudio-backend","timestamp":"2026-03-03 09:45:14"}
{"level":"http","message":"\u001b[0mGET /uploads/products/1770699985375-234972420.jpg \u001b[36m304 \u001b[0m28.702 ms - -\u001b[0m","service":"eveqestudio-backend","timestamp":"2026-03-03 09:45:14"}
{"level":"http","message":"\u001b[0mGET /uploads/products/1770701133074-526466174.jpg \u001b[36m304 \u001b[0m29.409 ms - -\u001b[0m","service":"eveqestudio-backend","timestamp":"2026-03-03 09:45:14"}
{"level":"http","message":"\u001b[0mGET /api/category/public \u001b[36m304 \u001b[0m38.751 ms - -\u001b[0m","service":"eveqestudio-backend","timestamp":"2026-03-03 09:45:14"}
{"level":"http","message":"\u001b[0mGET /api/reviews/product/24 \u001b[36m304 \u001b[0m42.175 ms - -\u001b[0m","service":"eveqestudio-backend","timestamp":"2026-03-03 09:45:14"}
{"level":"http","message":"\u001b[0mGET /api/reviews/product/23 \u001b[36m304 \u001b[0m43.505 ms - -\u001b[0m","service":"eveqestudio-backend","timestamp":"2026-03-03 09:45:14"}
{"level":"http","message":"\u001b[0mGET /api/reviews/product/22 \u001b[36m304 \u001b[0m39.681 ms - -\u001b[0m","service":"eveqestudio-backend","timestamp":"2026-03-03 09:45:14"}
{"level":"http","message":"\u001b[0mGET /api/reviews/product/21 \u001b[36m304 \u001b[0m41.642 ms - -\u001b[0m","service":"eveqestudio-backend","timestamp":"2026-03-03 09:45:14"}
{"level":"http","message":"\u001b[0mGET /uploads/products/1770713353840-757535187.jpg \u001b[36m304 \u001b[0m14.289 ms - -\u001b[0m","service":"eveqestudio-backend","timestamp":"2026-03-03 09:45:14"}
{"level":"http","message":"\u001b[0mGET /uploads/products/1770893351934-112110058.jpg \u001b[36m304 \u001b[0m15.530 ms - -\u001b[0m","service":"eveqestudio-backend","timestamp":"2026-03-03 09:45:14"}
{"level":"http","message":"\u001b[0mGET /uploads/products/1770893351935-327085415.jpg \u001b[36m304 \u001b[0m17.736 ms - -\u001b[0m","service":"eveqestudio-backend","timestamp":"2026-03-03 09:45:14"}
{"level":"http","message":"\u001b[0mGET /uploads/products/1772016744568-820973607.png \u001b[36m304 \u001b[0m20.885 ms - -\u001b[0m","service":"eveqestudio-backend","timestamp":"2026-03-03 09:45:14"}
{"level":"http","message":"\u001b[0mGET /api/reviews/product/19 \u001b[36m304 \u001b[0m52.130 ms - -\u001b[0m","service":"eveqestudio-backend","timestamp":"2026-03-03 09:45:14"}
{"level":"http","message":"\u001b[0mGET /api/reviews/product/3 \u001b[36m304 \u001b[0m40.611 ms - -\u001b[0m","service":"eveqestudio-backend","timestamp":"2026-03-03 09:45:14"}
{"level":"http","message":"\u001b[0mGET /uploads/categories/bc597386-f190-4858-8878-3fab97908911.jpg \u001b[36m304 \u001b[0m55.959 ms - -\u001b[0m","service":"eveqestudio-backend","timestamp":"2026-03-03 09:45:14"}
{"level":"http","message":"\u001b[0mGET /uploads/categories/adba1ec1-a482-4f98-98b1-5ad6c985c511.png \u001b[36m304 \u001b[0m51.017 ms - -\u001b[0m","service":"eveqestudio-backend","timestamp":"2026-03-03 09:45:14"}
{"level":"http","message":"\u001b[0mGET /api/reviews/product/17 \u001b[36m304 \u001b[0m56.166 ms - -\u001b[0m","service":"eveqestudio-backend","timestamp":"2026-03-03 09:45:14"}
{"level":"http","message":"\u001b[0mGET /api/reviews/product/12 \u001b[36m304 \u001b[0m57.806 ms - -\u001b[0m","service":"eveqestudio-backend","timestamp":"2026-03-03 09:45:14"}
{"level":"http","message":"\u001b[0mGET /api/reviews/product/5 \u001b[36m304 \u001b[0m59.755 ms - -\u001b[0m","service":"eveqestudio-backend","timestamp":"2026-03-03 09:45:14"}
{"level":"http","message":"\u001b[0mGET /api/reviews/product/4 \u001b[36m304 \u001b[0m61.279 ms - -\u001b[0m","service":"eveqestudio-backend","timestamp":"2026-03-03 09:45:14"}
{"level":"http","message":"\u001b[0mGET /uploads/categories/dada3604-d201-40c3-b93a-0669a1066148.jpg \u001b[36m304 \u001b[0m27.257 ms - -\u001b[0m","service":"eveqestudio-backend","timestamp":"2026-03-03 09:45:14"}
{"level":"http","message":"\u001b[0mGET /uploads/categories/7f65856c-1dfa-41a4-8dfb-1b69cbc48129.jpg \u001b[36m304 \u001b[0m29.685 ms - -\u001b[0m","service":"eveqestudio-backend","timestamp":"2026-03-03 09:45:14"}
{"level":"http","message":"\u001b[0mGET /uploads/categories/1108a604-7165-422d-bd9f-c4795039fef4.jpg \u001b[36m304 \u001b[0m30.504 ms - -\u001b[0m","service":"eveqestudio-backend","timestamp":"2026-03-03 09:45:14"}
{"level":"http","message":"\u001b[0mGET /uploads/categories/bea7c1af-d465-4647-b591-3a5df513404b.jpg \u001b[36m304 \u001b[0m31.320 ms - -\u001b[0m","service":"eveqestudio-backend","timestamp":"2026-03-03 09:45:14"}
{"level":"http","message":"\u001b[0mGET /api/category/public \u001b[36m304 \u001b[0m30.295 ms - -\u001b[0m","service":"eveqestudio-backend","timestamp":"2026-03-03 09:45:14"}
{"level":"http","message":"\u001b[0mGET /api/reviews/product/24 \u001b[36m304 \u001b[0m34.064 ms - -\u001b[0m","service":"eveqestudio-backend","timestamp":"2026-03-03 09:45:14"}
{"level":"http","message":"\u001b[0mGET /uploads/categories/9c755664-289a-4fdf-9cef-368c97ee1dc7.jpg \u001b[36m304 \u001b[0m37.640 ms - -\u001b[0m","service":"eveqestudio-backend","timestamp":"2026-03-03 09:45:14"}
{"level":"http","message":"\u001b[0mGET /uploads/categories/e3f72115-28af-4ce7-8a9c-1c0cc8d40931.jpg \u001b[36m304 \u001b[0m27.791 ms - -\u001b[0m","service":"eveqestudio-backend","timestamp":"2026-03-03 09:45:14"}
{"level":"http","message":"\u001b[0mGET /api/reviews/product/23 \u001b[36m304 \u001b[0m30.768 ms - -\u001b[0m","service":"eveqestudio-backend","timestamp":"2026-03-03 09:45:14"}
{"level":"http","message":"\u001b[0mGET /api/reviews/product/22 \u001b[36m304 \u001b[0m33.788 ms - -\u001b[0m","service":"eveqestudio-backend","timestamp":"2026-03-03 09:45:14"}
{"level":"http","message":"\u001b[0mGET /api/reviews/product/21 \u001b[36m304 \u001b[0m35.751 ms - -\u001b[0m","service":"eveqestudio-backend","timestamp":"2026-03-03 09:45:14"}
{"level":"http","message":"\u001b[0mGET /api/reviews/product/19 \u001b[36m304 \u001b[0m38.742 ms - -\u001b[0m","service":"eveqestudio-backend","timestamp":"2026-03-03 09:45:14"}
{"level":"http","message":"\u001b[0mGET /uploads/categories/729f495f-ad45-4288-8d83-d640afe47893.jpg \u001b[36m304 \u001b[0m19.587 ms - -\u001b[0m","service":"eveqestudio-backend","timestamp":"2026-03-03 09:45:14"}
{"level":"http","message":"\u001b[0mGET /uploads/categories/d2923d48-9ab0-4838-8f54-9002b35c7213.jpg \u001b[36m304 \u001b[0m20.741 ms - -\u001b[0m","service":"eveqestudio-backend","timestamp":"2026-03-03 09:45:14"}
{"level":"http","message":"\u001b[0mGET /uploads/categories/bf946713-3129-43b9-90fe-5148796e9620.jpg \u001b[36m304 \u001b[0m21.665 ms - -\u001b[0m","service":"eveqestudio-backend","timestamp":"2026-03-03 09:45:14"}
{"level":"http","message":"\u001b[0mGET /api/reviews/product/3 \u001b[36m304 \u001b[0m19.250 ms - -\u001b[0m","service":"eveqestudio-backend","timestamp":"2026-03-03 09:45:14"}
{"level":"http","message":"\u001b[0mGET /api/reviews/product/17 \u001b[36m304 \u001b[0m20.646 ms - -\u001b[0m","service":"eveqestudio-backend","timestamp":"2026-03-03 09:45:14"}
{"level":"http","message":"\u001b[0mGET /api/reviews/product/12 \u001b[36m304 \u001b[0m16.723 ms - -\u001b[0m","service":"eveqestudio-backend","timestamp":"2026-03-03 09:45:14"}
{"level":"http","message":"\u001b[0mGET /api/reviews/product/5 \u001b[36m304 \u001b[0m17.597 ms - -\u001b[0m","service":"eveqestudio-backend","timestamp":"2026-03-03 09:45:14"}
{"level":"http","message":"\u001b[0mGET /api/reviews/product/4 \u001b[36m304 \u001b[0m18.153 ms - -\u001b[0m","service":"eveqestudio-backend","timestamp":"2026-03-03 09:45:14"}
{"level":"http","message":"\u001b[0mGET /api/category/public \u001b[36m304 \u001b[0m24.369 ms - -\u001b[0m","service":"eveqestudio-backend","timestamp":"2026-03-03 09:45:14"}
{"level":"http","message":"\u001b[0mGET /uploads/products/1770640100075-802217584.jpg \u001b[36m304 \u001b[0m9.095 ms - -\u001b[0m","service":"eveqestudio-backend","timestamp":"2026-03-03 09:45:14"}
{"level":"http","message":"\u001b[0mGET /uploads/products/1770640100076-415734679.webp \u001b[36m304 \u001b[0m12.358 ms - -\u001b[0m","service":"eveqestudio-backend","timestamp":"2026-03-03 09:45:14"}
{"level":"http","message":"\u001b[0mGET /uploads/products/1770640111827-393967829.jpg \u001b[36m304 \u001b[0m7.883 ms - -\u001b[0m","service":"eveqestudio-backend","timestamp":"2026-03-03 09:45:14"}
{"level":"http","message":"\u001b[0mGET /uploads/products/1770640111827-510526885.jpg \u001b[36m304 \u001b[0m8.790 ms - -\u001b[0m","service":"eveqestudio-backend","timestamp":"2026-03-03 09:45:14"}
{"level":"http","message":"\u001b[0mGET /uploads/products/1770640122887-780021415.jpg \u001b[36m304 \u001b[0m10.652 ms - -\u001b[0m","service":"eveqestudio-backend","timestamp":"2026-03-03 09:45:14"}
{"level":"http","message":"\u001b[0mGET /uploads/products/1770640122887-295396351.jpg \u001b[36m304 \u001b[0m14.009 ms - -\u001b[0m","service":"eveqestudio-backend","timestamp":"2026-03-03 09:45:14"}
{"level":"http","message":"\u001b[0mGET /uploads/products/1770700985075-453253349.jpg \u001b[36m304 \u001b[0m16.620 ms - -\u001b[0m","service":"eveqestudio-backend","timestamp":"2026-03-03 09:45:14"}
{"level":"http","message":"\u001b[0mGET /uploads/products/1770700985075-180738284.jpg \u001b[36m304 \u001b[0m6.506 ms - -\u001b[0m","service":"eveqestudio-backend","timestamp":"2026-03-03 09:45:14"}
{"level":"http","message":"\u001b[0mGET /uploads/products/1770640132988-484568725.jpg \u001b[36m304 \u001b[0m12.068 ms - -\u001b[0m","service":"eveqestudio-backend","timestamp":"2026-03-03 09:45:14"}
{"level":"http","message":"\u001b[0mGET /uploads/products/1770640132988-724191272.jpg \u001b[36m304 \u001b[0m22.769 ms - -\u001b[0m","service":"eveqestudio-backend","timestamp":"2026-03-03 09:45:14"}
{"level":"http","message":"\u001b[0mGET /uploads/categories/4cff487a-664d-4714-bac2-bd583a536f8a.jpg \u001b[36m304 \u001b[0m22.960 ms - -\u001b[0m","service":"eveqestudio-backend","timestamp":"2026-03-03 09:45:14"}
{"level":"http","message":"\u001b[0mGET /uploads/categories/f8c13049-2922-453b-b8c4-30a6ffe810bb.webp \u001b[36m304 \u001b[0m23.956 ms - -\u001b[0m","service":"eveqestudio-backend","timestamp":"2026-03-03 09:45:14"}
{"level":"http","message":"\u001b[0mOPTIONS /api/cart \u001b[32m204 \u001b[0m0.350 ms - 0\u001b[0m","service":"eveqestudio-backend","timestamp":"2026-03-03 09:45:16"}
{"level":"http","message":"\u001b[0mOPTIONS /api/cart \u001b[32m204 \u001b[0m0.172 ms - 0\u001b[0m","service":"eveqestudio-backend","timestamp":"2026-03-03 09:45:16"}
{"level":"http","message":"\u001b[0mGET /api/coupon/all \u001b[36m304 \u001b[0m12.849 ms - -\u001b[0m","service":"eveqestudio-backend","timestamp":"2026-03-03 09:45:16"}
{"level":"http","message":"\u001b[0mGET /api/category/public \u001b[36m304 \u001b[0m29.662 ms - -\u001b[0m","service":"eveqestudio-backend","timestamp":"2026-03-03 09:45:16"}
{"level":"http","message":"\u001b[0mGET /api/bxgy-coupon \u001b[36m304 \u001b[0m38.608 ms - -\u001b[0m","service":"eveqestudio-backend","timestamp":"2026-03-03 09:45:16"}
{"level":"http","message":"\u001b[0mGET /api/cart \u001b[36m304 \u001b[0m46.028 ms - -\u001b[0m","service":"eveqestudio-backend","timestamp":"2026-03-03 09:45:16"}
{"level":"http","message":"\u001b[0mGET /api/coupon/all \u001b[36m304 \u001b[0m21.871 ms - -\u001b[0m","service":"eveqestudio-backend","timestamp":"2026-03-03 09:45:16"}
{"level":"http","message":"\u001b[0mGET /api/category/public \u001b[36m304 \u001b[0m17.171 ms - -\u001b[0m","service":"eveqestudio-backend","timestamp":"2026-03-03 09:45:16"}
{"level":"http","message":"\u001b[0mGET /api/cart \u001b[36m304 \u001b[0m24.605 ms - -\u001b[0m","service":"eveqestudio-backend","timestamp":"2026-03-03 09:45:16"}
{"level":"http","message":"\u001b[0mGET /api/bxgy-coupon \u001b[36m304 \u001b[0m34.790 ms - -\u001b[0m","service":"eveqestudio-backend","timestamp":"2026-03-03 09:45:16"}
{"level":"http","message":"\u001b[0mGET /api/coupon/all \u001b[36m304 \u001b[0m13.036 ms - -\u001b[0m","service":"eveqestudio-backend","timestamp":"2026-03-03 09:45:16"}
{"level":"http","message":"\u001b[0mGET /api/category/public \u001b[36m304 \u001b[0m18.614 ms - -\u001b[0m","service":"eveqestudio-backend","timestamp":"2026-03-03 09:45:16"}
{"level":"http","message":"\u001b[0mGET /api/bxgy-coupon \u001b[36m304 \u001b[0m21.832 ms - -\u001b[0m","service":"eveqestudio-backend","timestamp":"2026-03-03 09:45:16"}
{"level":"http","message":"\u001b[0mGET /api/coupon/all \u001b[36m304 \u001b[0m17.196 ms - -\u001b[0m","service":"eveqestudio-backend","timestamp":"2026-03-03 09:45:16"}
{"level":"http","message":"\u001b[0mGET /api/category/public \u001b[36m304 \u001b[0m16.599 ms - -\u001b[0m","service":"eveqestudio-backend","timestamp":"2026-03-03 09:45:16"}
{"level":"http","message":"\u001b[0mGET /api/bxgy-coupon \u001b[36m304 \u001b[0m21.653 ms - -\u001b[0m","service":"eveqestudio-backend","timestamp":"2026-03-03 09:45:16"}
{"level":"http","message":"\u001b[0mGET /api/category/public \u001b[36m304 \u001b[0m22.869 ms - -\u001b[0m","service":"eveqestudio-backend","timestamp":"2026-03-03 09:45:16"}
{"level":"http","message":"\u001b[0mGET /api/category/public \u001b[36m304 \u001b[0m13.216 ms - -\u001b[0m","service":"eveqestudio-backend","timestamp":"2026-03-03 09:45:16"}
{"level":"http","message":"\u001b[0mGET /api/category/public \u001b[36m304 \u001b[0m10.078 ms - -\u001b[0m","service":"eveqestudio-backend","timestamp":"2026-03-03 09:45:16"}
{"level":"http","message":"\u001b[0mGET /api/category/public \u001b[36m304 \u001b[0m9.198 ms - -\u001b[0m","service":"eveqestudio-backend","timestamp":"2026-03-03 09:45:16"}
{"level":"http","message":"\u001b[0mOPTIONS /api/bxgy-coupon \u001b[32m204 \u001b[0m0.106 ms - 0\u001b[0m","service":"eveqestudio-backend","timestamp":"2026-03-03 09:45:31"}
{"level":"http","message":"\u001b[0mGET /api/coupon/all \u001b[36m304 \u001b[0m7.881 ms - -\u001b[0m","service":"eveqestudio-backend","timestamp":"2026-03-03 09:45:31"}
{"level":"http","message":"\u001b[0mGET /api/category/public \u001b[36m304 \u001b[0m9.823 ms - -\u001b[0m","service":"eveqestudio-backend","timestamp":"2026-03-03 09:45:31"}
{"level":"http","message":"\u001b[0mGET /api/bxgy-coupon \u001b[36m304 \u001b[0m17.152 ms - -\u001b[0m","service":"eveqestudio-backend","timestamp":"2026-03-03 09:45:31"}
{"level":"http","message":"\u001b[0mGET /api/coupon/all \u001b[36m304 \u001b[0m6.493 ms - -\u001b[0m","service":"eveqestudio-backend","timestamp":"2026-03-03 09:45:31"}
{"level":"http","message":"\u001b[0mGET /api/category/public \u001b[36m304 \u001b[0m8.448 ms - -\u001b[0m","service":"eveqestudio-backend","timestamp":"2026-03-03 09:45:31"}
{"level":"http","message":"\u001b[0mGET /api/bxgy-coupon \u001b[36m304 \u001b[0m6.230 ms - -\u001b[0m","service":"eveqestudio-backend","timestamp":"2026-03-03 09:45:31"}
{"level":"http","message":"\u001b[0mGET /api/category/public \u001b[36m304 \u001b[0m8.215 ms - -\u001b[0m","service":"eveqestudio-backend","timestamp":"2026-03-03 09:45:31"}
{"level":"http","message":"\u001b[0mGET /api/category/public \u001b[36m304 \u001b[0m3.423 ms - -\u001b[0m","service":"eveqestudio-backend","timestamp":"2026-03-03 09:45:31"}
{"level":"http","message":"\u001b[0mGET /api/coupon/all \u001b[36m304 \u001b[0m5.458 ms - -\u001b[0m","service":"eveqestudio-backend","timestamp":"2026-03-03 09:45:33"}
{"level":"http","message":"\u001b[0mGET /api/category/public \u001b[36m304 \u001b[0m14.829 ms - -\u001b[0m","service":"eveqestudio-backend","timestamp":"2026-03-03 09:45:33"}
{"level":"http","message":"\u001b[0mGET /api/bxgy-coupon \u001b[36m304 \u001b[0m19.683 ms - -\u001b[0m","service":"eveqestudio-backend","timestamp":"2026-03-03 09:45:33"}
{"level":"http","message":"\u001b[0mGET /api/coupon/all \u001b[36m304 \u001b[0m6.333 ms - -\u001b[0m","service":"eveqestudio-backend","timestamp":"2026-03-03 09:45:33"}
{"level":"http","message":"\u001b[0mGET /api/category/public \u001b[36m304 \u001b[0m6.022 ms - -\u001b[0m","service":"eveqestudio-backend","timestamp":"2026-03-03 09:45:33"}
{"level":"http","message":"\u001b[0mGET /api/bxgy-coupon \u001b[36m304 \u001b[0m10.715 ms - -\u001b[0m","service":"eveqestudio-backend","timestamp":"2026-03-03 09:45:33"}
{"level":"http","message":"\u001b[0mGET /api/category/public \u001b[36m304 \u001b[0m7.268 ms - -\u001b[0m","service":"eveqestudio-backend","timestamp":"2026-03-03 09:45:33"}
{"level":"http","message":"\u001b[0mGET /api/category/public \u001b[36m304 \u001b[0m4.910 ms - -\u001b[0m","service":"eveqestudio-backend","timestamp":"2026-03-03 09:45:33"}
{"level":"http","message":"\u001b[0mOPTIONS /api/order/my-orders \u001b[32m204 \u001b[0m0.123 ms - 0\u001b[0m","service":"eveqestudio-backend","timestamp":"2026-03-03 09:45:36"}
{"level":"http","message":"\u001b[0mOPTIONS /api/order/my-orders \u001b[32m204 \u001b[0m0.085 ms - 0\u001b[0m","service":"eveqestudio-backend","timestamp":"2026-03-03 09:45:36"}
{"level":"http","message":"\u001b[0mGET /api/order/my-orders \u001b[36m304 \u001b[0m10.054 ms - -\u001b[0m","service":"eveqestudio-backend","timestamp":"2026-03-03 09:45:36"}
{"level":"http","message":"\u001b[0mGET /api/order/my-orders \u001b[36m304 \u001b[0m6.912 ms - -\u001b[0m","service":"eveqestudio-backend","timestamp":"2026-03-03 09:45:36"}
{"level":"error","message":"Not Found","method":"GET","service":"eveqestudio-backend","stack":"NotFoundError: Not Found\n    at C:\\xampp\\htdocs\\eveqestudio\\3d-printer\\backend\\app.js:76:8\n    at Layer.handle [as handle_request] (C:\\xampp\\htdocs\\eveqestudio\\3d-printer\\backend\\node_modules\\express\\lib\\router\\layer.js:95:5)\n    at trim_prefix (C:\\xampp\\htdocs\\eveqestudio\\3d-printer\\backend\\node_modules\\express\\lib\\router\\index.js:317:13)\n    at C:\\xampp\\htdocs\\eveqestudio\\3d-printer\\backend\\node_modules\\express\\lib\\router\\index.js:284:7\n    at router.process_params (C:\\xampp\\htdocs\\eveqestudio\\3d-printer\\backend\\node_modules\\express\\lib\\router\\index.js:335:12)\n    at next (C:\\xampp\\htdocs\\eveqestudio\\3d-printer\\backend\\node_modules\\express\\lib\\router\\index.js:275:10)\n    at C:\\xampp\\htdocs\\eveqestudio\\3d-printer\\backend\\node_modules\\express\\lib\\router\\index.js:635:15\n    at next (C:\\xampp\\htdocs\\eveqestudio\\3d-printer\\backend\\node_modules\\express\\lib\\router\\index.js:260:14)\n    at router.handle (C:\\xampp\\htdocs\\eveqestudio\\3d-printer\\backend\\node_modules\\express\\lib\\router\\index.js:174:3)\n    at router (C:\\xampp\\htdocs\\eveqestudio\\3d-printer\\backend\\node_modules\\express\\lib\\router\\index.js:47:12)","status":404,"timestamp":"2026-03-03 09:45:36","url":"//uploads/products/1772016744555-725289901.png"}
{"level":"http","message":"\u001b[0mGET //uploads/products/1772016744555-725289901.png \u001b[33m404 \u001b[0m3.689 ms - 39\u001b[0m","service":"eveqestudio-backend","timestamp":"2026-03-03 09:45:36"}
{"level":"error","message":"Not Found","method":"GET","service":"eveqestudio-backend","stack":"NotFoundError: Not Found\n    at C:\\xampp\\htdocs\\eveqestudio\\3d-printer\\backend\\app.js:76:8\n    at Layer.handle [as handle_request] (C:\\xampp\\htdocs\\eveqestudio\\3d-printer\\backend\\node_modules\\express\\lib\\router\\layer.js:95:5)\n    at trim_prefix (C:\\xampp\\htdocs\\eveqestudio\\3d-printer\\backend\\node_modules\\express\\lib\\router\\index.js:317:13)\n    at C:\\xampp\\htdocs\\eveqestudio\\3d-printer\\backend\\node_modules\\express\\lib\\router\\index.js:284:7\n    at router.process_params (C:\\xampp\\htdocs\\eveqestudio\\3d-printer\\backend\\node_modules\\express\\lib\\router\\index.js:335:12)\n    at next (C:\\xampp\\htdocs\\eveqestudio\\3d-printer\\backend\\node_modules\\express\\lib\\router\\index.js:275:10)\n    at C:\\xampp\\htdocs\\eveqestudio\\3d-printer\\backend\\node_modules\\express\\lib\\router\\index.js:635:15\n    at next (C:\\xampp\\htdocs\\eveqestudio\\3d-printer\\backend\\node_modules\\express\\lib\\router\\index.js:260:14)\n    at router.handle (C:\\xampp\\htdocs\\eveqestudio\\3d-printer\\backend\\node_modules\\express\\lib\\router\\index.js:174:3)\n    at router (C:\\xampp\\htdocs\\eveqestudio\\3d-printer\\backend\\node_modules\\express\\lib\\router\\index.js:47:12)","status":404,"timestamp":"2026-03-03 09:45:36","url":"//uploads/products/1770893351934-112110058.jpg"}
{"level":"http","message":"\u001b[0mGET //uploads/products/1770893351934-112110058.jpg \u001b[33m404 \u001b[0m7.061 ms - 39\u001b[0m","service":"eveqestudio-backend","timestamp":"2026-03-03 09:45:36"}
{"level":"error","message":"Not Found","method":"GET","service":"eveqestudio-backend","stack":"NotFoundError: Not Found\n    at C:\\xampp\\htdocs\\eveqestudio\\3d-printer\\backend\\app.js:76:8\n    at Layer.handle [as handle_request] (C:\\xampp\\htdocs\\eveqestudio\\3d-printer\\backend\\node_modules\\express\\lib\\router\\layer.js:95:5)\n    at trim_prefix (C:\\xampp\\htdocs\\eveqestudio\\3d-printer\\backend\\node_modules\\express\\lib\\router\\index.js:317:13)\n    at C:\\xampp\\htdocs\\eveqestudio\\3d-printer\\backend\\node_modules\\express\\lib\\router\\index.js:284:7\n    at router.process_params (C:\\xampp\\htdocs\\eveqestudio\\3d-printer\\backend\\node_modules\\express\\lib\\router\\index.js:335:12)\n    at next (C:\\xampp\\htdocs\\eveqestudio\\3d-printer\\backend\\node_modules\\express\\lib\\router\\index.js:275:10)\n    at C:\\xampp\\htdocs\\eveqestudio\\3d-printer\\backend\\node_modules\\express\\lib\\router\\index.js:635:15\n    at next (C:\\xampp\\htdocs\\eveqestudio\\3d-printer\\backend\\node_modules\\express\\lib\\router\\index.js:260:14)\n    at router.handle (C:\\xampp\\htdocs\\eveqestudio\\3d-printer\\backend\\node_modules\\express\\lib\\router\\index.js:174:3)\n    at router (C:\\xampp\\htdocs\\eveqestudio\\3d-printer\\backend\\node_modules\\express\\lib\\router\\index.js:47:12)","status":404,"timestamp":"2026-03-03 09:45:36","url":"/default-product-image.jpg"}
{"level":"http","message":"\u001b[0mGET /default-product-image.jpg \u001b[33m404 \u001b[0m11.008 ms - 39\u001b[0m","service":"eveqestudio-backend","timestamp":"2026-03-03 09:45:36"}
{"level":"http","message":"\u001b[0mGET /api/coupon/all \u001b[36m304 \u001b[0m5.146 ms - -\u001b[0m","service":"eveqestudio-backend","timestamp":"2026-03-03 09:45:36"}
{"level":"http","message":"\u001b[0mGET /api/category/public \u001b[36m304 \u001b[0m9.980 ms - -\u001b[0m","service":"eveqestudio-backend","timestamp":"2026-03-03 09:45:36"}
{"level":"http","message":"\u001b[0mGET /api/bxgy-coupon \u001b[36m304 \u001b[0m16.795 ms - -\u001b[0m","service":"eveqestudio-backend","timestamp":"2026-03-03 09:45:36"}
{"level":"http","message":"\u001b[0mGET /api/coupon/all \u001b[36m304 \u001b[0m9.987 ms - -\u001b[0m","service":"eveqestudio-backend","timestamp":"2026-03-03 09:45:36"}
{"level":"http","message":"\u001b[0mGET /api/category/public \u001b[36m304 \u001b[0m5.993 ms - -\u001b[0m","service":"eveqestudio-backend","timestamp":"2026-03-03 09:45:36"}
{"level":"http","message":"\u001b[0mGET /api/bxgy-coupon \u001b[36m304 \u001b[0m11.208 ms - -\u001b[0m","service":"eveqestudio-backend","timestamp":"2026-03-03 09:45:36"}
{"level":"http","message":"\u001b[0mGET /api/category/public \u001b[36m304 \u001b[0m6.819 ms - -\u001b[0m","service":"eveqestudio-backend","timestamp":"2026-03-03 09:45:36"}
{"level":"http","message":"\u001b[0mGET /api/category/public \u001b[36m304 \u001b[0m4.566 ms - -\u001b[0m","service":"eveqestudio-backend","timestamp":"2026-03-03 09:45:36"}
{"level":"http","message":"\u001b[0mOPTIONS /api/bxgy-coupon \u001b[32m204 \u001b[0m0.168 ms - 0\u001b[0m","service":"eveqestudio-backend","timestamp":"2026-03-03 09:45:46"}
{"level":"http","message":"\u001b[0mGET /api/coupon/all \u001b[36m304 \u001b[0m20.934 ms - -\u001b[0m","service":"eveqestudio-backend","timestamp":"2026-03-03 09:45:46"}
{"level":"http","message":"\u001b[0mGET /api/reviews/public \u001b[36m304 \u001b[0m26.284 ms - -\u001b[0m","service":"eveqestudio-backend","timestamp":"2026-03-03 09:45:46"}
{"level":"http","message":"\u001b[0mGET /api/category/public \u001b[36m304 \u001b[0m33.363 ms - -\u001b[0m","service":"eveqestudio-backend","timestamp":"2026-03-03 09:45:46"}
{"level":"http","message":"\u001b[0mGET /api/product/customer/products \u001b[36m304 \u001b[0m1324.199 ms - -\u001b[0m","service":"eveqestudio-backend","timestamp":"2026-03-03 09:45:48"}
{"level":"http","message":"\u001b[0mGET /api/bxgy-coupon \u001b[36m304 \u001b[0m1332.491 ms - -\u001b[0m","service":"eveqestudio-backend","timestamp":"2026-03-03 09:45:48"}
{"level":"http","message":"\u001b[0mGET /api/coupon/all \u001b[36m304 \u001b[0m1302.230 ms - -\u001b[0m","service":"eveqestudio-backend","timestamp":"2026-03-03 09:45:48"}
{"level":"http","message":"\u001b[0mGET /api/reviews/public \u001b[36m304 \u001b[0m29.809 ms - -\u001b[0m","service":"eveqestudio-backend","timestamp":"2026-03-03 09:45:48"}
{"level":"http","message":"\u001b[0mGET /api/category/public \u001b[36m304 \u001b[0m37.739 ms - -\u001b[0m","service":"eveqestudio-backend","timestamp":"2026-03-03 09:45:48"}
{"level":"http","message":"\u001b[0mGET /api/product/customer/products \u001b[36m304 \u001b[0m1307.930 ms - -\u001b[0m","service":"eveqestudio-backend","timestamp":"2026-03-03 09:45:49"}
{"level":"http","message":"\u001b[0mGET /api/bxgy-coupon \u001b[36m304 \u001b[0m1304.768 ms - -\u001b[0m","service":"eveqestudio-backend","timestamp":"2026-03-03 09:45:49"}
{"level":"http","message":"\u001b[0mGET /api/reviews/product/22 \u001b[36m304 \u001b[0m10.475 ms - -\u001b[0m","service":"eveqestudio-backend","timestamp":"2026-03-03 09:45:49"}
{"level":"http","message":"\u001b[0mGET /api/category/public \u001b[36m304 \u001b[0m22.727 ms - -\u001b[0m","service":"eveqestudio-backend","timestamp":"2026-03-03 09:45:49"}
{"level":"http","message":"\u001b[0mGET /api/reviews/product/24 \u001b[36m304 \u001b[0m25.543 ms - -\u001b[0m","service":"eveqestudio-backend","timestamp":"2026-03-03 09:45:49"}
{"level":"http","message":"\u001b[0mGET /uploads/products/1770713353840-757535187.jpg \u001b[36m304 \u001b[0m19.351 ms - -\u001b[0m","service":"eveqestudio-backend","timestamp":"2026-03-03 09:45:49"}
{"level":"http","message":"\u001b[0mGET /uploads/products/1770699985377-98704428.mp4 \u001b[36m304 \u001b[0m20.173 ms - -\u001b[0m","service":"eveqestudio-backend","timestamp":"2026-03-03 09:45:49"}
{"level":"http","message":"\u001b[0mGET /uploads/products/1772016744555-725289901.png \u001b[36m304 \u001b[0m20.896 ms - -\u001b[0m","service":"eveqestudio-backend","timestamp":"2026-03-03 09:45:49"}
{"level":"http","message":"\u001b[0mGET /uploads/products/1770893351935-327085415.jpg \u001b[36m304 \u001b[0m21.399 ms - -\u001b[0m","service":"eveqestudio-backend","timestamp":"2026-03-03 09:45:49"}
{"level":"http","message":"\u001b[0mGET /uploads/products/1770713353839-456456574.jpg \u001b[36m304 \u001b[0m21.619 ms - -\u001b[0m","service":"eveqestudio-backend","timestamp":"2026-03-03 09:45:49"}
{"level":"http","message":"\u001b[0mGET /uploads/products/1770893351934-112110058.jpg \u001b[36m304 \u001b[0m22.053 ms - -\u001b[0m","service":"eveqestudio-backend","timestamp":"2026-03-03 09:45:49"}
{"level":"http","message":"\u001b[0mGET /api/reviews/product/23 \u001b[36m304 \u001b[0m32.002 ms - -\u001b[0m","service":"eveqestudio-backend","timestamp":"2026-03-03 09:45:49"}
{"level":"http","message":"\u001b[0mGET /api/reviews/product/21 \u001b[36m304 \u001b[0m27.575 ms - -\u001b[0m","service":"eveqestudio-backend","timestamp":"2026-03-03 09:45:49"}
{"level":"http","message":"\u001b[0mGET /uploads/products/1772016744568-820973607.png \u001b[36m304 \u001b[0m5.920 ms - -\u001b[0m","service":"eveqestudio-backend","timestamp":"2026-03-03 09:45:49"}
{"level":"http","message":"\u001b[0mGET /uploads/products/1770701132812-623649961.jpg \u001b[36m304 \u001b[0m6.019 ms - -\u001b[0m","service":"eveqestudio-backend","timestamp":"2026-03-03 09:45:49"}
{"level":"http","message":"\u001b[0mGET /uploads/products/1770701133074-526466174.jpg \u001b[36m304 \u001b[0m6.881 ms - -\u001b[0m","service":"eveqestudio-backend","timestamp":"2026-03-03 09:45:49"}
{"level":"http","message":"\u001b[0mGET /api/reviews/product/19 \u001b[36m304 \u001b[0m11.501 ms - -\u001b[0m","service":"eveqestudio-backend","timestamp":"2026-03-03 09:45:49"}
{"level":"http","message":"\u001b[0mGET /api/reviews/product/17 \u001b[36m304 \u001b[0m12.170 ms - -\u001b[0m","service":"eveqestudio-backend","timestamp":"2026-03-03 09:45:49"}
{"level":"http","message":"\u001b[0mGET /api/reviews/product/12 \u001b[36m304 \u001b[0m12.617 ms - -\u001b[0m","service":"eveqestudio-backend","timestamp":"2026-03-03 09:45:49"}
{"level":"http","message":"\u001b[0mGET /api/reviews/product/5 \u001b[36m304 \u001b[0m13.730 ms - -\u001b[0m","service":"eveqestudio-backend","timestamp":"2026-03-03 09:45:49"}
{"level":"http","message":"\u001b[0mGET /api/reviews/product/3 \u001b[36m304 \u001b[0m9.334 ms - -\u001b[0m","service":"eveqestudio-backend","timestamp":"2026-03-03 09:45:49"}
{"level":"http","message":"\u001b[0mGET /uploads/products/1770699985375-234972420.jpg \u001b[36m304 \u001b[0m14.572 ms - -\u001b[0m","service":"eveqestudio-backend","timestamp":"2026-03-03 09:45:49"}
{"level":"http","message":"\u001b[0mGET /api/reviews/product/4 \u001b[36m304 \u001b[0m11.907 ms - -\u001b[0m","service":"eveqestudio-backend","timestamp":"2026-03-03 09:45:49"}
{"level":"http","message":"\u001b[0mGET /api/reviews/product/22 \u001b[36m304 \u001b[0m11.153 ms - -\u001b[0m","service":"eveqestudio-backend","timestamp":"2026-03-03 09:45:49"}
{"level":"http","message":"\u001b[0mGET /api/category/public \u001b[36m304 \u001b[0m14.762 ms - -\u001b[0m","service":"eveqestudio-backend","timestamp":"2026-03-03 09:45:49"}
{"level":"http","message":"\u001b[0mGET /api/reviews/product/24 \u001b[36m304 \u001b[0m16.344 ms - -\u001b[0m","service":"eveqestudio-backend","timestamp":"2026-03-03 09:45:49"}
{"level":"http","message":"\u001b[0mGET /api/reviews/product/23 \u001b[36m304 \u001b[0m23.677 ms - -\u001b[0m","service":"eveqestudio-backend","timestamp":"2026-03-03 09:45:49"}
{"level":"http","message":"\u001b[0mGET /api/reviews/product/19 \u001b[36m304 \u001b[0m18.665 ms - -\u001b[0m","service":"eveqestudio-backend","timestamp":"2026-03-03 09:45:49"}
{"level":"http","message":"\u001b[0mGET /api/reviews/product/21 \u001b[36m304 \u001b[0m25.707 ms - -\u001b[0m","service":"eveqestudio-backend","timestamp":"2026-03-03 09:45:49"}
{"level":"http","message":"\u001b[0mGET /uploads/categories/1108a604-7165-422d-bd9f-c4795039fef4.jpg \u001b[36m304 \u001b[0m5.648 ms - -\u001b[0m","service":"eveqestudio-backend","timestamp":"2026-03-03 09:45:49"}
{"level":"http","message":"\u001b[0mGET /uploads/categories/adba1ec1-a482-4f98-98b1-5ad6c985c511.png \u001b[36m304 \u001b[0m5.950 ms - -\u001b[0m","service":"eveqestudio-backend","timestamp":"2026-03-03 09:45:49"}
{"level":"http","message":"\u001b[0mGET /uploads/categories/bc597386-f190-4858-8878-3fab97908911.jpg \u001b[36m304 \u001b[0m5.952 ms - -\u001b[0m","service":"eveqestudio-backend","timestamp":"2026-03-03 09:45:49"}
{"level":"http","message":"\u001b[0mGET /uploads/categories/7f65856c-1dfa-41a4-8dfb-1b69cbc48129.jpg \u001b[36m304 \u001b[0m6.355 ms - -\u001b[0m","service":"eveqestudio-backend","timestamp":"2026-03-03 09:45:49"}
{"level":"http","message":"\u001b[0mGET /uploads/categories/9c755664-289a-4fdf-9cef-368c97ee1dc7.jpg \u001b[36m304 \u001b[0m8.469 ms - -\u001b[0m","service":"eveqestudio-backend","timestamp":"2026-03-03 09:45:49"}
{"level":"http","message":"\u001b[0mGET /uploads/categories/729f495f-ad45-4288-8d83-d640afe47893.jpg \u001b[36m304 \u001b[0m9.963 ms - -\u001b[0m","service":"eveqestudio-backend","timestamp":"2026-03-03 09:45:49"}
{"level":"http","message":"\u001b[0mGET /api/reviews/product/17 \u001b[36m304 \u001b[0m14.506 ms - -\u001b[0m","service":"eveqestudio-backend","timestamp":"2026-03-03 09:45:49"}
{"level":"http","message":"\u001b[0mGET /api/reviews/product/12 \u001b[36m304 \u001b[0m17.466 ms - -\u001b[0m","service":"eveqestudio-backend","timestamp":"2026-03-03 09:45:49"}
{"level":"http","message":"\u001b[0mGET /api/reviews/product/5 \u001b[36m304 \u001b[0m18.603 ms - -\u001b[0m","service":"eveqestudio-backend","timestamp":"2026-03-03 09:45:49"}
{"level":"http","message":"\u001b[0mGET /api/reviews/product/3 \u001b[36m304 \u001b[0m19.600 ms - -\u001b[0m","service":"eveqestudio-backend","timestamp":"2026-03-03 09:45:49"}
{"level":"http","message":"\u001b[0mGET /api/reviews/product/4 \u001b[36m304 \u001b[0m20.924 ms - -\u001b[0m","service":"eveqestudio-backend","timestamp":"2026-03-03 09:45:49"}
{"level":"http","message":"\u001b[0mGET /api/category/public \u001b[36m304 \u001b[0m24.064 ms - -\u001b[0m","service":"eveqestudio-backend","timestamp":"2026-03-03 09:45:49"}
{"level":"http","message":"\u001b[0mGET /uploads/categories/d2923d48-9ab0-4838-8f54-9002b35c7213.jpg \u001b[36m304 \u001b[0m10.247 ms - -\u001b[0m","service":"eveqestudio-backend","timestamp":"2026-03-03 09:45:49"}
{"level":"http","message":"\u001b[0mGET /uploads/categories/dada3604-d201-40c3-b93a-0669a1066148.jpg \u001b[36m304 \u001b[0m10.730 ms - -\u001b[0m","service":"eveqestudio-backend","timestamp":"2026-03-03 09:45:49"}
{"level":"http","message":"\u001b[0mGET /uploads/categories/bf946713-3129-43b9-90fe-5148796e9620.jpg \u001b[36m304 \u001b[0m10.932 ms - -\u001b[0m","service":"eveqestudio-backend","timestamp":"2026-03-03 09:45:49"}
{"level":"http","message":"\u001b[0mGET /uploads/categories/e3f72115-28af-4ce7-8a9c-1c0cc8d40931.jpg \u001b[36m304 \u001b[0m11.160 ms - -\u001b[0m","service":"eveqestudio-backend","timestamp":"2026-03-03 09:45:49"}
{"level":"http","message":"\u001b[0mGET /uploads/categories/bea7c1af-d465-4647-b591-3a5df513404b.jpg \u001b[36m304 \u001b[0m11.379 ms - -\u001b[0m","service":"eveqestudio-backend","timestamp":"2026-03-03 09:45:49"}
{"level":"http","message":"\u001b[0mGET /api/category/public \u001b[36m304 \u001b[0m13.385 ms - -\u001b[0m","service":"eveqestudio-backend","timestamp":"2026-03-03 09:45:49"}
{"level":"http","message":"\u001b[0mGET /uploads/products/1770640100075-802217584.jpg \u001b[36m304 \u001b[0m18.615 ms - -\u001b[0m","service":"eveqestudio-backend","timestamp":"2026-03-03 09:45:49"}
{"level":"http","message":"\u001b[0mGET /uploads/products/1770640100076-415734679.webp \u001b[36m304 \u001b[0m16.319 ms - -\u001b[0m","service":"eveqestudio-backend","timestamp":"2026-03-03 09:45:49"}
{"level":"http","message":"\u001b[0mGET /uploads/products/1770640111827-393967829.jpg \u001b[36m304 \u001b[0m16.716 ms - -\u001b[0m","service":"eveqestudio-backend","timestamp":"2026-03-03 09:45:49"}
{"level":"http","message":"\u001b[0mGET /uploads/products/1770640111827-510526885.jpg \u001b[36m304 \u001b[0m17.019 ms - -\u001b[0m","service":"eveqestudio-backend","timestamp":"2026-03-03 09:45:49"}
{"level":"http","message":"\u001b[0mGET /uploads/products/1770640122887-780021415.jpg \u001b[36m304 \u001b[0m17.172 ms - -\u001b[0m","service":"eveqestudio-backend","timestamp":"2026-03-03 09:45:49"}
{"level":"http","message":"\u001b[0mGET /uploads/products/1770640122887-295396351.jpg \u001b[36m304 \u001b[0m2.872 ms - -\u001b[0m","service":"eveqestudio-backend","timestamp":"2026-03-03 09:45:49"}
{"level":"http","message":"\u001b[0mGET /uploads/products/1770700985075-453253349.jpg \u001b[36m304 \u001b[0m4.163 ms - -\u001b[0m","service":"eveqestudio-backend","timestamp":"2026-03-03 09:45:49"}
{"level":"http","message":"\u001b[0mGET /uploads/products/1770700985075-180738284.jpg \u001b[36m304 \u001b[0m4.822 ms - -\u001b[0m","service":"eveqestudio-backend","timestamp":"2026-03-03 09:45:49"}
{"level":"http","message":"\u001b[0mGET /uploads/products/1770640132988-484568725.jpg \u001b[36m304 \u001b[0m3.610 ms - -\u001b[0m","service":"eveqestudio-backend","timestamp":"2026-03-03 09:45:49"}
{"level":"http","message":"\u001b[0mGET /uploads/products/1770640132988-724191272.jpg \u001b[36m304 \u001b[0m19.951 ms - -\u001b[0m","service":"eveqestudio-backend","timestamp":"2026-03-03 09:45:49"}
{"level":"http","message":"\u001b[0mGET /uploads/categories/4cff487a-664d-4714-bac2-bd583a536f8a.jpg \u001b[36m304 \u001b[0m20.210 ms - -\u001b[0m","service":"eveqestudio-backend","timestamp":"2026-03-03 09:45:49"}
{"level":"http","message":"\u001b[0mGET /uploads/categories/f8c13049-2922-453b-b8c4-30a6ffe810bb.webp \u001b[36m304 \u001b[0m22.194 ms - -\u001b[0m","service":"eveqestudio-backend","timestamp":"2026-03-03 09:45:49"}
