{"level":"info","message":"Server is starting...","service":"eveqestudio-backend","timestamp":"2026-02-23 11:16:01"}
{"level":"info","message":"Server running on port 5000","service":"eveqestudio-backend","timestamp":"2026-02-23 11:16:01"}
{"level":"http","message":"\u001b[0mGET /api/coupon/all \u001b[36m304 \u001b[0m78.719 ms - -\u001b[0m","service":"eveqestudio-backend","timestamp":"2026-02-23 11:16:17"}
{"level":"http","message":"\u001b[0mGET /api/category/public \u001b[36m304 \u001b[0m88.917 ms - -\u001b[0m","service":"eveqestudio-backend","timestamp":"2026-02-23 11:16:17"}
{"level":"http","message":"\u001b[0mGET /api/bxgy-coupon \u001b[36m304 \u001b[0m233.993 ms - -\u001b[0m","service":"eveqestudio-backend","timestamp":"2026-02-23 11:16:17"}
{"level":"http","message":"\u001b[0mGET /api/product/customer/products \u001b[36m304 \u001b[0m1800.487 ms - -\u001b[0m","service":"eveqestudio-backend","timestamp":"2026-02-23 11:16:18"}
{"level":"http","message":"\u001b[0mGET /api/coupon/all \u001b[36m304 \u001b[0m1576.449 ms - -\u001b[0m","service":"eveqestudio-backend","timestamp":"2026-02-23 11:16:18"}
{"level":"http","message":"\u001b[0mGET /api/category/public \u001b[36m304 \u001b[0m16.993 ms - -\u001b[0m","service":"eveqestudio-backend","timestamp":"2026-02-23 11:16:18"}
{"level":"http","message":"\u001b[0mGET /api/product/customer/products \u001b[36m304 \u001b[0m1582.988 ms - -\u001b[0m","service":"eveqestudio-backend","timestamp":"2026-02-23 11:16:20"}
{"level":"http","message":"\u001b[0mGET /api/bxgy-coupon \u001b[36m304 \u001b[0m1591.254 ms - -\u001b[0m","service":"eveqestudio-backend","timestamp":"2026-02-23 11:16:20"}
{"level":"http","message":"\u001b[0mGET /api/category/public \u001b[36m304 \u001b[0m1551.768 ms - -\u001b[0m","service":"eveqestudio-backend","timestamp":"2026-02-23 11:16:20"}
{"level":"http","message":"\u001b[0mGET /uploads/products/1770893351934-112110058.jpg \u001b[36m304 \u001b[0m6.928 ms - -\u001b[0m","service":"eveqestudio-backend","timestamp":"2026-02-23 11:16:20"}
{"level":"http","message":"\u001b[0mGET /uploads/products/1770893351935-327085415.jpg \u001b[36m304 \u001b[0m7.419 ms - -\u001b[0m","service":"eveqestudio-backend","timestamp":"2026-02-23 11:16:20"}
{"level":"http","message":"\u001b[0mGET /api/category/public \u001b[36m304 \u001b[0m19.287 ms - -\u001b[0m","service":"eveqestudio-backend","timestamp":"2026-02-23 11:16:20"}
{"level":"http","message":"\u001b[0mGET /uploads/products/1770713353839-456456574.jpg \u001b[36m304 \u001b[0m17.042 ms - -\u001b[0m","service":"eveqestudio-backend","timestamp":"2026-02-23 11:16:20"}
{"level":"http","message":"\u001b[0mGET /uploads/products/1770713353840-757535187.jpg \u001b[36m304 \u001b[0m3.332 ms - -\u001b[0m","service":"eveqestudio-backend","timestamp":"2026-02-23 11:16:20"}
{"level":"http","message":"\u001b[0mGET /uploads/products/1770701132812-623649961.jpg \u001b[36m304 \u001b[0m3.895 ms - -\u001b[0m","service":"eveqestudio-backend","timestamp":"2026-02-23 11:16:20"}
{"level":"http","message":"\u001b[0mGET /api/category/public \u001b[36m304 \u001b[0m7.907 ms - -\u001b[0m","service":"eveqestudio-backend","timestamp":"2026-02-23 11:16:20"}
{"level":"http","message":"\u001b[0mGET /uploads/products/1770701133074-526466174.jpg \u001b[36m304 \u001b[0m7.061 ms - -\u001b[0m","service":"eveqestudio-backend","timestamp":"2026-02-23 11:16:20"}
{"level":"http","message":"\u001b[0mGET /uploads/products/1770699985375-234972420.jpg \u001b[36m304 \u001b[0m6.025 ms - -\u001b[0m","service":"eveqestudio-backend","timestamp":"2026-02-23 11:16:20"}
{"level":"http","message":"\u001b[0mGET /uploads/products/1770699985377-98704428.mp4 \u001b[36m304 \u001b[0m5.025 ms - -\u001b[0m","service":"eveqestudio-backend","timestamp":"2026-02-23 11:16:20"}
{"level":"http","message":"\u001b[0mGET /uploads/products/1770640100075-802217584.jpg \u001b[36m304 \u001b[0m5.627 ms - -\u001b[0m","service":"eveqestudio-backend","timestamp":"2026-02-23 11:16:20"}
{"level":"http","message":"\u001b[0mGET /api/category/public \u001b[36m304 \u001b[0m8.650 ms - -\u001b[0m","service":"eveqestudio-backend","timestamp":"2026-02-23 11:16:20"}
{"level":"http","message":"\u001b[0mGET /uploads/products/1770640100076-415734679.webp \u001b[36m304 \u001b[0m7.872 ms - -\u001b[0m","service":"eveqestudio-backend","timestamp":"2026-02-23 11:16:20"}
{"level":"http","message":"\u001b[0mGET /uploads/products/1770640111827-393967829.jpg \u001b[36m304 \u001b[0m7.117 ms - -\u001b[0m","service":"eveqestudio-backend","timestamp":"2026-02-23 11:16:20"}
{"level":"http","message":"\u001b[0mGET /uploads/products/1770640111827-510526885.jpg \u001b[36m304 \u001b[0m7.813 ms - -\u001b[0m","service":"eveqestudio-backend","timestamp":"2026-02-23 11:16:20"}
{"level":"http","message":"\u001b[0mGET /uploads/products/1770640122887-780021415.jpg \u001b[36m304 \u001b[0m4.145 ms - -\u001b[0m","service":"eveqestudio-backend","timestamp":"2026-02-23 11:16:20"}
{"level":"http","message":"\u001b[0mGET /uploads/products/1770640122887-295396351.jpg \u001b[36m304 \u001b[0m5.683 ms - -\u001b[0m","service":"eveqestudio-backend","timestamp":"2026-02-23 11:16:20"}
{"level":"http","message":"\u001b[0mGET /uploads/products/1770700985075-453253349.jpg \u001b[36m304 \u001b[0m3.996 ms - -\u001b[0m","service":"eveqestudio-backend","timestamp":"2026-02-23 11:16:20"}
{"level":"http","message":"\u001b[0mGET /uploads/products/1770700985075-180738284.jpg \u001b[36m304 \u001b[0m4.557 ms - -\u001b[0m","service":"eveqestudio-backend","timestamp":"2026-02-23 11:16:20"}
{"level":"http","message":"\u001b[0mGET /uploads/products/1770640132988-484568725.jpg \u001b[36m304 \u001b[0m4.961 ms - -\u001b[0m","service":"eveqestudio-backend","timestamp":"2026-02-23 11:16:20"}
{"level":"http","message":"\u001b[0mGET /uploads/products/1770640132988-724191272.jpg \u001b[36m304 \u001b[0m3.650 ms - -\u001b[0m","service":"eveqestudio-backend","timestamp":"2026-02-23 11:16:20"}
{"level":"http","message":"\u001b[0mGET /uploads/categories/1108a604-7165-422d-bd9f-c4795039fef4.jpg \u001b[36m304 \u001b[0m4.086 ms - -\u001b[0m","service":"eveqestudio-backend","timestamp":"2026-02-23 11:16:20"}
{"level":"http","message":"\u001b[0mGET /uploads/categories/9c755664-289a-4fdf-9cef-368c97ee1dc7.jpg \u001b[36m304 \u001b[0m3.024 ms - -\u001b[0m","service":"eveqestudio-backend","timestamp":"2026-02-23 11:16:20"}
{"level":"http","message":"\u001b[0mGET /uploads/categories/bf946713-3129-43b9-90fe-5148796e9620.jpg \u001b[36m304 \u001b[0m2.832 ms - -\u001b[0m","service":"eveqestudio-backend","timestamp":"2026-02-23 11:16:20"}
{"level":"http","message":"\u001b[0mGET /uploads/categories/d2923d48-9ab0-4838-8f54-9002b35c7213.jpg \u001b[36m304 \u001b[0m2.301 ms - -\u001b[0m","service":"eveqestudio-backend","timestamp":"2026-02-23 11:16:20"}
{"level":"http","message":"\u001b[0mGET /uploads/categories/dada3604-d201-40c3-b93a-0669a1066148.jpg \u001b[36m304 \u001b[0m3.749 ms - -\u001b[0m","service":"eveqestudio-backend","timestamp":"2026-02-23 11:16:20"}
{"level":"http","message":"\u001b[0mGET /uploads/categories/7f65856c-1dfa-41a4-8dfb-1b69cbc48129.jpg \u001b[36m304 \u001b[0m3.941 ms - -\u001b[0m","service":"eveqestudio-backend","timestamp":"2026-02-23 11:16:20"}
{"level":"http","message":"\u001b[0mGET /uploads/categories/bc597386-f190-4858-8878-3fab97908911.jpg \u001b[36m304 \u001b[0m4.621 ms - -\u001b[0m","service":"eveqestudio-backend","timestamp":"2026-02-23 11:16:20"}
{"level":"http","message":"\u001b[0mGET /uploads/categories/bea7c1af-d465-4647-b591-3a5df513404b.jpg \u001b[36m304 \u001b[0m2.977 ms - -\u001b[0m","service":"eveqestudio-backend","timestamp":"2026-02-23 11:16:20"}
{"level":"http","message":"\u001b[0mGET /uploads/categories/729f495f-ad45-4288-8d83-d640afe47893.jpg \u001b[36m304 \u001b[0m3.660 ms - -\u001b[0m","service":"eveqestudio-backend","timestamp":"2026-02-23 11:16:20"}
{"level":"http","message":"\u001b[0mGET /uploads/categories/e3f72115-28af-4ce7-8a9c-1c0cc8d40931.jpg \u001b[36m304 \u001b[0m0.865 ms - -\u001b[0m","service":"eveqestudio-backend","timestamp":"2026-02-23 11:16:20"}
{"level":"http","message":"\u001b[0mGET /uploads/categories/4cff487a-664d-4714-bac2-bd583a536f8a.jpg \u001b[36m304 \u001b[0m1.622 ms - -\u001b[0m","service":"eveqestudio-backend","timestamp":"2026-02-23 11:16:20"}
{"level":"http","message":"\u001b[0mGET /uploads/categories/f8c13049-2922-453b-b8c4-30a6ffe810bb.webp \u001b[36m304 \u001b[0m1.293 ms - -\u001b[0m","service":"eveqestudio-backend","timestamp":"2026-02-23 11:16:20"}
{"level":"http","message":"\u001b[0mGET /api/product/customer/products \u001b[36m304 \u001b[0m1409.561 ms - -\u001b[0m","service":"eveqestudio-backend","timestamp":"2026-02-23 11:16:41"}
{"level":"http","message":"\u001b[0mGET /api/product/customer/products \u001b[36m304 \u001b[0m1344.573 ms - -\u001b[0m","service":"eveqestudio-backend","timestamp":"2026-02-23 11:16:42"}
{"level":"http","message":"\u001b[0mGET /uploads/products/1770893351934-112110058.jpg \u001b[36m304 \u001b[0m7.508 ms - -\u001b[0m","service":"eveqestudio-backend","timestamp":"2026-02-23 11:16:42"}
{"level":"http","message":"\u001b[0mGET /uploads/products/1770893351935-327085415.jpg \u001b[36m304 \u001b[0m8.241 ms - -\u001b[0m","service":"eveqestudio-backend","timestamp":"2026-02-23 11:16:42"}
{"level":"http","message":"\u001b[0mGET /uploads/products/1770713353839-456456574.jpg \u001b[36m304 \u001b[0m8.857 ms - -\u001b[0m","service":"eveqestudio-backend","timestamp":"2026-02-23 11:16:42"}
{"level":"http","message":"\u001b[0mGET /uploads/products/1770713353840-757535187.jpg \u001b[36m304 \u001b[0m9.739 ms - -\u001b[0m","service":"eveqestudio-backend","timestamp":"2026-02-23 11:16:42"}
{"level":"http","message":"\u001b[0mGET /uploads/products/1770701132812-623649961.jpg \u001b[36m304 \u001b[0m10.196 ms - -\u001b[0m","service":"eveqestudio-backend","timestamp":"2026-02-23 11:16:42"}
{"level":"http","message":"\u001b[0mGET /uploads/products/1770699985375-234972420.jpg \u001b[36m304 \u001b[0m11.494 ms - -\u001b[0m","service":"eveqestudio-backend","timestamp":"2026-02-23 11:16:42"}
{"level":"http","message":"\u001b[0mGET /api/coupon/all \u001b[36m304 \u001b[0m13.743 ms - -\u001b[0m","service":"eveqestudio-backend","timestamp":"2026-02-23 11:16:42"}
{"level":"http","message":"\u001b[0mGET /api/category/public \u001b[36m304 \u001b[0m21.182 ms - -\u001b[0m","service":"eveqestudio-backend","timestamp":"2026-02-23 11:16:42"}
{"level":"http","message":"\u001b[0mGET /api/bxgy-coupon \u001b[36m304 \u001b[0m31.124 ms - -\u001b[0m","service":"eveqestudio-backend","timestamp":"2026-02-23 11:16:42"}
{"level":"http","message":"\u001b[0mGET /uploads/products/1770699985377-98704428.mp4 \u001b[36m304 \u001b[0m8.273 ms - -\u001b[0m","service":"eveqestudio-backend","timestamp":"2026-02-23 11:16:42"}
{"level":"http","message":"\u001b[0mGET /uploads/products/1770640100076-415734679.webp \u001b[36m304 \u001b[0m9.002 ms - -\u001b[0m","service":"eveqestudio-backend","timestamp":"2026-02-23 11:16:42"}
{"level":"http","message":"\u001b[0mGET /uploads/products/1770701133074-526466174.jpg \u001b[36m304 \u001b[0m9.942 ms - -\u001b[0m","service":"eveqestudio-backend","timestamp":"2026-02-23 11:16:42"}
{"level":"http","message":"\u001b[0mGET /uploads/products/1770640100075-802217584.jpg \u001b[36m304 \u001b[0m10.901 ms - -\u001b[0m","service":"eveqestudio-backend","timestamp":"2026-02-23 11:16:42"}
{"level":"http","message":"\u001b[0mGET /api/coupon/all \u001b[36m304 \u001b[0m12.642 ms - -\u001b[0m","service":"eveqestudio-backend","timestamp":"2026-02-23 11:16:42"}
{"level":"http","message":"\u001b[0mGET /api/category/public \u001b[36m304 \u001b[0m13.541 ms - -\u001b[0m","service":"eveqestudio-backend","timestamp":"2026-02-23 11:16:42"}
{"level":"http","message":"\u001b[0mGET /uploads/products/1770640111827-393967829.jpg \u001b[36m304 \u001b[0m3.691 ms - -\u001b[0m","service":"eveqestudio-backend","timestamp":"2026-02-23 11:16:42"}
{"level":"http","message":"\u001b[0mGET /uploads/products/1770640111827-510526885.jpg \u001b[36m304 \u001b[0m4.921 ms - -\u001b[0m","service":"eveqestudio-backend","timestamp":"2026-02-23 11:16:42"}
{"level":"http","message":"\u001b[0mGET /api/bxgy-coupon \u001b[36m304 \u001b[0m14.155 ms - -\u001b[0m","service":"eveqestudio-backend","timestamp":"2026-02-23 11:16:42"}
{"level":"http","message":"\u001b[0mGET /uploads/products/1770640122887-780021415.jpg \u001b[36m304 \u001b[0m8.514 ms - -\u001b[0m","service":"eveqestudio-backend","timestamp":"2026-02-23 11:16:42"}
{"level":"http","message":"\u001b[0mGET /api/category/public \u001b[36m304 \u001b[0m11.533 ms - -\u001b[0m","service":"eveqestudio-backend","timestamp":"2026-02-23 11:16:42"}
{"level":"http","message":"\u001b[0mGET /uploads/products/1770640122887-295396351.jpg \u001b[36m304 \u001b[0m3.314 ms - -\u001b[0m","service":"eveqestudio-backend","timestamp":"2026-02-23 11:16:42"}
{"level":"http","message":"\u001b[0mGET /uploads/products/1770700985075-453253349.jpg \u001b[36m304 \u001b[0m3.755 ms - -\u001b[0m","service":"eveqestudio-backend","timestamp":"2026-02-23 11:16:42"}
{"level":"http","message":"\u001b[0mGET /uploads/products/1770700985075-180738284.jpg \u001b[36m304 \u001b[0m3.984 ms - -\u001b[0m","service":"eveqestudio-backend","timestamp":"2026-02-23 11:16:42"}
{"level":"http","message":"\u001b[0mGET /uploads/products/1770640132988-484568725.jpg \u001b[36m304 \u001b[0m5.602 ms - -\u001b[0m","service":"eveqestudio-backend","timestamp":"2026-02-23 11:16:42"}
{"level":"http","message":"\u001b[0mGET /uploads/products/1770640132988-724191272.jpg \u001b[36m304 \u001b[0m7.982 ms - -\u001b[0m","service":"eveqestudio-backend","timestamp":"2026-02-23 11:16:42"}
{"level":"http","message":"\u001b[0mGET /api/category/public \u001b[36m304 \u001b[0m11.590 ms - -\u001b[0m","service":"eveqestudio-backend","timestamp":"2026-02-23 11:16:42"}
{"level":"http","message":"\u001b[0mGET /api/coupon/all \u001b[36m304 \u001b[0m24.687 ms - -\u001b[0m","service":"eveqestudio-backend","timestamp":"2026-02-23 11:19:08"}
{"level":"http","message":"\u001b[0mGET /api/category/public \u001b[36m304 \u001b[0m25.648 ms - -\u001b[0m","service":"eveqestudio-backend","timestamp":"2026-02-23 11:19:08"}
{"level":"http","message":"\u001b[0mGET /api/product/customer/products \u001b[36m304 \u001b[0m1555.052 ms - -\u001b[0m","service":"eveqestudio-backend","timestamp":"2026-02-23 11:19:09"}
{"level":"http","message":"\u001b[0mGET /api/bxgy-coupon \u001b[36m304 \u001b[0m1576.599 ms - -\u001b[0m","service":"eveqestudio-backend","timestamp":"2026-02-23 11:19:09"}
{"level":"http","message":"\u001b[0mGET /api/coupon/all \u001b[36m304 \u001b[0m18.906 ms - -\u001b[0m","service":"eveqestudio-backend","timestamp":"2026-02-23 11:19:09"}
{"level":"http","message":"\u001b[0mGET /api/category/public \u001b[36m304 \u001b[0m22.785 ms - -\u001b[0m","service":"eveqestudio-backend","timestamp":"2026-02-23 11:19:09"}
{"level":"http","message":"\u001b[0mGET /api/product/customer/products \u001b[36m304 \u001b[0m1824.558 ms - -\u001b[0m","service":"eveqestudio-backend","timestamp":"2026-02-23 11:19:11"}
{"level":"http","message":"\u001b[0mGET /uploads/products/1770701133074-526466174.jpg \u001b[36m304 \u001b[0m1807.094 ms - -\u001b[0m","service":"eveqestudio-backend","timestamp":"2026-02-23 11:19:11"}
{"level":"http","message":"\u001b[0mGET /uploads/products/1770713353840-757535187.jpg \u001b[36m304 \u001b[0m1807.535 ms - -\u001b[0m","service":"eveqestudio-backend","timestamp":"2026-02-23 11:19:11"}
{"level":"http","message":"\u001b[0mGET /uploads/products/1770713353839-456456574.jpg \u001b[36m304 \u001b[0m1808.681 ms - -\u001b[0m","service":"eveqestudio-backend","timestamp":"2026-02-23 11:19:11"}
{"level":"http","message":"\u001b[0mGET /uploads/products/1770640111827-393967829.jpg \u001b[36m304 \u001b[0m1809.725 ms - -\u001b[0m","service":"eveqestudio-backend","timestamp":"2026-02-23 11:19:11"}
{"level":"http","message":"\u001b[0mGET /uploads/products/1770640111827-510526885.jpg \u001b[36m304 \u001b[0m1810.784 ms - -\u001b[0m","service":"eveqestudio-backend","timestamp":"2026-02-23 11:19:11"}
{"level":"http","message":"\u001b[0mGET /uploads/products/1770701132812-623649961.jpg \u001b[36m304 \u001b[0m1812.242 ms - -\u001b[0m","service":"eveqestudio-backend","timestamp":"2026-02-23 11:19:11"}
{"level":"http","message":"\u001b[0mGET /api/bxgy-coupon \u001b[36m304 \u001b[0m1829.853 ms - -\u001b[0m","service":"eveqestudio-backend","timestamp":"2026-02-23 11:19:11"}
{"level":"http","message":"\u001b[0mGET /api/category/public \u001b[36m304 \u001b[0m1724.677 ms - -\u001b[0m","service":"eveqestudio-backend","timestamp":"2026-02-23 11:19:11"}
{"level":"http","message":"\u001b[0mGET /api/category/public \u001b[36m304 \u001b[0m6.472 ms - -\u001b[0m","service":"eveqestudio-backend","timestamp":"2026-02-23 11:19:11"}
{"level":"http","message":"\u001b[0mGET /api/coupon/all \u001b[36m304 \u001b[0m13.418 ms - -\u001b[0m","service":"eveqestudio-backend","timestamp":"2026-02-23 11:19:36"}
{"level":"http","message":"\u001b[0mGET /api/category/public \u001b[36m304 \u001b[0m16.661 ms - -\u001b[0m","service":"eveqestudio-backend","timestamp":"2026-02-23 11:19:36"}
{"level":"http","message":"\u001b[0mGET /api/product/customer/products \u001b[36m304 \u001b[0m1400.941 ms - -\u001b[0m","service":"eveqestudio-backend","timestamp":"2026-02-23 11:19:37"}
{"level":"http","message":"\u001b[0mGET /api/bxgy-coupon \u001b[36m304 \u001b[0m1408.397 ms - -\u001b[0m","service":"eveqestudio-backend","timestamp":"2026-02-23 11:19:37"}
{"level":"http","message":"\u001b[0mGET /api/coupon/all \u001b[36m304 \u001b[0m1410.632 ms - -\u001b[0m","service":"eveqestudio-backend","timestamp":"2026-02-23 11:19:37"}
{"level":"http","message":"\u001b[0mGET /api/category/public \u001b[36m304 \u001b[0m31.697 ms - -\u001b[0m","service":"eveqestudio-backend","timestamp":"2026-02-23 11:19:37"}
{"level":"http","message":"\u001b[0mGET /api/product/customer/products \u001b[36m304 \u001b[0m1419.674 ms - -\u001b[0m","service":"eveqestudio-backend","timestamp":"2026-02-23 11:19:39"}
{"level":"http","message":"\u001b[0mGET /api/category/public \u001b[36m304 \u001b[0m10.254 ms - -\u001b[0m","service":"eveqestudio-backend","timestamp":"2026-02-23 11:19:39"}
{"level":"http","message":"\u001b[0mGET /api/bxgy-coupon \u001b[36m304 \u001b[0m1431.951 ms - -\u001b[0m","service":"eveqestudio-backend","timestamp":"2026-02-23 11:19:39"}
{"level":"http","message":"\u001b[0mGET /uploads/products/1770893351934-112110058.jpg \u001b[36m304 \u001b[0m8.163 ms - -\u001b[0m","service":"eveqestudio-backend","timestamp":"2026-02-23 11:19:39"}
{"level":"http","message":"\u001b[0mGET /uploads/products/1770893351935-327085415.jpg \u001b[36m304 \u001b[0m6.907 ms - -\u001b[0m","service":"eveqestudio-backend","timestamp":"2026-02-23 11:19:39"}
{"level":"http","message":"\u001b[0mGET /api/category/public \u001b[36m304 \u001b[0m16.104 ms - -\u001b[0m","service":"eveqestudio-backend","timestamp":"2026-02-23 11:19:39"}
{"level":"http","message":"\u001b[0mGET /uploads/products/1770713353839-456456574.jpg \u001b[36m304 \u001b[0m5.353 ms - -\u001b[0m","service":"eveqestudio-backend","timestamp":"2026-02-23 11:19:39"}
{"level":"http","message":"\u001b[0mGET /uploads/products/1770713353840-757535187.jpg \u001b[36m304 \u001b[0m5.915 ms - -\u001b[0m","service":"eveqestudio-backend","timestamp":"2026-02-23 11:19:39"}
{"level":"http","message":"\u001b[0mGET /uploads/products/1770701132812-623649961.jpg \u001b[36m304 \u001b[0m5.587 ms - -\u001b[0m","service":"eveqestudio-backend","timestamp":"2026-02-23 11:19:39"}
{"level":"http","message":"\u001b[0mGET /uploads/products/1770701133074-526466174.jpg \u001b[36m304 \u001b[0m6.415 ms - -\u001b[0m","service":"eveqestudio-backend","timestamp":"2026-02-23 11:19:39"}
{"level":"http","message":"\u001b[0mGET /api/category/public \u001b[36m304 \u001b[0m13.231 ms - -\u001b[0m","service":"eveqestudio-backend","timestamp":"2026-02-23 11:19:39"}
{"level":"http","message":"\u001b[0mGET /uploads/products/1770699985375-234972420.jpg \u001b[36m304 \u001b[0m13.254 ms - -\u001b[0m","service":"eveqestudio-backend","timestamp":"2026-02-23 11:19:39"}
{"level":"http","message":"\u001b[0mGET /uploads/categories/9c755664-289a-4fdf-9cef-368c97ee1dc7.jpg \u001b[36m304 \u001b[0m9.772 ms - -\u001b[0m","service":"eveqestudio-backend","timestamp":"2026-02-23 11:19:39"}
{"level":"http","message":"\u001b[0mGET /uploads/products/1770640111827-510526885.jpg \u001b[36m304 \u001b[0m10.684 ms - -\u001b[0m","service":"eveqestudio-backend","timestamp":"2026-02-23 11:19:39"}
{"level":"http","message":"\u001b[0mGET /uploads/categories/d2923d48-9ab0-4838-8f54-9002b35c7213.jpg \u001b[36m304 \u001b[0m12.057 ms - -\u001b[0m","service":"eveqestudio-backend","timestamp":"2026-02-23 11:19:39"}
{"level":"http","message":"\u001b[0mGET /uploads/products/1770699985377-98704428.mp4 \u001b[36m304 \u001b[0m6.511 ms - -\u001b[0m","service":"eveqestudio-backend","timestamp":"2026-02-23 11:19:39"}
{"level":"http","message":"\u001b[0mGET /uploads/products/1770640122887-295396351.jpg \u001b[36m304 \u001b[0m4.309 ms - -\u001b[0m","service":"eveqestudio-backend","timestamp":"2026-02-23 11:19:39"}
{"level":"http","message":"\u001b[0mGET /uploads/products/1770700985075-180738284.jpg \u001b[36m304 \u001b[0m3.911 ms - -\u001b[0m","service":"eveqestudio-backend","timestamp":"2026-02-23 11:19:39"}
{"level":"http","message":"\u001b[0mGET /uploads/products/1770640100076-415734679.webp \u001b[36m304 \u001b[0m4.186 ms - -\u001b[0m","service":"eveqestudio-backend","timestamp":"2026-02-23 11:19:39"}
{"level":"http","message":"\u001b[0mGET /api/category/public \u001b[36m304 \u001b[0m9.417 ms - -\u001b[0m","service":"eveqestudio-backend","timestamp":"2026-02-23 11:19:39"}
{"level":"http","message":"\u001b[0mGET /uploads/products/1770700985075-453253349.jpg \u001b[36m304 \u001b[0m7.676 ms - -\u001b[0m","service":"eveqestudio-backend","timestamp":"2026-02-23 11:19:39"}
{"level":"http","message":"\u001b[0mGET /uploads/products/1770640122887-780021415.jpg \u001b[36m304 \u001b[0m5.889 ms - -\u001b[0m","service":"eveqestudio-backend","timestamp":"2026-02-23 11:19:39"}
{"level":"http","message":"\u001b[0mGET /uploads/categories/bea7c1af-d465-4647-b591-3a5df513404b.jpg \u001b[36m304 \u001b[0m7.355 ms - -\u001b[0m","service":"eveqestudio-backend","timestamp":"2026-02-23 11:19:39"}
{"level":"http","message":"\u001b[0mGET /uploads/categories/bf946713-3129-43b9-90fe-5148796e9620.jpg \u001b[36m304 \u001b[0m6.385 ms - -\u001b[0m","service":"eveqestudio-backend","timestamp":"2026-02-23 11:19:39"}
{"level":"http","message":"\u001b[0mGET /uploads/categories/729f495f-ad45-4288-8d83-d640afe47893.jpg \u001b[36m304 \u001b[0m2.845 ms - -\u001b[0m","service":"eveqestudio-backend","timestamp":"2026-02-23 11:19:39"}
{"level":"http","message":"\u001b[0mGET /uploads/products/1770640132988-724191272.jpg \u001b[36m304 \u001b[0m2.988 ms - -\u001b[0m","service":"eveqestudio-backend","timestamp":"2026-02-23 11:19:39"}
{"level":"http","message":"\u001b[0mGET /uploads/products/1770640111827-393967829.jpg \u001b[36m304 \u001b[0m3.111 ms - -\u001b[0m","service":"eveqestudio-backend","timestamp":"2026-02-23 11:19:39"}
{"level":"http","message":"\u001b[0mGET /uploads/products/1770640132988-484568725.jpg \u001b[36m304 \u001b[0m3.461 ms - -\u001b[0m","service":"eveqestudio-backend","timestamp":"2026-02-23 11:19:39"}
{"level":"http","message":"\u001b[0mGET /uploads/products/1770640100075-802217584.jpg \u001b[36m304 \u001b[0m3.820 ms - -\u001b[0m","service":"eveqestudio-backend","timestamp":"2026-02-23 11:19:39"}
{"level":"http","message":"\u001b[0mGET /uploads/categories/4cff487a-664d-4714-bac2-bd583a536f8a.jpg \u001b[36m304 \u001b[0m4.014 ms - -\u001b[0m","service":"eveqestudio-backend","timestamp":"2026-02-23 11:19:39"}
{"level":"http","message":"\u001b[0mGET /uploads/categories/7f65856c-1dfa-41a4-8dfb-1b69cbc48129.jpg \u001b[36m304 \u001b[0m2.299 ms - -\u001b[0m","service":"eveqestudio-backend","timestamp":"2026-02-23 11:19:39"}
{"level":"http","message":"\u001b[0mGET /uploads/categories/bc597386-f190-4858-8878-3fab97908911.jpg \u001b[36m304 \u001b[0m3.066 ms - -\u001b[0m","service":"eveqestudio-backend","timestamp":"2026-02-23 11:19:39"}
{"level":"http","message":"\u001b[0mGET /uploads/categories/dada3604-d201-40c3-b93a-0669a1066148.jpg \u001b[36m304 \u001b[0m3.349 ms - -\u001b[0m","service":"eveqestudio-backend","timestamp":"2026-02-23 11:19:39"}
{"level":"http","message":"\u001b[0mGET /uploads/categories/f8c13049-2922-453b-b8c4-30a6ffe810bb.webp \u001b[36m304 \u001b[0m3.831 ms - -\u001b[0m","service":"eveqestudio-backend","timestamp":"2026-02-23 11:19:39"}
{"level":"http","message":"\u001b[0mGET /uploads/categories/e3f72115-28af-4ce7-8a9c-1c0cc8d40931.jpg \u001b[36m304 \u001b[0m4.720 ms - -\u001b[0m","service":"eveqestudio-backend","timestamp":"2026-02-23 11:19:39"}
{"level":"http","message":"\u001b[0mGET /uploads/categories/1108a604-7165-422d-bd9f-c4795039fef4.jpg \u001b[36m304 \u001b[0m1.353 ms - -\u001b[0m","service":"eveqestudio-backend","timestamp":"2026-02-23 11:19:39"}
{"level":"http","message":"\u001b[0mGET /api/product/customer/products \u001b[36m304 \u001b[0m1052.755 ms - -\u001b[0m","service":"eveqestudio-backend","timestamp":"2026-02-23 11:19:56"}
{"level":"http","message":"\u001b[0mGET /api/product/customer/products \u001b[36m304 \u001b[0m1517.607 ms - -\u001b[0m","service":"eveqestudio-backend","timestamp":"2026-02-23 11:19:58"}
{"level":"http","message":"\u001b[0mGET /uploads/products/1770699985377-98704428.mp4 \u001b[36m304 \u001b[0m7.907 ms - -\u001b[0m","service":"eveqestudio-backend","timestamp":"2026-02-23 11:19:58"}
{"level":"http","message":"\u001b[0mGET /api/coupon/all \u001b[36m304 \u001b[0m13.428 ms - -\u001b[0m","service":"eveqestudio-backend","timestamp":"2026-02-23 11:19:58"}
{"level":"http","message":"\u001b[0mGET /api/category/public \u001b[36m304 \u001b[0m21.786 ms - -\u001b[0m","service":"eveqestudio-backend","timestamp":"2026-02-23 11:19:58"}
{"level":"http","message":"\u001b[0mGET /api/bxgy-coupon \u001b[36m304 \u001b[0m30.255 ms - -\u001b[0m","service":"eveqestudio-backend","timestamp":"2026-02-23 11:19:58"}
{"level":"http","message":"\u001b[0mGET /api/coupon/all \u001b[36m304 \u001b[0m9.326 ms - -\u001b[0m","service":"eveqestudio-backend","timestamp":"2026-02-23 11:19:58"}
{"level":"http","message":"\u001b[0mGET /api/category/public \u001b[36m304 \u001b[0m11.085 ms - -\u001b[0m","service":"eveqestudio-backend","timestamp":"2026-02-23 11:19:58"}
{"level":"http","message":"\u001b[0mGET /api/category/public \u001b[36m304 \u001b[0m4.803 ms - -\u001b[0m","service":"eveqestudio-backend","timestamp":"2026-02-23 11:19:58"}
{"level":"http","message":"\u001b[0mGET /api/bxgy-coupon \u001b[36m304 \u001b[0m15.673 ms - -\u001b[0m","service":"eveqestudio-backend","timestamp":"2026-02-23 11:19:58"}
{"level":"http","message":"\u001b[0mGET /api/category/public \u001b[36m304 \u001b[0m3.655 ms - -\u001b[0m","service":"eveqestudio-backend","timestamp":"2026-02-23 11:19:58"}
{"level":"info","message":"Server is starting...","service":"eveqestudio-backend","timestamp":"2026-02-23 11:49:04"}
{"level":"info","message":"Server running on port 5000","service":"eveqestudio-backend","timestamp":"2026-02-23 11:49:04"}
{"level":"info","message":"Server is starting...","service":"eveqestudio-backend","timestamp":"2026-02-23 12:06:13"}
{"level":"info","message":"Server running on port 5000","service":"eveqestudio-backend","timestamp":"2026-02-23 12:06:13"}
{"level":"info","message":"Server is starting...","service":"eveqestudio-backend","timestamp":"2026-02-23 12:16:57"}
{"level":"info","message":"Server running on port 5000","service":"eveqestudio-backend","timestamp":"2026-02-23 12:16:57"}
{"level":"info","message":"Server is starting...","service":"eveqestudio-backend","timestamp":"2026-02-23 12:18:06"}
{"level":"info","message":"Server running on port 5000","service":"eveqestudio-backend","timestamp":"2026-02-23 12:18:06"}
{"level":"info","message":"Server is starting...","service":"eveqestudio-backend","timestamp":"2026-02-23 12:38:04"}
{"level":"info","message":"Server running on port 5000","service":"eveqestudio-backend","timestamp":"2026-02-23 12:38:04"}
{"level":"info","message":"Server is starting...","service":"eveqestudio-backend","timestamp":"2026-02-23 12:39:43"}
{"level":"info","message":"Server running on port 5000","service":"eveqestudio-backend","timestamp":"2026-02-23 12:39:43"}
{"level":"info","message":"Server is starting...","service":"eveqestudio-backend","timestamp":"2026-02-23 12:39:53"}
{"level":"info","message":"Server running on port 5000","service":"eveqestudio-backend","timestamp":"2026-02-23 12:39:53"}
{"level":"info","message":"Server is starting...","service":"eveqestudio-backend","timestamp":"2026-02-23 12:48:44"}
{"level":"info","message":"Server running on port 5000","service":"eveqestudio-backend","timestamp":"2026-02-23 12:48:44"}
{"level":"info","message":"Server is starting...","service":"eveqestudio-backend","timestamp":"2026-02-23 12:51:32"}
{"level":"info","message":"Server running on port 5000","service":"eveqestudio-backend","timestamp":"2026-02-23 12:51:32"}
{"level":"info","message":"Server is starting...","service":"eveqestudio-backend","timestamp":"2026-02-23 12:51:52"}
{"level":"info","message":"Server running on port 5000","service":"eveqestudio-backend","timestamp":"2026-02-23 12:51:52"}
{"level":"info","message":"Server is starting...","service":"eveqestudio-backend","timestamp":"2026-02-23 14:01:34"}
{"level":"info","message":"Server running on port 5000","service":"eveqestudio-backend","timestamp":"2026-02-23 14:01:34"}
{"level":"http","message":"\u001b[0mGET /api/coupon/all \u001b[36m304 \u001b[0m73.580 ms - -\u001b[0m","service":"eveqestudio-backend","timestamp":"2026-02-23 14:01:44"}
{"level":"http","message":"\u001b[0mGET /api/category/public \u001b[36m304 \u001b[0m91.210 ms - -\u001b[0m","service":"eveqestudio-backend","timestamp":"2026-02-23 14:01:44"}
{"level":"http","message":"\u001b[0mGET /api/product/customer/products \u001b[36m304 \u001b[0m1326.082 ms - -\u001b[0m","service":"eveqestudio-backend","timestamp":"2026-02-23 14:01:45"}
{"level":"http","message":"\u001b[0mGET /api/bxgy-coupon \u001b[36m304 \u001b[0m1351.653 ms - -\u001b[0m","service":"eveqestudio-backend","timestamp":"2026-02-23 14:01:45"}
{"level":"http","message":"\u001b[0mGET /api/coupon/all \u001b[36m304 \u001b[0m1096.567 ms - -\u001b[0m","service":"eveqestudio-backend","timestamp":"2026-02-23 14:01:45"}
{"level":"http","message":"\u001b[0mGET /api/category/public \u001b[36m304 \u001b[0m12.718 ms - -\u001b[0m","service":"eveqestudio-backend","timestamp":"2026-02-23 14:01:45"}
{"level":"http","message":"\u001b[0mGET /api/product/customer/products \u001b[36m304 \u001b[0m1458.298 ms - -\u001b[0m","service":"eveqestudio-backend","timestamp":"2026-02-23 14:01:47"}
{"level":"http","message":"\u001b[0mGET /api/category/public \u001b[0m- \u001b[0m- ms - -\u001b[0m","service":"eveqestudio-backend","timestamp":"2026-02-23 14:01:47"}
{"level":"http","message":"\u001b[0mGET /api/bxgy-coupon \u001b[0m- \u001b[0m- ms - -\u001b[0m","service":"eveqestudio-backend","timestamp":"2026-02-23 14:01:47"}
{"level":"http","message":"\u001b[0mGET /api/coupon/all \u001b[36m304 \u001b[0m10.096 ms - -\u001b[0m","service":"eveqestudio-backend","timestamp":"2026-02-23 14:01:49"}
{"level":"http","message":"\u001b[0mGET /api/category/public \u001b[32m200 \u001b[0m12.929 ms - 4799\u001b[0m","service":"eveqestudio-backend","timestamp":"2026-02-23 14:01:49"}
{"level":"http","message":"\u001b[0mGET /api/product/customer/products \u001b[32m200 \u001b[0m1324.303 ms - 32009\u001b[0m","service":"eveqestudio-backend","timestamp":"2026-02-23 14:01:50"}
{"level":"http","message":"\u001b[0mGET /api/bxgy-coupon \u001b[32m200 \u001b[0m1328.833 ms - 1343\u001b[0m","service":"eveqestudio-backend","timestamp":"2026-02-23 14:01:50"}
{"level":"http","message":"\u001b[0mGET /api/coupon/all \u001b[36m304 \u001b[0m11.514 ms - -\u001b[0m","service":"eveqestudio-backend","timestamp":"2026-02-23 14:01:50"}
{"level":"http","message":"\u001b[0mGET /api/category/public \u001b[36m304 \u001b[0m15.653 ms - -\u001b[0m","service":"eveqestudio-backend","timestamp":"2026-02-23 14:01:50"}
{"level":"http","message":"\u001b[0mGET /api/product/customer/products \u001b[36m304 \u001b[0m1540.506 ms - -\u001b[0m","service":"eveqestudio-backend","timestamp":"2026-02-23 14:01:51"}
{"level":"http","message":"\u001b[0mGET /api/bxgy-coupon \u001b[36m304 \u001b[0m1548.482 ms - -\u001b[0m","service":"eveqestudio-backend","timestamp":"2026-02-23 14:01:51"}
{"level":"http","message":"\u001b[0mGET /api/category/public \u001b[36m304 \u001b[0m12.720 ms - -\u001b[0m","service":"eveqestudio-backend","timestamp":"2026-02-23 14:01:51"}
{"level":"http","message":"\u001b[0mGET /uploads/products/1770699985377-98704428.mp4 \u001b[36m304 \u001b[0m1.477 ms - -\u001b[0m","service":"eveqestudio-backend","timestamp":"2026-02-23 14:01:51"}
{"level":"http","message":"\u001b[0mGET /api/category/public \u001b[36m304 \u001b[0m3.967 ms - -\u001b[0m","service":"eveqestudio-backend","timestamp":"2026-02-23 14:01:51"}
{"level":"http","message":"\u001b[0mGET /api/category/public \u001b[36m304 \u001b[0m3.178 ms - -\u001b[0m","service":"eveqestudio-backend","timestamp":"2026-02-23 14:01:52"}
{"level":"http","message":"\u001b[0mGET /api/category/public \u001b[36m304 \u001b[0m2.265 ms - -\u001b[0m","service":"eveqestudio-backend","timestamp":"2026-02-23 14:01:52"}
{"level":"http","message":"\u001b[0mGET /uploads/categories/1108a604-7165-422d-bd9f-c4795039fef4.jpg \u001b[36m304 \u001b[0m1.703 ms - -\u001b[0m","service":"eveqestudio-backend","timestamp":"2026-02-23 14:01:52"}
{"level":"http","message":"\u001b[0mGET /uploads/categories/9c755664-289a-4fdf-9cef-368c97ee1dc7.jpg \u001b[36m304 \u001b[0m2.072 ms - -\u001b[0m","service":"eveqestudio-backend","timestamp":"2026-02-23 14:01:52"}
{"level":"http","message":"\u001b[0mGET /uploads/categories/bf946713-3129-43b9-90fe-5148796e9620.jpg \u001b[36m304 \u001b[0m2.393 ms - -\u001b[0m","service":"eveqestudio-backend","timestamp":"2026-02-23 14:01:52"}
{"level":"http","message":"\u001b[0mGET /uploads/categories/d2923d48-9ab0-4838-8f54-9002b35c7213.jpg \u001b[36m304 \u001b[0m0.838 ms - -\u001b[0m","service":"eveqestudio-backend","timestamp":"2026-02-23 14:01:52"}
{"level":"http","message":"\u001b[0mGET /uploads/categories/dada3604-d201-40c3-b93a-0669a1066148.jpg \u001b[36m304 \u001b[0m0.543 ms - -\u001b[0m","service":"eveqestudio-backend","timestamp":"2026-02-23 14:01:52"}
{"level":"http","message":"\u001b[0mGET /uploads/categories/7f65856c-1dfa-41a4-8dfb-1b69cbc48129.jpg \u001b[36m304 \u001b[0m0.749 ms - -\u001b[0m","service":"eveqestudio-backend","timestamp":"2026-02-23 14:01:52"}
{"level":"http","message":"\u001b[0mGET /uploads/categories/bc597386-f190-4858-8878-3fab97908911.jpg \u001b[36m304 \u001b[0m0.639 ms - -\u001b[0m","service":"eveqestudio-backend","timestamp":"2026-02-23 14:01:52"}
{"level":"http","message":"\u001b[0mGET /uploads/categories/bea7c1af-d465-4647-b591-3a5df513404b.jpg \u001b[36m304 \u001b[0m0.513 ms - -\u001b[0m","service":"eveqestudio-backend","timestamp":"2026-02-23 14:01:52"}
{"level":"http","message":"\u001b[0mGET /uploads/categories/729f495f-ad45-4288-8d83-d640afe47893.jpg \u001b[36m304 \u001b[0m0.247 ms - -\u001b[0m","service":"eveqestudio-backend","timestamp":"2026-02-23 14:01:52"}
{"level":"http","message":"\u001b[0mGET /uploads/categories/e3f72115-28af-4ce7-8a9c-1c0cc8d40931.jpg \u001b[36m304 \u001b[0m0.476 ms - -\u001b[0m","service":"eveqestudio-backend","timestamp":"2026-02-23 14:01:52"}
{"level":"http","message":"\u001b[0mGET /uploads/categories/4cff487a-664d-4714-bac2-bd583a536f8a.jpg \u001b[36m304 \u001b[0m0.469 ms - -\u001b[0m","service":"eveqestudio-backend","timestamp":"2026-02-23 14:01:52"}
{"level":"http","message":"\u001b[0mGET /uploads/categories/f8c13049-2922-453b-b8c4-30a6ffe810bb.webp \u001b[36m304 \u001b[0m0.529 ms - -\u001b[0m","service":"eveqestudio-backend","timestamp":"2026-02-23 14:01:52"}
{"level":"info","message":"Server is starting...","service":"eveqestudio-backend","timestamp":"2026-02-23 14:28:39"}
{"level":"info","message":"Server running on port 5000","service":"eveqestudio-backend","timestamp":"2026-02-23 14:28:39"}
{"level":"info","message":"Server is starting...","service":"eveqestudio-backend","timestamp":"2026-02-23 14:32:51"}
{"level":"info","message":"Server running on port 5000","service":"eveqestudio-backend","timestamp":"2026-02-23 14:32:51"}
{"level":"info","message":"Server is starting...","service":"eveqestudio-backend","timestamp":"2026-02-23 14:34:29"}
{"level":"info","message":"Server running on port 5000","service":"eveqestudio-backend","timestamp":"2026-02-23 14:34:29"}
{"level":"info","message":"Server is starting...","service":"eveqestudio-backend","timestamp":"2026-02-23 14:35:05"}
{"level":"info","message":"Server running on port 5000","service":"eveqestudio-backend","timestamp":"2026-02-23 14:35:05"}
{"level":"info","message":"Server is starting...","service":"eveqestudio-backend","timestamp":"2026-02-23 14:35:38"}
{"level":"info","message":"Server running on port 5000","service":"eveqestudio-backend","timestamp":"2026-02-23 14:35:38"}
{"level":"info","message":"Server is starting...","service":"eveqestudio-backend","timestamp":"2026-02-23 14:40:23"}
{"level":"info","message":"Server running on port 5000","service":"eveqestudio-backend","timestamp":"2026-02-23 14:40:23"}
{"level":"info","message":"Server is starting...","service":"eveqestudio-backend","timestamp":"2026-02-23 14:43:50"}
{"level":"info","message":"Server running on port 5000","service":"eveqestudio-backend","timestamp":"2026-02-23 14:43:50"}
{"level":"info","message":"Server is starting...","service":"eveqestudio-backend","timestamp":"2026-02-23 14:46:28"}
{"level":"info","message":"Server running on port 5000","service":"eveqestudio-backend","timestamp":"2026-02-23 14:46:28"}
{"level":"info","message":"Server is starting...","service":"eveqestudio-backend","timestamp":"2026-02-23 15:09:42"}
{"level":"info","message":"Server running on port 5000","service":"eveqestudio-backend","timestamp":"2026-02-23 15:09:42"}
{"level":"info","message":"Server is starting...","service":"eveqestudio-backend","timestamp":"2026-02-23 15:15:04"}
{"level":"info","message":"Server running on port 5000","service":"eveqestudio-backend","timestamp":"2026-02-23 15:15:04"}
{"level":"info","message":"Server is starting...","service":"eveqestudio-backend","timestamp":"2026-02-23 15:47:13"}
{"level":"info","message":"Server running on port 5000","service":"eveqestudio-backend","timestamp":"2026-02-23 15:47:13"}
{"level":"info","message":"Server is starting...","service":"eveqestudio-backend","timestamp":"2026-02-23 15:47:24"}
{"level":"info","message":"Server running on port 5000","service":"eveqestudio-backend","timestamp":"2026-02-23 15:47:24"}
{"level":"http","message":"\u001b[0mOPTIONS /api/auth/login \u001b[32m204 \u001b[0m2.976 ms - 0\u001b[0m","service":"eveqestudio-backend","timestamp":"2026-02-23 16:22:20"}
{"level":"http","message":"\u001b[0mPOST /api/auth/login \u001b[32m200 \u001b[0m200.060 ms - 490\u001b[0m","service":"eveqestudio-backend","timestamp":"2026-02-23 16:22:20"}
{"level":"http","message":"\u001b[0mOPTIONS /api/cart \u001b[32m204 \u001b[0m0.152 ms - 0\u001b[0m","service":"eveqestudio-backend","timestamp":"2026-02-23 16:22:20"}
{"level":"http","message":"\u001b[0mOPTIONS /api/bxgy-coupon \u001b[32m204 \u001b[0m0.239 ms - 0\u001b[0m","service":"eveqestudio-backend","timestamp":"2026-02-23 16:22:20"}
{"level":"http","message":"\u001b[0mOPTIONS /api/bxgy-coupon \u001b[32m204 \u001b[0m0.087 ms - 0\u001b[0m","service":"eveqestudio-backend","timestamp":"2026-02-23 16:22:20"}
{"level":"http","message":"\u001b[0mGET /api/cart \u001b[32m200 \u001b[0m60.741 ms - 813\u001b[0m","service":"eveqestudio-backend","timestamp":"2026-02-23 16:22:20"}
{"level":"http","message":"\u001b[0mGET /api/coupon/all \u001b[36m304 \u001b[0m46.381 ms - -\u001b[0m","service":"eveqestudio-backend","timestamp":"2026-02-23 16:22:20"}
{"level":"http","message":"\u001b[0mGET /api/category/public \u001b[36m304 \u001b[0m52.971 ms - -\u001b[0m","service":"eveqestudio-backend","timestamp":"2026-02-23 16:22:20"}
{"level":"http","message":"\u001b[0mGET /api/product/customer/products \u001b[36m304 \u001b[0m1880.936 ms - -\u001b[0m","service":"eveqestudio-backend","timestamp":"2026-02-23 16:22:22"}
{"level":"http","message":"\u001b[0mOPTIONS /api/auth/me \u001b[32m204 \u001b[0m0.295 ms - 0\u001b[0m","service":"eveqestudio-backend","timestamp":"2026-02-23 16:22:22"}
{"level":"http","message":"\u001b[0mOPTIONS /api/auth/me \u001b[32m204 \u001b[0m0.299 ms - 0\u001b[0m","service":"eveqestudio-backend","timestamp":"2026-02-23 16:22:22"}
{"level":"http","message":"\u001b[0mGET /api/coupon/all \u001b[36m304 \u001b[0m1848.204 ms - -\u001b[0m","service":"eveqestudio-backend","timestamp":"2026-02-23 16:22:22"}
{"level":"http","message":"\u001b[0mGET /api/bxgy-coupon \u001b[36m304 \u001b[0m1891.285 ms - -\u001b[0m","service":"eveqestudio-backend","timestamp":"2026-02-23 16:22:22"}
{"level":"http","message":"\u001b[0mGET /api/category/public \u001b[36m304 \u001b[0m1864.627 ms - -\u001b[0m","service":"eveqestudio-backend","timestamp":"2026-02-23 16:22:22"}
{"level":"http","message":"\u001b[0mGET /api/auth/me \u001b[36m304 \u001b[0m114.776 ms - -\u001b[0m","service":"eveqestudio-backend","timestamp":"2026-02-23 16:22:22"}
{"level":"http","message":"\u001b[0mGET /api/product/customer/products \u001b[36m304 \u001b[0m1497.206 ms - -\u001b[0m","service":"eveqestudio-backend","timestamp":"2026-02-23 16:22:23"}
{"level":"http","message":"\u001b[0mGET /api/category/public \u001b[36m304 \u001b[0m23.186 ms - -\u001b[0m","service":"eveqestudio-backend","timestamp":"2026-02-23 16:22:23"}
{"level":"http","message":"\u001b[0mGET /api/auth/me \u001b[36m304 \u001b[0m21.591 ms - -\u001b[0m","service":"eveqestudio-backend","timestamp":"2026-02-23 16:22:23"}
{"level":"http","message":"\u001b[0mGET /api/coupon/all \u001b[36m304 \u001b[0m22.680 ms - -\u001b[0m","service":"eveqestudio-backend","timestamp":"2026-02-23 16:22:23"}
{"level":"http","message":"\u001b[0mGET /api/bxgy-coupon \u001b[36m304 \u001b[0m1407.259 ms - -\u001b[0m","service":"eveqestudio-backend","timestamp":"2026-02-23 16:22:23"}
{"level":"http","message":"\u001b[0mGET /api/category/public \u001b[36m304 \u001b[0m5.781 ms - -\u001b[0m","service":"eveqestudio-backend","timestamp":"2026-02-23 16:22:23"}
{"level":"http","message":"\u001b[0mGET /api/coupon/all \u001b[36m304 \u001b[0m7.282 ms - -\u001b[0m","service":"eveqestudio-backend","timestamp":"2026-02-23 16:22:23"}
{"level":"http","message":"\u001b[0mGET /api/bxgy-coupon \u001b[36m304 \u001b[0m12.230 ms - -\u001b[0m","service":"eveqestudio-backend","timestamp":"2026-02-23 16:22:23"}
{"level":"http","message":"\u001b[0mGET /api/category/public \u001b[36m304 \u001b[0m5.023 ms - -\u001b[0m","service":"eveqestudio-backend","timestamp":"2026-02-23 16:22:23"}
{"level":"http","message":"\u001b[0mGET /api/category/public \u001b[36m304 \u001b[0m13.644 ms - -\u001b[0m","service":"eveqestudio-backend","timestamp":"2026-02-23 16:22:23"}
{"level":"http","message":"\u001b[0mGET /api/bxgy-coupon \u001b[36m304 \u001b[0m21.121 ms - -\u001b[0m","service":"eveqestudio-backend","timestamp":"2026-02-23 16:22:23"}
{"level":"http","message":"\u001b[0mGET /api/category/public \u001b[36m304 \u001b[0m4.426 ms - -\u001b[0m","service":"eveqestudio-backend","timestamp":"2026-02-23 16:22:23"}
{"level":"http","message":"\u001b[0mGET /api/category/public \u001b[36m304 \u001b[0m6.773 ms - -\u001b[0m","service":"eveqestudio-backend","timestamp":"2026-02-23 16:22:23"}
{"level":"http","message":"\u001b[0mGET /api/category/public \u001b[36m304 \u001b[0m6.871 ms - -\u001b[0m","service":"eveqestudio-backend","timestamp":"2026-02-23 16:22:23"}
{"level":"http","message":"\u001b[0mGET /api/category/public \u001b[36m304 \u001b[0m8.896 ms - -\u001b[0m","service":"eveqestudio-backend","timestamp":"2026-02-23 16:22:23"}
{"level":"info","message":"Server is starting...","service":"eveqestudio-backend","timestamp":"2026-02-23 17:25:00"}
{"level":"info","message":"Server running on port 5000","service":"eveqestudio-backend","timestamp":"2026-02-23 17:25:00"}
{"level":"info","message":"Server is starting...","service":"eveqestudio-backend","timestamp":"2026-02-23 17:25:11"}
{"level":"info","message":"Server running on port 5000","service":"eveqestudio-backend","timestamp":"2026-02-23 17:25:11"}
{"level":"info","message":"Server is starting...","service":"eveqestudio-backend","timestamp":"2026-02-23 17:26:42"}
{"level":"info","message":"Server running on port 5000","service":"eveqestudio-backend","timestamp":"2026-02-23 17:26:42"}
{"level":"info","message":"Server is starting...","service":"eveqestudio-backend","timestamp":"2026-02-23 17:26:57"}
{"level":"info","message":"Server running on port 5000","service":"eveqestudio-backend","timestamp":"2026-02-23 17:26:57"}
{"level":"info","message":"Server is starting...","service":"eveqestudio-backend","timestamp":"2026-02-23 17:27:10"}
{"level":"info","message":"Server running on port 5000","service":"eveqestudio-backend","timestamp":"2026-02-23 17:27:10"}
{"level":"info","message":"Server is starting...","service":"eveqestudio-backend","timestamp":"2026-02-23 17:27:25"}
{"level":"info","message":"Server running on port 5000","service":"eveqestudio-backend","timestamp":"2026-02-23 17:27:25"}
{"level":"info","message":"Server is starting...","service":"eveqestudio-backend","timestamp":"2026-02-23 17:27:32"}
{"level":"info","message":"Server running on port 5000","service":"eveqestudio-backend","timestamp":"2026-02-23 17:27:32"}
{"level":"info","message":"Server is starting...","service":"eveqestudio-backend","timestamp":"2026-02-23 17:27:36"}
{"level":"info","message":"Server running on port 5000","service":"eveqestudio-backend","timestamp":"2026-02-23 17:27:36"}
{"level":"info","message":"Server is starting...","service":"eveqestudio-backend","timestamp":"2026-02-23 17:27:42"}
{"level":"info","message":"Server running on port 5000","service":"eveqestudio-backend","timestamp":"2026-02-23 17:27:42"}
{"level":"info","message":"Server is starting...","service":"eveqestudio-backend","timestamp":"2026-02-23 17:27:46"}
{"level":"info","message":"Server running on port 5000","service":"eveqestudio-backend","timestamp":"2026-02-23 17:27:46"}
{"level":"info","message":"Server is starting...","service":"eveqestudio-backend","timestamp":"2026-02-23 17:30:56"}
{"level":"info","message":"Server running on port 5000","service":"eveqestudio-backend","timestamp":"2026-02-23 17:30:56"}
{"level":"info","message":"Server is starting...","service":"eveqestudio-backend","timestamp":"2026-02-23 17:31:29"}
{"level":"info","message":"Server running on port 5000","service":"eveqestudio-backend","timestamp":"2026-02-23 17:31:29"}
{"level":"info","message":"Server is starting...","service":"eveqestudio-backend","timestamp":"2026-02-23 17:50:49"}
{"level":"info","message":"Server running on port 5000","service":"eveqestudio-backend","timestamp":"2026-02-23 17:50:49"}
